[2023-02-11 23:08:10,716] {dag_processing.py:590} INFO - Processing files using up to 2 processes at a time 
[2023-02-11 23:08:10,716] {dag_processing.py:591} INFO - Process each file at most once every 30 seconds
[2023-02-11 23:08:10,717] {dag_processing.py:593} INFO - Checking for new files in /opt/airflow/dags every 300 seconds
[2023-02-11 23:08:10,717] {dag_processing.py:731} INFO - Searching for files in /opt/airflow/dags
[2023-02-11 23:08:10,723] {dag_processing.py:734} INFO - There are 26 files in /opt/airflow/dags
[2023-02-11 23:08:10,829] {dag_processing.py:1071} INFO - Finding 'running' jobs without a recent heartbeat
[2023-02-11 23:08:10,830] {dag_processing.py:1075} INFO - Failing jobs without heartbeat after 2023-02-11 23:03:10.830458+00:00
[2023-02-11 23:08:10,901] {dag_processing.py:838} INFO - 
================================================================================
DAG File Processing Stats

File Path                                                                                                           PID  Runtime      # DAGs    # Errors  Last Runtime    Last Run
----------------------------------------------------------------------------------------------------------------  -----  ---------  --------  ----------  --------------  ----------
/home/airflow/.local/lib/python3.6/site-packages/airflow/example_dags/example_bash_operator.py                                             0           0
/home/airflow/.local/lib/python3.6/site-packages/airflow/example_dags/example_branch_operator.py                                           0           0
/home/airflow/.local/lib/python3.6/site-packages/airflow/example_dags/example_branch_python_dop_operator_3.py                              0           0
/home/airflow/.local/lib/python3.6/site-packages/airflow/example_dags/example_complex.py                                                   0           0
/home/airflow/.local/lib/python3.6/site-packages/airflow/example_dags/example_dag_decorator.py                                             0           0
/home/airflow/.local/lib/python3.6/site-packages/airflow/example_dags/example_external_task_marker_dag.py                                  0           0
/home/airflow/.local/lib/python3.6/site-packages/airflow/example_dags/example_kubernetes_executor.py                                       0           0
/home/airflow/.local/lib/python3.6/site-packages/airflow/example_dags/example_kubernetes_executor_config.py                                0           0
/home/airflow/.local/lib/python3.6/site-packages/airflow/example_dags/example_latest_only.py                                               0           0
/home/airflow/.local/lib/python3.6/site-packages/airflow/example_dags/example_latest_only_with_trigger.py                                  0           0
/home/airflow/.local/lib/python3.6/site-packages/airflow/example_dags/example_nested_branch_dag.py                                         0           0
/home/airflow/.local/lib/python3.6/site-packages/airflow/example_dags/example_passing_params_via_test_command.py     54  0.07s             0           0
/home/airflow/.local/lib/python3.6/site-packages/airflow/example_dags/example_python_operator.py                                           0           0
/home/airflow/.local/lib/python3.6/site-packages/airflow/example_dags/example_short_circuit_operator.py                                    0           0
/home/airflow/.local/lib/python3.6/site-packages/airflow/example_dags/example_skip_dag.py                                                  0           0
/home/airflow/.local/lib/python3.6/site-packages/airflow/example_dags/example_subdag_operator.py                                           0           0
/home/airflow/.local/lib/python3.6/site-packages/airflow/example_dags/example_task_group.py                                                0           0
/home/airflow/.local/lib/python3.6/site-packages/airflow/example_dags/example_trigger_controller_dag.py                                    0           0
/home/airflow/.local/lib/python3.6/site-packages/airflow/example_dags/example_trigger_target_dag.py                                        0           0
/home/airflow/.local/lib/python3.6/site-packages/airflow/example_dags/example_xcom.py                                                      0           0
/home/airflow/.local/lib/python3.6/site-packages/airflow/example_dags/example_xcomargs.py                                                  0           0
/home/airflow/.local/lib/python3.6/site-packages/airflow/example_dags/test_utils.py                                                        0           0
/home/airflow/.local/lib/python3.6/site-packages/airflow/example_dags/tutorial.py                                    53  0.08s             0           0
/home/airflow/.local/lib/python3.6/site-packages/airflow/example_dags/tutorial_etl_dag.py                                                  0           0
/home/airflow/.local/lib/python3.6/site-packages/airflow/example_dags/tutorial_taskflow_api_etl.py                                         0           0
/home/airflow/.local/lib/python3.6/site-packages/airflow/example_dags/subdags/subdag.py                                                    0           0
================================================================================
[2023-02-11 23:08:20,935] {dag_processing.py:1071} INFO - Finding 'running' jobs without a recent heartbeat
[2023-02-11 23:08:20,935] {dag_processing.py:1075} INFO - Failing jobs without heartbeat after 2023-02-11 23:03:20.935797+00:00
[2023-02-11 23:08:30,997] {dag_processing.py:1071} INFO - Finding 'running' jobs without a recent heartbeat
[2023-02-11 23:08:30,997] {dag_processing.py:1075} INFO - Failing jobs without heartbeat after 2023-02-11 23:03:30.997315+00:00
[2023-02-11 23:08:41,022] {dag_processing.py:1071} INFO - Finding 'running' jobs without a recent heartbeat
[2023-02-11 23:08:41,022] {dag_processing.py:1075} INFO - Failing jobs without heartbeat after 2023-02-11 23:03:41.022731+00:00
[2023-02-11 23:08:41,030] {dag_processing.py:838} INFO - 
================================================================================
DAG File Processing Stats

File Path                                                                                                         PID    Runtime      # DAGs    # Errors  Last Runtime    Last Run
----------------------------------------------------------------------------------------------------------------  -----  ---------  --------  ----------  --------------  -------------------
/home/airflow/.local/lib/python3.6/site-packages/airflow/example_dags/subdags/subdag.py                                                    0           0  0.06s           2023-02-11T23:08:12
/home/airflow/.local/lib/python3.6/site-packages/airflow/example_dags/example_bash_operator.py                                             1           0  0.25s           2023-02-11T23:08:12
/home/airflow/.local/lib/python3.6/site-packages/airflow/example_dags/example_branch_operator.py                                           1           0  0.16s           2023-02-11T23:08:11
/home/airflow/.local/lib/python3.6/site-packages/airflow/example_dags/example_branch_python_dop_operator_3.py                              1           0  0.15s           2023-02-11T23:08:13
/home/airflow/.local/lib/python3.6/site-packages/airflow/example_dags/example_complex.py                                                   1           0  0.13s           2023-02-11T23:08:11
/home/airflow/.local/lib/python3.6/site-packages/airflow/example_dags/example_dag_decorator.py                                             1           0  0.16s           2023-02-11T23:08:12
/home/airflow/.local/lib/python3.6/site-packages/airflow/example_dags/example_kubernetes_executor.py                                       1           0  0.20s           2023-02-11T23:08:11
/home/airflow/.local/lib/python3.6/site-packages/airflow/example_dags/example_kubernetes_executor_config.py                                1           0  0.21s           2023-02-11T23:08:12
/home/airflow/.local/lib/python3.6/site-packages/airflow/example_dags/example_latest_only.py                                               1           0  0.17s           2023-02-11T23:08:12
/home/airflow/.local/lib/python3.6/site-packages/airflow/example_dags/example_latest_only_with_trigger.py                                  1           0  0.12s           2023-02-11T23:08:11
/home/airflow/.local/lib/python3.6/site-packages/airflow/example_dags/example_nested_branch_dag.py                                         1           0  0.16s           2023-02-11T23:08:12
/home/airflow/.local/lib/python3.6/site-packages/airflow/example_dags/example_passing_params_via_test_command.py                           1           0  0.26s           2023-02-11T23:08:11
/home/airflow/.local/lib/python3.6/site-packages/airflow/example_dags/example_python_operator.py                                           1           0  0.25s           2023-02-11T23:08:11
/home/airflow/.local/lib/python3.6/site-packages/airflow/example_dags/example_short_circuit_operator.py                                    1           0  0.14s           2023-02-11T23:08:11
/home/airflow/.local/lib/python3.6/site-packages/airflow/example_dags/example_skip_dag.py                                                  1           0  0.12s           2023-02-11T23:08:11
/home/airflow/.local/lib/python3.6/site-packages/airflow/example_dags/example_task_group.py                                                1           0  0.12s           2023-02-11T23:08:12
/home/airflow/.local/lib/python3.6/site-packages/airflow/example_dags/example_trigger_controller_dag.py                                    1           0  0.12s           2023-02-11T23:08:12
/home/airflow/.local/lib/python3.6/site-packages/airflow/example_dags/example_trigger_target_dag.py                                        1           0  0.13s           2023-02-11T23:08:11
/home/airflow/.local/lib/python3.6/site-packages/airflow/example_dags/example_xcom.py                                                      1           0  0.12s           2023-02-11T23:08:12
/home/airflow/.local/lib/python3.6/site-packages/airflow/example_dags/test_utils.py                                                        1           0  0.08s           2023-02-11T23:08:12
/home/airflow/.local/lib/python3.6/site-packages/airflow/example_dags/tutorial.py                                                          1           0  0.21s           2023-02-11T23:08:11
/home/airflow/.local/lib/python3.6/site-packages/airflow/example_dags/tutorial_etl_dag.py                                                  1           0  0.16s           2023-02-11T23:08:11
/home/airflow/.local/lib/python3.6/site-packages/airflow/example_dags/tutorial_taskflow_api_etl.py                                         1           0  0.13s           2023-02-11T23:08:12
/home/airflow/.local/lib/python3.6/site-packages/airflow/example_dags/example_external_task_marker_dag.py                                  2           0  0.18s           2023-02-11T23:08:11
/home/airflow/.local/lib/python3.6/site-packages/airflow/example_dags/example_xcomargs.py                                                  2           0  0.14s           2023-02-11T23:08:11
/home/airflow/.local/lib/python3.6/site-packages/airflow/example_dags/example_subdag_operator.py                                           3           0  0.17s           2023-02-11T23:08:12
================================================================================
[2023-02-11 23:08:51,325] {dag_processing.py:1071} INFO - Finding 'running' jobs without a recent heartbeat
[2023-02-11 23:08:51,325] {dag_processing.py:1075} INFO - Failing jobs without heartbeat after 2023-02-11 23:03:51.325484+00:00
[2023-02-11 23:09:01,362] {dag_processing.py:1071} INFO - Finding 'running' jobs without a recent heartbeat
[2023-02-11 23:09:01,362] {dag_processing.py:1075} INFO - Failing jobs without heartbeat after 2023-02-11 23:04:01.362444+00:00
[2023-02-11 23:09:11,388] {dag_processing.py:1071} INFO - Finding 'running' jobs without a recent heartbeat
[2023-02-11 23:09:11,389] {dag_processing.py:1075} INFO - Failing jobs without heartbeat after 2023-02-11 23:04:11.389206+00:00
[2023-02-11 23:09:11,410] {dag_processing.py:838} INFO - 
================================================================================
DAG File Processing Stats

File Path                                                                                                           PID  Runtime      # DAGs    # Errors  Last Runtime    Last Run
----------------------------------------------------------------------------------------------------------------  -----  ---------  --------  ----------  --------------  -------------------
/home/airflow/.local/lib/python3.6/site-packages/airflow/example_dags/subdags/subdag.py                                                    0           0  0.03s           2023-02-11T23:08:42
/home/airflow/.local/lib/python3.6/site-packages/airflow/example_dags/example_bash_operator.py                                             1           0  0.08s           2023-02-11T23:08:43
/home/airflow/.local/lib/python3.6/site-packages/airflow/example_dags/example_branch_operator.py                                           1           0  0.15s           2023-02-11T23:08:42
/home/airflow/.local/lib/python3.6/site-packages/airflow/example_dags/example_branch_python_dop_operator_3.py                              1           0  0.09s           2023-02-11T23:08:43
/home/airflow/.local/lib/python3.6/site-packages/airflow/example_dags/example_complex.py                                                   1           0  0.09s           2023-02-11T23:08:43
/home/airflow/.local/lib/python3.6/site-packages/airflow/example_dags/example_dag_decorator.py                                             1           0  0.09s           2023-02-11T23:08:43
/home/airflow/.local/lib/python3.6/site-packages/airflow/example_dags/example_kubernetes_executor.py                                       1           0  0.08s           2023-02-11T23:08:42
/home/airflow/.local/lib/python3.6/site-packages/airflow/example_dags/example_kubernetes_executor_config.py                                1           0  0.08s           2023-02-11T23:08:43
/home/airflow/.local/lib/python3.6/site-packages/airflow/example_dags/example_latest_only.py                                               1           0  0.07s           2023-02-11T23:08:43
/home/airflow/.local/lib/python3.6/site-packages/airflow/example_dags/example_latest_only_with_trigger.py                                  1           0  0.08s           2023-02-11T23:08:42
/home/airflow/.local/lib/python3.6/site-packages/airflow/example_dags/example_nested_branch_dag.py                                         1           0  0.09s           2023-02-11T23:08:43
/home/airflow/.local/lib/python3.6/site-packages/airflow/example_dags/example_passing_params_via_test_command.py    106  0.01s             1           0  0.10s           2023-02-11T23:08:41
/home/airflow/.local/lib/python3.6/site-packages/airflow/example_dags/example_python_operator.py                                           1           0  0.08s           2023-02-11T23:08:42
/home/airflow/.local/lib/python3.6/site-packages/airflow/example_dags/example_short_circuit_operator.py                                    1           0  0.09s           2023-02-11T23:08:42
/home/airflow/.local/lib/python3.6/site-packages/airflow/example_dags/example_skip_dag.py                                                  1           0  0.07s           2023-02-11T23:08:42
/home/airflow/.local/lib/python3.6/site-packages/airflow/example_dags/example_task_group.py                                                1           0  0.07s           2023-02-11T23:08:42
/home/airflow/.local/lib/python3.6/site-packages/airflow/example_dags/example_trigger_controller_dag.py                                    1           0  0.08s           2023-02-11T23:08:42
/home/airflow/.local/lib/python3.6/site-packages/airflow/example_dags/example_trigger_target_dag.py                                        1           0  0.08s           2023-02-11T23:08:41
/home/airflow/.local/lib/python3.6/site-packages/airflow/example_dags/example_xcom.py                                                      1           0  0.08s           2023-02-11T23:08:42
/home/airflow/.local/lib/python3.6/site-packages/airflow/example_dags/test_utils.py                                                        1           0  0.07s           2023-02-11T23:08:43
/home/airflow/.local/lib/python3.6/site-packages/airflow/example_dags/tutorial.py                                   105  0.01s             1           0  0.07s           2023-02-11T23:08:41
/home/airflow/.local/lib/python3.6/site-packages/airflow/example_dags/tutorial_etl_dag.py                                                  1           0  0.09s           2023-02-11T23:08:41
/home/airflow/.local/lib/python3.6/site-packages/airflow/example_dags/tutorial_taskflow_api_etl.py                                         1           0  0.09s           2023-02-11T23:08:43
/home/airflow/.local/lib/python3.6/site-packages/airflow/example_dags/example_external_task_marker_dag.py                                  2           0  0.10s           2023-02-11T23:08:41
/home/airflow/.local/lib/python3.6/site-packages/airflow/example_dags/example_xcomargs.py                                                  2           0  0.08s           2023-02-11T23:08:41
/home/airflow/.local/lib/python3.6/site-packages/airflow/example_dags/example_subdag_operator.py                                           3           0  0.14s           2023-02-11T23:08:42
================================================================================
[2023-02-11 23:09:22,153] {dag_processing.py:1071} INFO - Finding 'running' jobs without a recent heartbeat
[2023-02-11 23:09:22,153] {dag_processing.py:1075} INFO - Failing jobs without heartbeat after 2023-02-11 23:04:22.153716+00:00
[2023-02-11 23:09:32,183] {dag_processing.py:1071} INFO - Finding 'running' jobs without a recent heartbeat
[2023-02-11 23:09:32,186] {dag_processing.py:1075} INFO - Failing jobs without heartbeat after 2023-02-11 23:04:32.186297+00:00
[2023-02-11 23:09:42,218] {dag_processing.py:1071} INFO - Finding 'running' jobs without a recent heartbeat
[2023-02-11 23:09:42,218] {dag_processing.py:1075} INFO - Failing jobs without heartbeat after 2023-02-11 23:04:42.218753+00:00
[2023-02-11 23:09:42,235] {dag_processing.py:838} INFO - 
================================================================================
DAG File Processing Stats

File Path                                                                                                           PID  Runtime      # DAGs    # Errors  Last Runtime    Last Run
----------------------------------------------------------------------------------------------------------------  -----  ---------  --------  ----------  --------------  -------------------
/home/airflow/.local/lib/python3.6/site-packages/airflow/example_dags/subdags/subdag.py                                                    0           0  0.03s           2023-02-11T23:09:14
/home/airflow/.local/lib/python3.6/site-packages/airflow/example_dags/example_bash_operator.py                                             1           0  0.13s           2023-02-11T23:09:15
/home/airflow/.local/lib/python3.6/site-packages/airflow/example_dags/example_branch_operator.py                                           1           0  0.16s           2023-02-11T23:09:14
/home/airflow/.local/lib/python3.6/site-packages/airflow/example_dags/example_branch_python_dop_operator_3.py                              1           0  0.19s           2023-02-11T23:09:15
/home/airflow/.local/lib/python3.6/site-packages/airflow/example_dags/example_complex.py                                                   1           0  0.19s           2023-02-11T23:09:14
/home/airflow/.local/lib/python3.6/site-packages/airflow/example_dags/example_dag_decorator.py                                             1           0  0.10s           2023-02-11T23:09:14
/home/airflow/.local/lib/python3.6/site-packages/airflow/example_dags/example_kubernetes_executor.py                                       1           0  0.16s           2023-02-11T23:09:14
/home/airflow/.local/lib/python3.6/site-packages/airflow/example_dags/example_kubernetes_executor_config.py                                1           0  0.13s           2023-02-11T23:09:15
/home/airflow/.local/lib/python3.6/site-packages/airflow/example_dags/example_latest_only.py                                               1           0  0.08s           2023-02-11T23:09:14
/home/airflow/.local/lib/python3.6/site-packages/airflow/example_dags/example_latest_only_with_trigger.py                                  1           0  0.09s           2023-02-11T23:09:14
/home/airflow/.local/lib/python3.6/site-packages/airflow/example_dags/example_nested_branch_dag.py                                         1           0  0.11s           2023-02-11T23:09:15
/home/airflow/.local/lib/python3.6/site-packages/airflow/example_dags/example_passing_params_via_test_command.py    132  0.00s             1           0  0.09s           2023-02-11T23:09:11
/home/airflow/.local/lib/python3.6/site-packages/airflow/example_dags/example_python_operator.py                                           1           0  0.20s           2023-02-11T23:09:14
/home/airflow/.local/lib/python3.6/site-packages/airflow/example_dags/example_short_circuit_operator.py                                    1           0  0.13s           2023-02-11T23:09:14
/home/airflow/.local/lib/python3.6/site-packages/airflow/example_dags/example_skip_dag.py                                                  1           0  0.11s           2023-02-11T23:09:14
/home/airflow/.local/lib/python3.6/site-packages/airflow/example_dags/example_task_group.py                                                1           0  0.10s           2023-02-11T23:09:14
/home/airflow/.local/lib/python3.6/site-packages/airflow/example_dags/example_trigger_controller_dag.py                                    1           0  0.09s           2023-02-11T23:09:14
/home/airflow/.local/lib/python3.6/site-packages/airflow/example_dags/example_trigger_target_dag.py                                        1           0  2.22s           2023-02-11T23:09:13
/home/airflow/.local/lib/python3.6/site-packages/airflow/example_dags/example_xcom.py                                                      1           0  0.14s           2023-02-11T23:09:14
/home/airflow/.local/lib/python3.6/site-packages/airflow/example_dags/test_utils.py                                                        1           0  0.09s           2023-02-11T23:09:14
/home/airflow/.local/lib/python3.6/site-packages/airflow/example_dags/tutorial.py                                   131  0.01s             1           0  0.09s           2023-02-11T23:09:11
/home/airflow/.local/lib/python3.6/site-packages/airflow/example_dags/tutorial_etl_dag.py                                                  1           0  1.87s           2023-02-11T23:09:13
/home/airflow/.local/lib/python3.6/site-packages/airflow/example_dags/tutorial_taskflow_api_etl.py                                         1           0  0.10s           2023-02-11T23:09:14
/home/airflow/.local/lib/python3.6/site-packages/airflow/example_dags/example_external_task_marker_dag.py                                  2           0  0.59s           2023-02-11T23:09:12
/home/airflow/.local/lib/python3.6/site-packages/airflow/example_dags/example_xcomargs.py                                                  2           0  0.30s           2023-02-11T23:09:14
/home/airflow/.local/lib/python3.6/site-packages/airflow/example_dags/example_subdag_operator.py                                           3           0  0.13s           2023-02-11T23:09:14
================================================================================
