[2023-02-11 23:08:11,383] {scheduler_job.py:182} INFO - Started process (PID=59) to work on /home/airflow/.local/lib/python3.6/site-packages/airflow/example_dags/example_python_operator.py
[2023-02-11 23:08:11,384] {scheduler_job.py:629} INFO - Processing file /home/airflow/.local/lib/python3.6/site-packages/airflow/example_dags/example_python_operator.py for tasks to queue
[2023-02-11 23:08:11,384] {logging_mixin.py:104} INFO - [2023-02-11 23:08:11,384] {dagbag.py:448} INFO - Filling up the DagBag from /home/airflow/.local/lib/python3.6/site-packages/airflow/example_dags/example_python_operator.py
[2023-02-11 23:08:11,397] {scheduler_job.py:639} INFO - DAG(s) dict_keys(['example_python_operator']) retrieved from /home/airflow/.local/lib/python3.6/site-packages/airflow/example_dags/example_python_operator.py
[2023-02-11 23:08:11,421] {logging_mixin.py:104} INFO - [2023-02-11 23:08:11,421] {dag.py:1818} INFO - Sync 1 DAGs
[2023-02-11 23:08:11,433] {logging_mixin.py:104} INFO - [2023-02-11 23:08:11,433] {dag.py:1837} INFO - Creating ORM DAG for example_python_operator
[2023-02-11 23:08:11,438] {logging_mixin.py:104} INFO - [2023-02-11 23:08:11,438] {dag.py:2273} INFO - Setting next_dagrun for example_python_operator to None
[2023-02-11 23:08:11,520] {scheduler_job.py:190} INFO - Processing /home/airflow/.local/lib/python3.6/site-packages/airflow/example_dags/example_python_operator.py took 0.172 seconds
[2023-02-11 23:08:42,735] {scheduler_job.py:182} INFO - Started process (PID=91) to work on /home/airflow/.local/lib/python3.6/site-packages/airflow/example_dags/example_python_operator.py
[2023-02-11 23:08:42,736] {scheduler_job.py:629} INFO - Processing file /home/airflow/.local/lib/python3.6/site-packages/airflow/example_dags/example_python_operator.py for tasks to queue
[2023-02-11 23:08:42,736] {logging_mixin.py:104} INFO - [2023-02-11 23:08:42,736] {dagbag.py:448} INFO - Filling up the DagBag from /home/airflow/.local/lib/python3.6/site-packages/airflow/example_dags/example_python_operator.py
[2023-02-11 23:08:42,747] {scheduler_job.py:639} INFO - DAG(s) dict_keys(['example_python_operator']) retrieved from /home/airflow/.local/lib/python3.6/site-packages/airflow/example_dags/example_python_operator.py
[2023-02-11 23:08:42,763] {logging_mixin.py:104} INFO - [2023-02-11 23:08:42,763] {dag.py:1818} INFO - Sync 1 DAGs
[2023-02-11 23:08:42,775] {logging_mixin.py:104} INFO - [2023-02-11 23:08:42,775] {dag.py:2273} INFO - Setting next_dagrun for example_python_operator to None
[2023-02-11 23:08:42,800] {scheduler_job.py:190} INFO - Processing /home/airflow/.local/lib/python3.6/site-packages/airflow/example_dags/example_python_operator.py took 0.067 seconds
[2023-02-11 23:09:13,957] {scheduler_job.py:182} INFO - Started process (PID=111) to work on /home/airflow/.local/lib/python3.6/site-packages/airflow/example_dags/example_python_operator.py
[2023-02-11 23:09:13,958] {scheduler_job.py:629} INFO - Processing file /home/airflow/.local/lib/python3.6/site-packages/airflow/example_dags/example_python_operator.py for tasks to queue
[2023-02-11 23:09:13,958] {logging_mixin.py:104} INFO - [2023-02-11 23:09:13,958] {dagbag.py:448} INFO - Filling up the DagBag from /home/airflow/.local/lib/python3.6/site-packages/airflow/example_dags/example_python_operator.py
[2023-02-11 23:09:13,968] {scheduler_job.py:639} INFO - DAG(s) dict_keys(['example_python_operator']) retrieved from /home/airflow/.local/lib/python3.6/site-packages/airflow/example_dags/example_python_operator.py
[2023-02-11 23:09:13,987] {logging_mixin.py:104} INFO - [2023-02-11 23:09:13,986] {dag.py:1818} INFO - Sync 1 DAGs
[2023-02-11 23:09:13,999] {logging_mixin.py:104} INFO - [2023-02-11 23:09:13,999] {dag.py:2273} INFO - Setting next_dagrun for example_python_operator to None
[2023-02-11 23:09:14,147] {scheduler_job.py:190} INFO - Processing /home/airflow/.local/lib/python3.6/site-packages/airflow/example_dags/example_python_operator.py took 0.193 seconds
[2023-02-11 23:09:44,588] {scheduler_job.py:182} INFO - Started process (PID=137) to work on /home/airflow/.local/lib/python3.6/site-packages/airflow/example_dags/example_python_operator.py
[2023-02-11 23:09:44,589] {scheduler_job.py:629} INFO - Processing file /home/airflow/.local/lib/python3.6/site-packages/airflow/example_dags/example_python_operator.py for tasks to queue
[2023-02-11 23:09:44,589] {logging_mixin.py:104} INFO - [2023-02-11 23:09:44,589] {dagbag.py:448} INFO - Filling up the DagBag from /home/airflow/.local/lib/python3.6/site-packages/airflow/example_dags/example_python_operator.py
[2023-02-11 23:09:44,600] {scheduler_job.py:639} INFO - DAG(s) dict_keys(['example_python_operator']) retrieved from /home/airflow/.local/lib/python3.6/site-packages/airflow/example_dags/example_python_operator.py
[2023-02-11 23:09:44,661] {logging_mixin.py:104} INFO - [2023-02-11 23:09:44,661] {dag.py:1818} INFO - Sync 1 DAGs
[2023-02-11 23:09:44,676] {logging_mixin.py:104} INFO - [2023-02-11 23:09:44,676] {dag.py:2273} INFO - Setting next_dagrun for example_python_operator to None
[2023-02-11 23:09:44,763] {scheduler_job.py:190} INFO - Processing /home/airflow/.local/lib/python3.6/site-packages/airflow/example_dags/example_python_operator.py took 0.178 seconds
[2023-02-11 23:52:04,803] {scheduler_job.py:182} INFO - Started process (PID=2243) to work on /home/airflow/.local/lib/python3.6/site-packages/airflow/example_dags/example_python_operator.py
[2023-02-11 23:52:04,804] {scheduler_job.py:629} INFO - Processing file /home/airflow/.local/lib/python3.6/site-packages/airflow/example_dags/example_python_operator.py for tasks to queue
[2023-02-11 23:52:04,804] {logging_mixin.py:104} INFO - [2023-02-11 23:52:04,804] {dagbag.py:448} INFO - Filling up the DagBag from /home/airflow/.local/lib/python3.6/site-packages/airflow/example_dags/example_python_operator.py
[2023-02-11 23:52:04,814] {scheduler_job.py:639} INFO - DAG(s) dict_keys(['example_python_operator']) retrieved from /home/airflow/.local/lib/python3.6/site-packages/airflow/example_dags/example_python_operator.py
[2023-02-11 23:52:04,833] {logging_mixin.py:104} INFO - [2023-02-11 23:52:04,832] {dag.py:1818} INFO - Sync 1 DAGs
[2023-02-11 23:52:04,847] {logging_mixin.py:104} INFO - [2023-02-11 23:52:04,847] {dag.py:2273} INFO - Setting next_dagrun for example_python_operator to None
[2023-02-11 23:52:04,878] {scheduler_job.py:190} INFO - Processing /home/airflow/.local/lib/python3.6/site-packages/airflow/example_dags/example_python_operator.py took 0.078 seconds
[2023-02-11 23:52:34,937] {scheduler_job.py:182} INFO - Started process (PID=2269) to work on /home/airflow/.local/lib/python3.6/site-packages/airflow/example_dags/example_python_operator.py
[2023-02-11 23:52:34,938] {scheduler_job.py:629} INFO - Processing file /home/airflow/.local/lib/python3.6/site-packages/airflow/example_dags/example_python_operator.py for tasks to queue
[2023-02-11 23:52:34,938] {logging_mixin.py:104} INFO - [2023-02-11 23:52:34,938] {dagbag.py:448} INFO - Filling up the DagBag from /home/airflow/.local/lib/python3.6/site-packages/airflow/example_dags/example_python_operator.py
[2023-02-11 23:52:34,949] {scheduler_job.py:639} INFO - DAG(s) dict_keys(['example_python_operator']) retrieved from /home/airflow/.local/lib/python3.6/site-packages/airflow/example_dags/example_python_operator.py
[2023-02-11 23:52:34,969] {logging_mixin.py:104} INFO - [2023-02-11 23:52:34,968] {dag.py:1818} INFO - Sync 1 DAGs
[2023-02-11 23:52:34,980] {logging_mixin.py:104} INFO - [2023-02-11 23:52:34,980] {dag.py:2273} INFO - Setting next_dagrun for example_python_operator to None
[2023-02-11 23:52:35,035] {scheduler_job.py:190} INFO - Processing /home/airflow/.local/lib/python3.6/site-packages/airflow/example_dags/example_python_operator.py took 0.100 seconds
[2023-02-11 23:53:05,134] {scheduler_job.py:182} INFO - Started process (PID=2296) to work on /home/airflow/.local/lib/python3.6/site-packages/airflow/example_dags/example_python_operator.py
[2023-02-11 23:53:05,134] {scheduler_job.py:629} INFO - Processing file /home/airflow/.local/lib/python3.6/site-packages/airflow/example_dags/example_python_operator.py for tasks to queue
[2023-02-11 23:53:05,135] {logging_mixin.py:104} INFO - [2023-02-11 23:53:05,135] {dagbag.py:448} INFO - Filling up the DagBag from /home/airflow/.local/lib/python3.6/site-packages/airflow/example_dags/example_python_operator.py
[2023-02-11 23:53:05,145] {scheduler_job.py:639} INFO - DAG(s) dict_keys(['example_python_operator']) retrieved from /home/airflow/.local/lib/python3.6/site-packages/airflow/example_dags/example_python_operator.py
[2023-02-11 23:53:05,165] {logging_mixin.py:104} INFO - [2023-02-11 23:53:05,164] {dag.py:1818} INFO - Sync 1 DAGs
[2023-02-11 23:53:05,178] {logging_mixin.py:104} INFO - [2023-02-11 23:53:05,178] {dag.py:2273} INFO - Setting next_dagrun for example_python_operator to None
[2023-02-11 23:53:05,211] {scheduler_job.py:190} INFO - Processing /home/airflow/.local/lib/python3.6/site-packages/airflow/example_dags/example_python_operator.py took 0.080 seconds
