[2023-02-11 23:08:12,492] {scheduler_job.py:182} INFO - Started process (PID=74) to work on /home/airflow/.local/lib/python3.6/site-packages/airflow/example_dags/example_nested_branch_dag.py
[2023-02-11 23:08:12,492] {scheduler_job.py:629} INFO - Processing file /home/airflow/.local/lib/python3.6/site-packages/airflow/example_dags/example_nested_branch_dag.py for tasks to queue
[2023-02-11 23:08:12,493] {logging_mixin.py:104} INFO - [2023-02-11 23:08:12,493] {dagbag.py:448} INFO - Filling up the DagBag from /home/airflow/.local/lib/python3.6/site-packages/airflow/example_dags/example_nested_branch_dag.py
[2023-02-11 23:08:12,506] {scheduler_job.py:639} INFO - DAG(s) dict_keys(['example_nested_branch_dag']) retrieved from /home/airflow/.local/lib/python3.6/site-packages/airflow/example_dags/example_nested_branch_dag.py
[2023-02-11 23:08:12,533] {logging_mixin.py:104} INFO - [2023-02-11 23:08:12,533] {dag.py:1818} INFO - Sync 1 DAGs
[2023-02-11 23:08:12,543] {logging_mixin.py:104} INFO - [2023-02-11 23:08:12,543] {dag.py:1837} INFO - Creating ORM DAG for example_nested_branch_dag
[2023-02-11 23:08:12,583] {logging_mixin.py:104} INFO - [2023-02-11 23:08:12,583] {dag.py:2273} INFO - Setting next_dagrun for example_nested_branch_dag to 2023-02-09 00:00:00+00:00
[2023-02-11 23:08:12,635] {scheduler_job.py:190} INFO - Processing /home/airflow/.local/lib/python3.6/site-packages/airflow/example_dags/example_nested_branch_dag.py took 0.146 seconds
[2023-02-11 23:08:43,057] {scheduler_job.py:182} INFO - Started process (PID=98) to work on /home/airflow/.local/lib/python3.6/site-packages/airflow/example_dags/example_nested_branch_dag.py
[2023-02-11 23:08:43,057] {scheduler_job.py:629} INFO - Processing file /home/airflow/.local/lib/python3.6/site-packages/airflow/example_dags/example_nested_branch_dag.py for tasks to queue
[2023-02-11 23:08:43,058] {logging_mixin.py:104} INFO - [2023-02-11 23:08:43,058] {dagbag.py:448} INFO - Filling up the DagBag from /home/airflow/.local/lib/python3.6/site-packages/airflow/example_dags/example_nested_branch_dag.py
[2023-02-11 23:08:43,071] {scheduler_job.py:639} INFO - DAG(s) dict_keys(['example_nested_branch_dag']) retrieved from /home/airflow/.local/lib/python3.6/site-packages/airflow/example_dags/example_nested_branch_dag.py
[2023-02-11 23:08:43,091] {logging_mixin.py:104} INFO - [2023-02-11 23:08:43,091] {dag.py:1818} INFO - Sync 1 DAGs
[2023-02-11 23:08:43,111] {logging_mixin.py:104} INFO - [2023-02-11 23:08:43,111] {dag.py:2273} INFO - Setting next_dagrun for example_nested_branch_dag to 2023-02-09 00:00:00+00:00
[2023-02-11 23:08:43,130] {scheduler_job.py:190} INFO - Processing /home/airflow/.local/lib/python3.6/site-packages/airflow/example_dags/example_nested_branch_dag.py took 0.077 seconds
[2023-02-11 23:09:14,907] {scheduler_job.py:182} INFO - Started process (PID=126) to work on /home/airflow/.local/lib/python3.6/site-packages/airflow/example_dags/example_nested_branch_dag.py
[2023-02-11 23:09:14,908] {scheduler_job.py:629} INFO - Processing file /home/airflow/.local/lib/python3.6/site-packages/airflow/example_dags/example_nested_branch_dag.py for tasks to queue
[2023-02-11 23:09:14,909] {logging_mixin.py:104} INFO - [2023-02-11 23:09:14,909] {dagbag.py:448} INFO - Filling up the DagBag from /home/airflow/.local/lib/python3.6/site-packages/airflow/example_dags/example_nested_branch_dag.py
[2023-02-11 23:09:14,926] {scheduler_job.py:639} INFO - DAG(s) dict_keys(['example_nested_branch_dag']) retrieved from /home/airflow/.local/lib/python3.6/site-packages/airflow/example_dags/example_nested_branch_dag.py
[2023-02-11 23:09:14,948] {logging_mixin.py:104} INFO - [2023-02-11 23:09:14,947] {dag.py:1818} INFO - Sync 1 DAGs
[2023-02-11 23:09:14,966] {logging_mixin.py:104} INFO - [2023-02-11 23:09:14,966] {dag.py:2273} INFO - Setting next_dagrun for example_nested_branch_dag to 2023-02-09 00:00:00+00:00
[2023-02-11 23:09:15,000] {scheduler_job.py:190} INFO - Processing /home/airflow/.local/lib/python3.6/site-packages/airflow/example_dags/example_nested_branch_dag.py took 0.096 seconds
[2023-02-11 23:52:06,363] {scheduler_job.py:182} INFO - Started process (PID=2257) to work on /home/airflow/.local/lib/python3.6/site-packages/airflow/example_dags/example_nested_branch_dag.py
[2023-02-11 23:52:06,364] {scheduler_job.py:629} INFO - Processing file /home/airflow/.local/lib/python3.6/site-packages/airflow/example_dags/example_nested_branch_dag.py for tasks to queue
[2023-02-11 23:52:06,364] {logging_mixin.py:104} INFO - [2023-02-11 23:52:06,364] {dagbag.py:448} INFO - Filling up the DagBag from /home/airflow/.local/lib/python3.6/site-packages/airflow/example_dags/example_nested_branch_dag.py
[2023-02-11 23:52:06,378] {scheduler_job.py:639} INFO - DAG(s) dict_keys(['example_nested_branch_dag']) retrieved from /home/airflow/.local/lib/python3.6/site-packages/airflow/example_dags/example_nested_branch_dag.py
[2023-02-11 23:52:06,398] {logging_mixin.py:104} INFO - [2023-02-11 23:52:06,398] {dag.py:1818} INFO - Sync 1 DAGs
[2023-02-11 23:52:06,419] {logging_mixin.py:104} INFO - [2023-02-11 23:52:06,418] {dag.py:2273} INFO - Setting next_dagrun for example_nested_branch_dag to 2023-02-09 00:00:00+00:00
[2023-02-11 23:52:06,439] {scheduler_job.py:190} INFO - Processing /home/airflow/.local/lib/python3.6/site-packages/airflow/example_dags/example_nested_branch_dag.py took 0.078 seconds
[2023-02-11 23:52:36,488] {scheduler_job.py:182} INFO - Started process (PID=2283) to work on /home/airflow/.local/lib/python3.6/site-packages/airflow/example_dags/example_nested_branch_dag.py
[2023-02-11 23:52:36,489] {scheduler_job.py:629} INFO - Processing file /home/airflow/.local/lib/python3.6/site-packages/airflow/example_dags/example_nested_branch_dag.py for tasks to queue
[2023-02-11 23:52:36,490] {logging_mixin.py:104} INFO - [2023-02-11 23:52:36,490] {dagbag.py:448} INFO - Filling up the DagBag from /home/airflow/.local/lib/python3.6/site-packages/airflow/example_dags/example_nested_branch_dag.py
[2023-02-11 23:52:36,502] {scheduler_job.py:639} INFO - DAG(s) dict_keys(['example_nested_branch_dag']) retrieved from /home/airflow/.local/lib/python3.6/site-packages/airflow/example_dags/example_nested_branch_dag.py
[2023-02-11 23:52:36,523] {logging_mixin.py:104} INFO - [2023-02-11 23:52:36,523] {dag.py:1818} INFO - Sync 1 DAGs
[2023-02-11 23:52:36,544] {logging_mixin.py:104} INFO - [2023-02-11 23:52:36,544] {dag.py:2273} INFO - Setting next_dagrun for example_nested_branch_dag to 2023-02-09 00:00:00+00:00
[2023-02-11 23:52:36,570] {scheduler_job.py:190} INFO - Processing /home/airflow/.local/lib/python3.6/site-packages/airflow/example_dags/example_nested_branch_dag.py took 0.084 seconds
[2023-02-11 23:53:06,722] {scheduler_job.py:182} INFO - Started process (PID=2309) to work on /home/airflow/.local/lib/python3.6/site-packages/airflow/example_dags/example_nested_branch_dag.py
[2023-02-11 23:53:06,723] {scheduler_job.py:629} INFO - Processing file /home/airflow/.local/lib/python3.6/site-packages/airflow/example_dags/example_nested_branch_dag.py for tasks to queue
[2023-02-11 23:53:06,724] {logging_mixin.py:104} INFO - [2023-02-11 23:53:06,724] {dagbag.py:448} INFO - Filling up the DagBag from /home/airflow/.local/lib/python3.6/site-packages/airflow/example_dags/example_nested_branch_dag.py
[2023-02-11 23:53:06,737] {scheduler_job.py:639} INFO - DAG(s) dict_keys(['example_nested_branch_dag']) retrieved from /home/airflow/.local/lib/python3.6/site-packages/airflow/example_dags/example_nested_branch_dag.py
[2023-02-11 23:53:06,755] {logging_mixin.py:104} INFO - [2023-02-11 23:53:06,755] {dag.py:1818} INFO - Sync 1 DAGs
[2023-02-11 23:53:06,773] {logging_mixin.py:104} INFO - [2023-02-11 23:53:06,773] {dag.py:2273} INFO - Setting next_dagrun for example_nested_branch_dag to 2023-02-09 00:00:00+00:00
[2023-02-11 23:53:06,796] {scheduler_job.py:190} INFO - Processing /home/airflow/.local/lib/python3.6/site-packages/airflow/example_dags/example_nested_branch_dag.py took 0.076 seconds
