[2023-02-11 23:08:12,720] {scheduler_job.py:182} INFO - Started process (PID=77) to work on /home/airflow/.local/lib/python3.6/site-packages/airflow/example_dags/example_kubernetes_executor_config.py
[2023-02-11 23:08:12,721] {scheduler_job.py:629} INFO - Processing file /home/airflow/.local/lib/python3.6/site-packages/airflow/example_dags/example_kubernetes_executor_config.py for tasks to queue
[2023-02-11 23:08:12,721] {logging_mixin.py:104} INFO - [2023-02-11 23:08:12,721] {dagbag.py:448} INFO - Filling up the DagBag from /home/airflow/.local/lib/python3.6/site-packages/airflow/example_dags/example_kubernetes_executor_config.py
[2023-02-11 23:08:12,733] {scheduler_job.py:639} INFO - DAG(s) dict_keys(['example_kubernetes_executor_config']) retrieved from /home/airflow/.local/lib/python3.6/site-packages/airflow/example_dags/example_kubernetes_executor_config.py
[2023-02-11 23:08:12,799] {logging_mixin.py:104} INFO - [2023-02-11 23:08:12,799] {dag.py:1818} INFO - Sync 1 DAGs
[2023-02-11 23:08:12,812] {logging_mixin.py:104} INFO - [2023-02-11 23:08:12,812] {dag.py:1837} INFO - Creating ORM DAG for example_kubernetes_executor_config
[2023-02-11 23:08:12,818] {logging_mixin.py:104} INFO - [2023-02-11 23:08:12,818] {dag.py:2273} INFO - Setting next_dagrun for example_kubernetes_executor_config to None
[2023-02-11 23:08:12,911] {scheduler_job.py:190} INFO - Processing /home/airflow/.local/lib/python3.6/site-packages/airflow/example_dags/example_kubernetes_executor_config.py took 0.193 seconds
[2023-02-11 23:08:43,236] {scheduler_job.py:182} INFO - Started process (PID=103) to work on /home/airflow/.local/lib/python3.6/site-packages/airflow/example_dags/example_kubernetes_executor_config.py
[2023-02-11 23:08:43,237] {scheduler_job.py:629} INFO - Processing file /home/airflow/.local/lib/python3.6/site-packages/airflow/example_dags/example_kubernetes_executor_config.py for tasks to queue
[2023-02-11 23:08:43,237] {logging_mixin.py:104} INFO - [2023-02-11 23:08:43,237] {dagbag.py:448} INFO - Filling up the DagBag from /home/airflow/.local/lib/python3.6/site-packages/airflow/example_dags/example_kubernetes_executor_config.py
[2023-02-11 23:08:43,248] {scheduler_job.py:639} INFO - DAG(s) dict_keys(['example_kubernetes_executor_config']) retrieved from /home/airflow/.local/lib/python3.6/site-packages/airflow/example_dags/example_kubernetes_executor_config.py
[2023-02-11 23:08:43,267] {logging_mixin.py:104} INFO - [2023-02-11 23:08:43,267] {dag.py:1818} INFO - Sync 1 DAGs
[2023-02-11 23:08:43,280] {logging_mixin.py:104} INFO - [2023-02-11 23:08:43,280] {dag.py:2273} INFO - Setting next_dagrun for example_kubernetes_executor_config to None
[2023-02-11 23:08:43,304] {scheduler_job.py:190} INFO - Processing /home/airflow/.local/lib/python3.6/site-packages/airflow/example_dags/example_kubernetes_executor_config.py took 0.071 seconds
[2023-02-11 23:09:15,020] {scheduler_job.py:182} INFO - Started process (PID=129) to work on /home/airflow/.local/lib/python3.6/site-packages/airflow/example_dags/example_kubernetes_executor_config.py
[2023-02-11 23:09:15,022] {scheduler_job.py:629} INFO - Processing file /home/airflow/.local/lib/python3.6/site-packages/airflow/example_dags/example_kubernetes_executor_config.py for tasks to queue
[2023-02-11 23:09:15,022] {logging_mixin.py:104} INFO - [2023-02-11 23:09:15,022] {dagbag.py:448} INFO - Filling up the DagBag from /home/airflow/.local/lib/python3.6/site-packages/airflow/example_dags/example_kubernetes_executor_config.py
[2023-02-11 23:09:15,041] {scheduler_job.py:639} INFO - DAG(s) dict_keys(['example_kubernetes_executor_config']) retrieved from /home/airflow/.local/lib/python3.6/site-packages/airflow/example_dags/example_kubernetes_executor_config.py
[2023-02-11 23:09:15,088] {logging_mixin.py:104} INFO - [2023-02-11 23:09:15,088] {dag.py:1818} INFO - Sync 1 DAGs
[2023-02-11 23:09:15,108] {logging_mixin.py:104} INFO - [2023-02-11 23:09:15,108] {dag.py:2273} INFO - Setting next_dagrun for example_kubernetes_executor_config to None
[2023-02-11 23:09:15,130] {scheduler_job.py:190} INFO - Processing /home/airflow/.local/lib/python3.6/site-packages/airflow/example_dags/example_kubernetes_executor_config.py took 0.113 seconds
[2023-02-11 23:52:07,398] {scheduler_job.py:182} INFO - Started process (PID=2258) to work on /home/airflow/.local/lib/python3.6/site-packages/airflow/example_dags/example_kubernetes_executor_config.py
[2023-02-11 23:52:07,399] {scheduler_job.py:629} INFO - Processing file /home/airflow/.local/lib/python3.6/site-packages/airflow/example_dags/example_kubernetes_executor_config.py for tasks to queue
[2023-02-11 23:52:07,399] {logging_mixin.py:104} INFO - [2023-02-11 23:52:07,399] {dagbag.py:448} INFO - Filling up the DagBag from /home/airflow/.local/lib/python3.6/site-packages/airflow/example_dags/example_kubernetes_executor_config.py
[2023-02-11 23:52:07,413] {scheduler_job.py:639} INFO - DAG(s) dict_keys(['example_kubernetes_executor_config']) retrieved from /home/airflow/.local/lib/python3.6/site-packages/airflow/example_dags/example_kubernetes_executor_config.py
[2023-02-11 23:52:07,432] {logging_mixin.py:104} INFO - [2023-02-11 23:52:07,432] {dag.py:1818} INFO - Sync 1 DAGs
[2023-02-11 23:52:07,447] {logging_mixin.py:104} INFO - [2023-02-11 23:52:07,447] {dag.py:2273} INFO - Setting next_dagrun for example_kubernetes_executor_config to None
[2023-02-11 23:52:07,469] {scheduler_job.py:190} INFO - Processing /home/airflow/.local/lib/python3.6/site-packages/airflow/example_dags/example_kubernetes_executor_config.py took 0.075 seconds
[2023-02-11 23:52:37,508] {scheduler_job.py:182} INFO - Started process (PID=2284) to work on /home/airflow/.local/lib/python3.6/site-packages/airflow/example_dags/example_kubernetes_executor_config.py
[2023-02-11 23:52:37,509] {scheduler_job.py:629} INFO - Processing file /home/airflow/.local/lib/python3.6/site-packages/airflow/example_dags/example_kubernetes_executor_config.py for tasks to queue
[2023-02-11 23:52:37,510] {logging_mixin.py:104} INFO - [2023-02-11 23:52:37,510] {dagbag.py:448} INFO - Filling up the DagBag from /home/airflow/.local/lib/python3.6/site-packages/airflow/example_dags/example_kubernetes_executor_config.py
[2023-02-11 23:52:37,521] {scheduler_job.py:639} INFO - DAG(s) dict_keys(['example_kubernetes_executor_config']) retrieved from /home/airflow/.local/lib/python3.6/site-packages/airflow/example_dags/example_kubernetes_executor_config.py
[2023-02-11 23:52:37,542] {logging_mixin.py:104} INFO - [2023-02-11 23:52:37,542] {dag.py:1818} INFO - Sync 1 DAGs
[2023-02-11 23:52:37,554] {logging_mixin.py:104} INFO - [2023-02-11 23:52:37,554] {dag.py:2273} INFO - Setting next_dagrun for example_kubernetes_executor_config to None
[2023-02-11 23:52:37,595] {scheduler_job.py:190} INFO - Processing /home/airflow/.local/lib/python3.6/site-packages/airflow/example_dags/example_kubernetes_executor_config.py took 0.090 seconds
[2023-02-11 23:53:07,746] {scheduler_job.py:182} INFO - Started process (PID=2311) to work on /home/airflow/.local/lib/python3.6/site-packages/airflow/example_dags/example_kubernetes_executor_config.py
[2023-02-11 23:53:07,747] {scheduler_job.py:629} INFO - Processing file /home/airflow/.local/lib/python3.6/site-packages/airflow/example_dags/example_kubernetes_executor_config.py for tasks to queue
[2023-02-11 23:53:07,748] {logging_mixin.py:104} INFO - [2023-02-11 23:53:07,748] {dagbag.py:448} INFO - Filling up the DagBag from /home/airflow/.local/lib/python3.6/site-packages/airflow/example_dags/example_kubernetes_executor_config.py
[2023-02-11 23:53:07,759] {scheduler_job.py:639} INFO - DAG(s) dict_keys(['example_kubernetes_executor_config']) retrieved from /home/airflow/.local/lib/python3.6/site-packages/airflow/example_dags/example_kubernetes_executor_config.py
[2023-02-11 23:53:07,779] {logging_mixin.py:104} INFO - [2023-02-11 23:53:07,779] {dag.py:1818} INFO - Sync 1 DAGs
[2023-02-11 23:53:07,794] {logging_mixin.py:104} INFO - [2023-02-11 23:53:07,794] {dag.py:2273} INFO - Setting next_dagrun for example_kubernetes_executor_config to None
[2023-02-11 23:53:07,842] {scheduler_job.py:190} INFO - Processing /home/airflow/.local/lib/python3.6/site-packages/airflow/example_dags/example_kubernetes_executor_config.py took 0.098 seconds
