[2023-02-11 23:08:11,725] {scheduler_job.py:182} INFO - Started process (PID=63) to work on /home/airflow/.local/lib/python3.6/site-packages/airflow/example_dags/example_complex.py
[2023-02-11 23:08:11,725] {scheduler_job.py:629} INFO - Processing file /home/airflow/.local/lib/python3.6/site-packages/airflow/example_dags/example_complex.py for tasks to queue
[2023-02-11 23:08:11,726] {logging_mixin.py:104} INFO - [2023-02-11 23:08:11,726] {dagbag.py:448} INFO - Filling up the DagBag from /home/airflow/.local/lib/python3.6/site-packages/airflow/example_dags/example_complex.py
[2023-02-11 23:08:11,742] {scheduler_job.py:639} INFO - DAG(s) dict_keys(['example_complex']) retrieved from /home/airflow/.local/lib/python3.6/site-packages/airflow/example_dags/example_complex.py
[2023-02-11 23:08:11,787] {logging_mixin.py:104} INFO - [2023-02-11 23:08:11,787] {dag.py:1818} INFO - Sync 1 DAGs
[2023-02-11 23:08:11,800] {logging_mixin.py:104} INFO - [2023-02-11 23:08:11,799] {dag.py:1837} INFO - Creating ORM DAG for example_complex
[2023-02-11 23:08:11,807] {logging_mixin.py:104} INFO - [2023-02-11 23:08:11,806] {dag.py:2273} INFO - Setting next_dagrun for example_complex to None
[2023-02-11 23:08:11,840] {scheduler_job.py:190} INFO - Processing /home/airflow/.local/lib/python3.6/site-packages/airflow/example_dags/example_complex.py took 0.118 seconds
[2023-02-11 23:08:42,974] {scheduler_job.py:182} INFO - Started process (PID=96) to work on /home/airflow/.local/lib/python3.6/site-packages/airflow/example_dags/example_complex.py
[2023-02-11 23:08:42,975] {scheduler_job.py:629} INFO - Processing file /home/airflow/.local/lib/python3.6/site-packages/airflow/example_dags/example_complex.py for tasks to queue
[2023-02-11 23:08:42,975] {logging_mixin.py:104} INFO - [2023-02-11 23:08:42,975] {dagbag.py:448} INFO - Filling up the DagBag from /home/airflow/.local/lib/python3.6/site-packages/airflow/example_dags/example_complex.py
[2023-02-11 23:08:42,990] {scheduler_job.py:639} INFO - DAG(s) dict_keys(['example_complex']) retrieved from /home/airflow/.local/lib/python3.6/site-packages/airflow/example_dags/example_complex.py
[2023-02-11 23:08:43,013] {logging_mixin.py:104} INFO - [2023-02-11 23:08:43,013] {dag.py:1818} INFO - Sync 1 DAGs
[2023-02-11 23:08:43,026] {logging_mixin.py:104} INFO - [2023-02-11 23:08:43,025] {dag.py:2273} INFO - Setting next_dagrun for example_complex to None
[2023-02-11 23:08:43,051] {scheduler_job.py:190} INFO - Processing /home/airflow/.local/lib/python3.6/site-packages/airflow/example_dags/example_complex.py took 0.080 seconds
[2023-02-11 23:09:14,282] {scheduler_job.py:182} INFO - Started process (PID=115) to work on /home/airflow/.local/lib/python3.6/site-packages/airflow/example_dags/example_complex.py
[2023-02-11 23:09:14,284] {scheduler_job.py:629} INFO - Processing file /home/airflow/.local/lib/python3.6/site-packages/airflow/example_dags/example_complex.py for tasks to queue
[2023-02-11 23:09:14,284] {logging_mixin.py:104} INFO - [2023-02-11 23:09:14,284] {dagbag.py:448} INFO - Filling up the DagBag from /home/airflow/.local/lib/python3.6/site-packages/airflow/example_dags/example_complex.py
[2023-02-11 23:09:14,303] {scheduler_job.py:639} INFO - DAG(s) dict_keys(['example_complex']) retrieved from /home/airflow/.local/lib/python3.6/site-packages/airflow/example_dags/example_complex.py
[2023-02-11 23:09:14,334] {logging_mixin.py:104} INFO - [2023-02-11 23:09:14,334] {dag.py:1818} INFO - Sync 1 DAGs
[2023-02-11 23:09:14,391] {logging_mixin.py:104} INFO - [2023-02-11 23:09:14,391] {dag.py:2273} INFO - Setting next_dagrun for example_complex to None
[2023-02-11 23:09:14,429] {scheduler_job.py:190} INFO - Processing /home/airflow/.local/lib/python3.6/site-packages/airflow/example_dags/example_complex.py took 0.173 seconds
[2023-02-11 23:52:05,052] {scheduler_job.py:182} INFO - Started process (PID=2249) to work on /home/airflow/.local/lib/python3.6/site-packages/airflow/example_dags/example_complex.py
[2023-02-11 23:52:05,053] {scheduler_job.py:629} INFO - Processing file /home/airflow/.local/lib/python3.6/site-packages/airflow/example_dags/example_complex.py for tasks to queue
[2023-02-11 23:52:05,053] {logging_mixin.py:104} INFO - [2023-02-11 23:52:05,053] {dagbag.py:448} INFO - Filling up the DagBag from /home/airflow/.local/lib/python3.6/site-packages/airflow/example_dags/example_complex.py
[2023-02-11 23:52:05,069] {scheduler_job.py:639} INFO - DAG(s) dict_keys(['example_complex']) retrieved from /home/airflow/.local/lib/python3.6/site-packages/airflow/example_dags/example_complex.py
[2023-02-11 23:52:05,096] {logging_mixin.py:104} INFO - [2023-02-11 23:52:05,096] {dag.py:1818} INFO - Sync 1 DAGs
[2023-02-11 23:52:05,108] {logging_mixin.py:104} INFO - [2023-02-11 23:52:05,108] {dag.py:2273} INFO - Setting next_dagrun for example_complex to None
[2023-02-11 23:52:05,131] {scheduler_job.py:190} INFO - Processing /home/airflow/.local/lib/python3.6/site-packages/airflow/example_dags/example_complex.py took 0.081 seconds
[2023-02-11 23:52:35,202] {scheduler_job.py:182} INFO - Started process (PID=2275) to work on /home/airflow/.local/lib/python3.6/site-packages/airflow/example_dags/example_complex.py
[2023-02-11 23:52:35,203] {scheduler_job.py:629} INFO - Processing file /home/airflow/.local/lib/python3.6/site-packages/airflow/example_dags/example_complex.py for tasks to queue
[2023-02-11 23:52:35,203] {logging_mixin.py:104} INFO - [2023-02-11 23:52:35,203] {dagbag.py:448} INFO - Filling up the DagBag from /home/airflow/.local/lib/python3.6/site-packages/airflow/example_dags/example_complex.py
[2023-02-11 23:52:35,218] {scheduler_job.py:639} INFO - DAG(s) dict_keys(['example_complex']) retrieved from /home/airflow/.local/lib/python3.6/site-packages/airflow/example_dags/example_complex.py
[2023-02-11 23:52:35,242] {logging_mixin.py:104} INFO - [2023-02-11 23:52:35,242] {dag.py:1818} INFO - Sync 1 DAGs
[2023-02-11 23:52:35,254] {logging_mixin.py:104} INFO - [2023-02-11 23:52:35,254] {dag.py:2273} INFO - Setting next_dagrun for example_complex to None
[2023-02-11 23:52:35,274] {scheduler_job.py:190} INFO - Processing /home/airflow/.local/lib/python3.6/site-packages/airflow/example_dags/example_complex.py took 0.075 seconds
[2023-02-11 23:53:05,306] {scheduler_job.py:182} INFO - Started process (PID=2300) to work on /home/airflow/.local/lib/python3.6/site-packages/airflow/example_dags/example_complex.py
[2023-02-11 23:53:05,306] {scheduler_job.py:629} INFO - Processing file /home/airflow/.local/lib/python3.6/site-packages/airflow/example_dags/example_complex.py for tasks to queue
[2023-02-11 23:53:05,307] {logging_mixin.py:104} INFO - [2023-02-11 23:53:05,307] {dagbag.py:448} INFO - Filling up the DagBag from /home/airflow/.local/lib/python3.6/site-packages/airflow/example_dags/example_complex.py
[2023-02-11 23:53:05,325] {scheduler_job.py:639} INFO - DAG(s) dict_keys(['example_complex']) retrieved from /home/airflow/.local/lib/python3.6/site-packages/airflow/example_dags/example_complex.py
[2023-02-11 23:53:05,349] {logging_mixin.py:104} INFO - [2023-02-11 23:53:05,349] {dag.py:1818} INFO - Sync 1 DAGs
[2023-02-11 23:53:05,365] {logging_mixin.py:104} INFO - [2023-02-11 23:53:05,365] {dag.py:2273} INFO - Setting next_dagrun for example_complex to None
[2023-02-11 23:53:05,389] {scheduler_job.py:190} INFO - Processing /home/airflow/.local/lib/python3.6/site-packages/airflow/example_dags/example_complex.py took 0.086 seconds
