[2023-02-11 23:08:11,219] {scheduler_job.py:182} INFO - Started process (PID=57) to work on /home/airflow/.local/lib/python3.6/site-packages/airflow/example_dags/example_trigger_target_dag.py
[2023-02-11 23:08:11,220] {scheduler_job.py:629} INFO - Processing file /home/airflow/.local/lib/python3.6/site-packages/airflow/example_dags/example_trigger_target_dag.py for tasks to queue
[2023-02-11 23:08:11,220] {logging_mixin.py:104} INFO - [2023-02-11 23:08:11,220] {dagbag.py:448} INFO - Filling up the DagBag from /home/airflow/.local/lib/python3.6/site-packages/airflow/example_dags/example_trigger_target_dag.py
[2023-02-11 23:08:11,233] {scheduler_job.py:639} INFO - DAG(s) dict_keys(['example_trigger_target_dag']) retrieved from /home/airflow/.local/lib/python3.6/site-packages/airflow/example_dags/example_trigger_target_dag.py
[2023-02-11 23:08:11,283] {logging_mixin.py:104} INFO - [2023-02-11 23:08:11,283] {dag.py:1818} INFO - Sync 1 DAGs
[2023-02-11 23:08:11,292] {logging_mixin.py:104} INFO - [2023-02-11 23:08:11,292] {dag.py:1837} INFO - Creating ORM DAG for example_trigger_target_dag
[2023-02-11 23:08:11,296] {logging_mixin.py:104} INFO - [2023-02-11 23:08:11,296] {dag.py:2273} INFO - Setting next_dagrun for example_trigger_target_dag to None
[2023-02-11 23:08:11,332] {scheduler_job.py:190} INFO - Processing /home/airflow/.local/lib/python3.6/site-packages/airflow/example_dags/example_trigger_target_dag.py took 0.116 seconds
[2023-02-11 23:08:41,404] {scheduler_job.py:182} INFO - Started process (PID=83) to work on /home/airflow/.local/lib/python3.6/site-packages/airflow/example_dags/example_trigger_target_dag.py
[2023-02-11 23:08:41,405] {scheduler_job.py:629} INFO - Processing file /home/airflow/.local/lib/python3.6/site-packages/airflow/example_dags/example_trigger_target_dag.py for tasks to queue
[2023-02-11 23:08:41,405] {logging_mixin.py:104} INFO - [2023-02-11 23:08:41,405] {dagbag.py:448} INFO - Filling up the DagBag from /home/airflow/.local/lib/python3.6/site-packages/airflow/example_dags/example_trigger_target_dag.py
[2023-02-11 23:08:41,415] {scheduler_job.py:639} INFO - DAG(s) dict_keys(['example_trigger_target_dag']) retrieved from /home/airflow/.local/lib/python3.6/site-packages/airflow/example_dags/example_trigger_target_dag.py
[2023-02-11 23:08:41,435] {logging_mixin.py:104} INFO - [2023-02-11 23:08:41,435] {dag.py:1818} INFO - Sync 1 DAGs
[2023-02-11 23:08:41,447] {logging_mixin.py:104} INFO - [2023-02-11 23:08:41,447] {dag.py:2273} INFO - Setting next_dagrun for example_trigger_target_dag to None
[2023-02-11 23:08:41,468] {scheduler_job.py:190} INFO - Processing /home/airflow/.local/lib/python3.6/site-packages/airflow/example_dags/example_trigger_target_dag.py took 0.066 seconds
[2023-02-11 23:09:11,508] {scheduler_job.py:182} INFO - Started process (PID=108) to work on /home/airflow/.local/lib/python3.6/site-packages/airflow/example_dags/example_trigger_target_dag.py
[2023-02-11 23:09:11,509] {scheduler_job.py:629} INFO - Processing file /home/airflow/.local/lib/python3.6/site-packages/airflow/example_dags/example_trigger_target_dag.py for tasks to queue
[2023-02-11 23:09:11,510] {logging_mixin.py:104} INFO - [2023-02-11 23:09:11,510] {dagbag.py:448} INFO - Filling up the DagBag from /home/airflow/.local/lib/python3.6/site-packages/airflow/example_dags/example_trigger_target_dag.py
[2023-02-11 23:09:11,526] {scheduler_job.py:639} INFO - DAG(s) dict_keys(['example_trigger_target_dag']) retrieved from /home/airflow/.local/lib/python3.6/site-packages/airflow/example_dags/example_trigger_target_dag.py
[2023-02-11 23:09:11,568] {logging_mixin.py:104} INFO - [2023-02-11 23:09:11,567] {dag.py:1818} INFO - Sync 1 DAGs
[2023-02-11 23:09:11,596] {logging_mixin.py:104} INFO - [2023-02-11 23:09:11,595] {dag.py:2273} INFO - Setting next_dagrun for example_trigger_target_dag to None
[2023-02-11 23:09:13,709] {scheduler_job.py:190} INFO - Processing /home/airflow/.local/lib/python3.6/site-packages/airflow/example_dags/example_trigger_target_dag.py took 2.205 seconds
[2023-02-11 23:09:44,577] {scheduler_job.py:182} INFO - Started process (PID=136) to work on /home/airflow/.local/lib/python3.6/site-packages/airflow/example_dags/example_trigger_target_dag.py
[2023-02-11 23:09:44,578] {scheduler_job.py:629} INFO - Processing file /home/airflow/.local/lib/python3.6/site-packages/airflow/example_dags/example_trigger_target_dag.py for tasks to queue
[2023-02-11 23:09:44,578] {logging_mixin.py:104} INFO - [2023-02-11 23:09:44,578] {dagbag.py:448} INFO - Filling up the DagBag from /home/airflow/.local/lib/python3.6/site-packages/airflow/example_dags/example_trigger_target_dag.py
[2023-02-11 23:09:44,590] {scheduler_job.py:639} INFO - DAG(s) dict_keys(['example_trigger_target_dag']) retrieved from /home/airflow/.local/lib/python3.6/site-packages/airflow/example_dags/example_trigger_target_dag.py
[2023-02-11 23:09:44,611] {logging_mixin.py:104} INFO - [2023-02-11 23:09:44,611] {dag.py:1818} INFO - Sync 1 DAGs
[2023-02-11 23:09:44,654] {logging_mixin.py:104} INFO - [2023-02-11 23:09:44,654] {dag.py:2273} INFO - Setting next_dagrun for example_trigger_target_dag to None
[2023-02-11 23:09:44,714] {scheduler_job.py:190} INFO - Processing /home/airflow/.local/lib/python3.6/site-packages/airflow/example_dags/example_trigger_target_dag.py took 0.140 seconds
[2023-02-11 23:52:02,686] {scheduler_job.py:182} INFO - Started process (PID=2240) to work on /home/airflow/.local/lib/python3.6/site-packages/airflow/example_dags/example_trigger_target_dag.py
[2023-02-11 23:52:02,687] {scheduler_job.py:629} INFO - Processing file /home/airflow/.local/lib/python3.6/site-packages/airflow/example_dags/example_trigger_target_dag.py for tasks to queue
[2023-02-11 23:52:02,687] {logging_mixin.py:104} INFO - [2023-02-11 23:52:02,687] {dagbag.py:448} INFO - Filling up the DagBag from /home/airflow/.local/lib/python3.6/site-packages/airflow/example_dags/example_trigger_target_dag.py
[2023-02-11 23:52:02,697] {scheduler_job.py:639} INFO - DAG(s) dict_keys(['example_trigger_target_dag']) retrieved from /home/airflow/.local/lib/python3.6/site-packages/airflow/example_dags/example_trigger_target_dag.py
[2023-02-11 23:52:02,717] {logging_mixin.py:104} INFO - [2023-02-11 23:52:02,717] {dag.py:1818} INFO - Sync 1 DAGs
[2023-02-11 23:52:02,729] {logging_mixin.py:104} INFO - [2023-02-11 23:52:02,729] {dag.py:2273} INFO - Setting next_dagrun for example_trigger_target_dag to None
[2023-02-11 23:52:02,773] {scheduler_job.py:190} INFO - Processing /home/airflow/.local/lib/python3.6/site-packages/airflow/example_dags/example_trigger_target_dag.py took 0.089 seconds
[2023-02-11 23:52:32,804] {scheduler_job.py:182} INFO - Started process (PID=2266) to work on /home/airflow/.local/lib/python3.6/site-packages/airflow/example_dags/example_trigger_target_dag.py
[2023-02-11 23:52:32,805] {scheduler_job.py:629} INFO - Processing file /home/airflow/.local/lib/python3.6/site-packages/airflow/example_dags/example_trigger_target_dag.py for tasks to queue
[2023-02-11 23:52:32,805] {logging_mixin.py:104} INFO - [2023-02-11 23:52:32,805] {dagbag.py:448} INFO - Filling up the DagBag from /home/airflow/.local/lib/python3.6/site-packages/airflow/example_dags/example_trigger_target_dag.py
[2023-02-11 23:52:32,814] {scheduler_job.py:639} INFO - DAG(s) dict_keys(['example_trigger_target_dag']) retrieved from /home/airflow/.local/lib/python3.6/site-packages/airflow/example_dags/example_trigger_target_dag.py
[2023-02-11 23:52:32,848] {logging_mixin.py:104} INFO - [2023-02-11 23:52:32,848] {dag.py:1818} INFO - Sync 1 DAGs
[2023-02-11 23:52:32,861] {logging_mixin.py:104} INFO - [2023-02-11 23:52:32,860] {dag.py:2273} INFO - Setting next_dagrun for example_trigger_target_dag to None
[2023-02-11 23:52:32,919] {scheduler_job.py:190} INFO - Processing /home/airflow/.local/lib/python3.6/site-packages/airflow/example_dags/example_trigger_target_dag.py took 0.117 seconds
[2023-02-11 23:53:02,942] {scheduler_job.py:182} INFO - Started process (PID=2293) to work on /home/airflow/.local/lib/python3.6/site-packages/airflow/example_dags/example_trigger_target_dag.py
[2023-02-11 23:53:02,943] {scheduler_job.py:629} INFO - Processing file /home/airflow/.local/lib/python3.6/site-packages/airflow/example_dags/example_trigger_target_dag.py for tasks to queue
[2023-02-11 23:53:02,943] {logging_mixin.py:104} INFO - [2023-02-11 23:53:02,943] {dagbag.py:448} INFO - Filling up the DagBag from /home/airflow/.local/lib/python3.6/site-packages/airflow/example_dags/example_trigger_target_dag.py
[2023-02-11 23:53:02,953] {scheduler_job.py:639} INFO - DAG(s) dict_keys(['example_trigger_target_dag']) retrieved from /home/airflow/.local/lib/python3.6/site-packages/airflow/example_dags/example_trigger_target_dag.py
[2023-02-11 23:53:02,971] {logging_mixin.py:104} INFO - [2023-02-11 23:53:02,971] {dag.py:1818} INFO - Sync 1 DAGs
[2023-02-11 23:53:02,983] {logging_mixin.py:104} INFO - [2023-02-11 23:53:02,983] {dag.py:2273} INFO - Setting next_dagrun for example_trigger_target_dag to None
[2023-02-11 23:53:03,004] {scheduler_job.py:190} INFO - Processing /home/airflow/.local/lib/python3.6/site-packages/airflow/example_dags/example_trigger_target_dag.py took 0.064 seconds
