[2023-02-11 23:08:12,081] {scheduler_job.py:182} INFO - Started process (PID=68) to work on /home/airflow/.local/lib/python3.6/site-packages/airflow/example_dags/example_subdag_operator.py
[2023-02-11 23:08:12,082] {scheduler_job.py:629} INFO - Processing file /home/airflow/.local/lib/python3.6/site-packages/airflow/example_dags/example_subdag_operator.py for tasks to queue
[2023-02-11 23:08:12,083] {logging_mixin.py:104} INFO - [2023-02-11 23:08:12,083] {dagbag.py:448} INFO - Filling up the DagBag from /home/airflow/.local/lib/python3.6/site-packages/airflow/example_dags/example_subdag_operator.py
[2023-02-11 23:08:12,108] {scheduler_job.py:639} INFO - DAG(s) dict_keys(['example_subdag_operator.section-1', 'example_subdag_operator.section-2', 'example_subdag_operator']) retrieved from /home/airflow/.local/lib/python3.6/site-packages/airflow/example_dags/example_subdag_operator.py
[2023-02-11 23:08:12,120] {logging_mixin.py:104} INFO - [2023-02-11 23:08:12,120] {dag.py:1818} INFO - Sync 3 DAGs
[2023-02-11 23:08:12,133] {logging_mixin.py:104} INFO - [2023-02-11 23:08:12,133] {dag.py:1837} INFO - Creating ORM DAG for example_subdag_operator.section-2
[2023-02-11 23:08:12,133] {logging_mixin.py:104} INFO - [2023-02-11 23:08:12,133] {dag.py:1837} INFO - Creating ORM DAG for example_subdag_operator
[2023-02-11 23:08:12,134] {logging_mixin.py:104} INFO - [2023-02-11 23:08:12,134] {dag.py:1837} INFO - Creating ORM DAG for example_subdag_operator.section-1
[2023-02-11 23:08:12,139] {logging_mixin.py:104} INFO - [2023-02-11 23:08:12,139] {dag.py:2273} INFO - Setting next_dagrun for example_subdag_operator to 2023-02-09 00:00:00+00:00
[2023-02-11 23:08:12,140] {logging_mixin.py:104} INFO - [2023-02-11 23:08:12,140] {dag.py:2273} INFO - Setting next_dagrun for example_subdag_operator.section-1 to None
[2023-02-11 23:08:12,140] {logging_mixin.py:104} INFO - [2023-02-11 23:08:12,140] {dag.py:2273} INFO - Setting next_dagrun for example_subdag_operator.section-2 to None
[2023-02-11 23:08:12,204] {logging_mixin.py:104} INFO - [2023-02-11 23:08:12,203] {dag.py:1818} INFO - Sync 2 DAGs
[2023-02-11 23:08:12,211] {logging_mixin.py:104} INFO - [2023-02-11 23:08:12,211] {dag.py:2273} INFO - Setting next_dagrun for example_subdag_operator.section-1 to None
[2023-02-11 23:08:12,212] {logging_mixin.py:104} INFO - [2023-02-11 23:08:12,212] {dag.py:2273} INFO - Setting next_dagrun for example_subdag_operator.section-2 to None
[2023-02-11 23:08:12,229] {scheduler_job.py:190} INFO - Processing /home/airflow/.local/lib/python3.6/site-packages/airflow/example_dags/example_subdag_operator.py took 0.154 seconds
[2023-02-11 23:08:42,689] {scheduler_job.py:182} INFO - Started process (PID=89) to work on /home/airflow/.local/lib/python3.6/site-packages/airflow/example_dags/example_subdag_operator.py
[2023-02-11 23:08:42,690] {scheduler_job.py:629} INFO - Processing file /home/airflow/.local/lib/python3.6/site-packages/airflow/example_dags/example_subdag_operator.py for tasks to queue
[2023-02-11 23:08:42,691] {logging_mixin.py:104} INFO - [2023-02-11 23:08:42,690] {dagbag.py:448} INFO - Filling up the DagBag from /home/airflow/.local/lib/python3.6/site-packages/airflow/example_dags/example_subdag_operator.py
[2023-02-11 23:08:42,716] {scheduler_job.py:639} INFO - DAG(s) dict_keys(['example_subdag_operator.section-1', 'example_subdag_operator.section-2', 'example_subdag_operator']) retrieved from /home/airflow/.local/lib/python3.6/site-packages/airflow/example_dags/example_subdag_operator.py
[2023-02-11 23:08:42,726] {logging_mixin.py:104} INFO - [2023-02-11 23:08:42,726] {dag.py:1818} INFO - Sync 3 DAGs
[2023-02-11 23:08:42,739] {logging_mixin.py:104} INFO - [2023-02-11 23:08:42,739] {dag.py:2273} INFO - Setting next_dagrun for example_subdag_operator to 2023-02-09 00:00:00+00:00
[2023-02-11 23:08:42,740] {logging_mixin.py:104} INFO - [2023-02-11 23:08:42,740] {dag.py:2273} INFO - Setting next_dagrun for example_subdag_operator.section-1 to None
[2023-02-11 23:08:42,740] {logging_mixin.py:104} INFO - [2023-02-11 23:08:42,740] {dag.py:2273} INFO - Setting next_dagrun for example_subdag_operator.section-2 to None
[2023-02-11 23:08:42,784] {logging_mixin.py:104} INFO - [2023-02-11 23:08:42,783] {dag.py:1818} INFO - Sync 2 DAGs
[2023-02-11 23:08:42,791] {logging_mixin.py:104} INFO - [2023-02-11 23:08:42,791] {dag.py:2273} INFO - Setting next_dagrun for example_subdag_operator.section-1 to None
[2023-02-11 23:08:42,791] {logging_mixin.py:104} INFO - [2023-02-11 23:08:42,791] {dag.py:2273} INFO - Setting next_dagrun for example_subdag_operator.section-2 to None
[2023-02-11 23:08:42,811] {scheduler_job.py:190} INFO - Processing /home/airflow/.local/lib/python3.6/site-packages/airflow/example_dags/example_subdag_operator.py took 0.124 seconds
[2023-02-11 23:09:14,598] {scheduler_job.py:182} INFO - Started process (PID=120) to work on /home/airflow/.local/lib/python3.6/site-packages/airflow/example_dags/example_subdag_operator.py
[2023-02-11 23:09:14,598] {scheduler_job.py:629} INFO - Processing file /home/airflow/.local/lib/python3.6/site-packages/airflow/example_dags/example_subdag_operator.py for tasks to queue
[2023-02-11 23:09:14,599] {logging_mixin.py:104} INFO - [2023-02-11 23:09:14,599] {dagbag.py:448} INFO - Filling up the DagBag from /home/airflow/.local/lib/python3.6/site-packages/airflow/example_dags/example_subdag_operator.py
[2023-02-11 23:09:14,632] {scheduler_job.py:639} INFO - DAG(s) dict_keys(['example_subdag_operator.section-1', 'example_subdag_operator.section-2', 'example_subdag_operator']) retrieved from /home/airflow/.local/lib/python3.6/site-packages/airflow/example_dags/example_subdag_operator.py
[2023-02-11 23:09:14,645] {logging_mixin.py:104} INFO - [2023-02-11 23:09:14,645] {dag.py:1818} INFO - Sync 3 DAGs
[2023-02-11 23:09:14,659] {logging_mixin.py:104} INFO - [2023-02-11 23:09:14,659] {dag.py:2273} INFO - Setting next_dagrun for example_subdag_operator to 2023-02-09 00:00:00+00:00
[2023-02-11 23:09:14,660] {logging_mixin.py:104} INFO - [2023-02-11 23:09:14,660] {dag.py:2273} INFO - Setting next_dagrun for example_subdag_operator.section-1 to None
[2023-02-11 23:09:14,660] {logging_mixin.py:104} INFO - [2023-02-11 23:09:14,660] {dag.py:2273} INFO - Setting next_dagrun for example_subdag_operator.section-2 to None
[2023-02-11 23:09:14,680] {logging_mixin.py:104} INFO - [2023-02-11 23:09:14,680] {dag.py:1818} INFO - Sync 2 DAGs
[2023-02-11 23:09:14,690] {logging_mixin.py:104} INFO - [2023-02-11 23:09:14,690] {dag.py:2273} INFO - Setting next_dagrun for example_subdag_operator.section-1 to None
[2023-02-11 23:09:14,690] {logging_mixin.py:104} INFO - [2023-02-11 23:09:14,690] {dag.py:2273} INFO - Setting next_dagrun for example_subdag_operator.section-2 to None
[2023-02-11 23:09:14,711] {scheduler_job.py:190} INFO - Processing /home/airflow/.local/lib/python3.6/site-packages/airflow/example_dags/example_subdag_operator.py took 0.116 seconds
[2023-02-11 23:52:07,456] {scheduler_job.py:182} INFO - Started process (PID=2259) to work on /home/airflow/.local/lib/python3.6/site-packages/airflow/example_dags/example_subdag_operator.py
[2023-02-11 23:52:07,457] {scheduler_job.py:629} INFO - Processing file /home/airflow/.local/lib/python3.6/site-packages/airflow/example_dags/example_subdag_operator.py for tasks to queue
[2023-02-11 23:52:07,458] {logging_mixin.py:104} INFO - [2023-02-11 23:52:07,458] {dagbag.py:448} INFO - Filling up the DagBag from /home/airflow/.local/lib/python3.6/site-packages/airflow/example_dags/example_subdag_operator.py
[2023-02-11 23:52:07,485] {scheduler_job.py:639} INFO - DAG(s) dict_keys(['example_subdag_operator.section-1', 'example_subdag_operator.section-2', 'example_subdag_operator']) retrieved from /home/airflow/.local/lib/python3.6/site-packages/airflow/example_dags/example_subdag_operator.py
[2023-02-11 23:52:07,495] {logging_mixin.py:104} INFO - [2023-02-11 23:52:07,495] {dag.py:1818} INFO - Sync 3 DAGs
[2023-02-11 23:52:07,507] {logging_mixin.py:104} INFO - [2023-02-11 23:52:07,507] {dag.py:2273} INFO - Setting next_dagrun for example_subdag_operator to 2023-02-09 00:00:00+00:00
[2023-02-11 23:52:07,508] {logging_mixin.py:104} INFO - [2023-02-11 23:52:07,508] {dag.py:2273} INFO - Setting next_dagrun for example_subdag_operator.section-1 to None
[2023-02-11 23:52:07,508] {logging_mixin.py:104} INFO - [2023-02-11 23:52:07,508] {dag.py:2273} INFO - Setting next_dagrun for example_subdag_operator.section-2 to None
[2023-02-11 23:52:07,524] {logging_mixin.py:104} INFO - [2023-02-11 23:52:07,524] {dag.py:1818} INFO - Sync 2 DAGs
[2023-02-11 23:52:07,530] {logging_mixin.py:104} INFO - [2023-02-11 23:52:07,530] {dag.py:2273} INFO - Setting next_dagrun for example_subdag_operator.section-1 to None
[2023-02-11 23:52:07,531] {logging_mixin.py:104} INFO - [2023-02-11 23:52:07,531] {dag.py:2273} INFO - Setting next_dagrun for example_subdag_operator.section-2 to None
[2023-02-11 23:52:07,547] {scheduler_job.py:190} INFO - Processing /home/airflow/.local/lib/python3.6/site-packages/airflow/example_dags/example_subdag_operator.py took 0.093 seconds
[2023-02-11 23:52:37,589] {scheduler_job.py:182} INFO - Started process (PID=2285) to work on /home/airflow/.local/lib/python3.6/site-packages/airflow/example_dags/example_subdag_operator.py
[2023-02-11 23:52:37,590] {scheduler_job.py:629} INFO - Processing file /home/airflow/.local/lib/python3.6/site-packages/airflow/example_dags/example_subdag_operator.py for tasks to queue
[2023-02-11 23:52:37,590] {logging_mixin.py:104} INFO - [2023-02-11 23:52:37,590] {dagbag.py:448} INFO - Filling up the DagBag from /home/airflow/.local/lib/python3.6/site-packages/airflow/example_dags/example_subdag_operator.py
[2023-02-11 23:52:37,620] {scheduler_job.py:639} INFO - DAG(s) dict_keys(['example_subdag_operator.section-1', 'example_subdag_operator.section-2', 'example_subdag_operator']) retrieved from /home/airflow/.local/lib/python3.6/site-packages/airflow/example_dags/example_subdag_operator.py
[2023-02-11 23:52:37,632] {logging_mixin.py:104} INFO - [2023-02-11 23:52:37,632] {dag.py:1818} INFO - Sync 3 DAGs
[2023-02-11 23:52:37,646] {logging_mixin.py:104} INFO - [2023-02-11 23:52:37,646] {dag.py:2273} INFO - Setting next_dagrun for example_subdag_operator to 2023-02-09 00:00:00+00:00
[2023-02-11 23:52:37,647] {logging_mixin.py:104} INFO - [2023-02-11 23:52:37,647] {dag.py:2273} INFO - Setting next_dagrun for example_subdag_operator.section-1 to None
[2023-02-11 23:52:37,647] {logging_mixin.py:104} INFO - [2023-02-11 23:52:37,647] {dag.py:2273} INFO - Setting next_dagrun for example_subdag_operator.section-2 to None
[2023-02-11 23:52:37,664] {logging_mixin.py:104} INFO - [2023-02-11 23:52:37,664] {dag.py:1818} INFO - Sync 2 DAGs
[2023-02-11 23:52:37,670] {logging_mixin.py:104} INFO - [2023-02-11 23:52:37,670] {dag.py:2273} INFO - Setting next_dagrun for example_subdag_operator.section-1 to None
[2023-02-11 23:52:37,670] {logging_mixin.py:104} INFO - [2023-02-11 23:52:37,670] {dag.py:2273} INFO - Setting next_dagrun for example_subdag_operator.section-2 to None
[2023-02-11 23:52:37,698] {scheduler_job.py:190} INFO - Processing /home/airflow/.local/lib/python3.6/site-packages/airflow/example_dags/example_subdag_operator.py took 0.112 seconds
[2023-02-11 23:53:07,742] {scheduler_job.py:182} INFO - Started process (PID=2310) to work on /home/airflow/.local/lib/python3.6/site-packages/airflow/example_dags/example_subdag_operator.py
[2023-02-11 23:53:07,743] {scheduler_job.py:629} INFO - Processing file /home/airflow/.local/lib/python3.6/site-packages/airflow/example_dags/example_subdag_operator.py for tasks to queue
[2023-02-11 23:53:07,743] {logging_mixin.py:104} INFO - [2023-02-11 23:53:07,743] {dagbag.py:448} INFO - Filling up the DagBag from /home/airflow/.local/lib/python3.6/site-packages/airflow/example_dags/example_subdag_operator.py
[2023-02-11 23:53:07,771] {scheduler_job.py:639} INFO - DAG(s) dict_keys(['example_subdag_operator.section-1', 'example_subdag_operator.section-2', 'example_subdag_operator']) retrieved from /home/airflow/.local/lib/python3.6/site-packages/airflow/example_dags/example_subdag_operator.py
[2023-02-11 23:53:07,782] {logging_mixin.py:104} INFO - [2023-02-11 23:53:07,782] {dag.py:1818} INFO - Sync 3 DAGs
[2023-02-11 23:53:07,798] {logging_mixin.py:104} INFO - [2023-02-11 23:53:07,798] {dag.py:2273} INFO - Setting next_dagrun for example_subdag_operator to 2023-02-09 00:00:00+00:00
[2023-02-11 23:53:07,799] {logging_mixin.py:104} INFO - [2023-02-11 23:53:07,799] {dag.py:2273} INFO - Setting next_dagrun for example_subdag_operator.section-1 to None
[2023-02-11 23:53:07,799] {logging_mixin.py:104} INFO - [2023-02-11 23:53:07,799] {dag.py:2273} INFO - Setting next_dagrun for example_subdag_operator.section-2 to None
[2023-02-11 23:53:07,839] {logging_mixin.py:104} INFO - [2023-02-11 23:53:07,839] {dag.py:1818} INFO - Sync 2 DAGs
[2023-02-11 23:53:07,847] {logging_mixin.py:104} INFO - [2023-02-11 23:53:07,847] {dag.py:2273} INFO - Setting next_dagrun for example_subdag_operator.section-1 to None
[2023-02-11 23:53:07,847] {logging_mixin.py:104} INFO - [2023-02-11 23:53:07,847] {dag.py:2273} INFO - Setting next_dagrun for example_subdag_operator.section-2 to None
[2023-02-11 23:53:07,867] {scheduler_job.py:190} INFO - Processing /home/airflow/.local/lib/python3.6/site-packages/airflow/example_dags/example_subdag_operator.py took 0.127 seconds
