[2023-02-11 23:08:11,596] {scheduler_job.py:182} INFO - Started process (PID=61) to work on /home/airflow/.local/lib/python3.6/site-packages/airflow/example_dags/example_latest_only_with_trigger.py
[2023-02-11 23:08:11,597] {scheduler_job.py:629} INFO - Processing file /home/airflow/.local/lib/python3.6/site-packages/airflow/example_dags/example_latest_only_with_trigger.py for tasks to queue
[2023-02-11 23:08:11,597] {logging_mixin.py:104} INFO - [2023-02-11 23:08:11,597] {dagbag.py:448} INFO - Filling up the DagBag from /home/airflow/.local/lib/python3.6/site-packages/airflow/example_dags/example_latest_only_with_trigger.py
[2023-02-11 23:08:11,607] {scheduler_job.py:639} INFO - DAG(s) dict_keys(['latest_only_with_trigger']) retrieved from /home/airflow/.local/lib/python3.6/site-packages/airflow/example_dags/example_latest_only_with_trigger.py
[2023-02-11 23:08:11,628] {logging_mixin.py:104} INFO - [2023-02-11 23:08:11,628] {dag.py:1818} INFO - Sync 1 DAGs
[2023-02-11 23:08:11,637] {logging_mixin.py:104} INFO - [2023-02-11 23:08:11,637] {dag.py:1837} INFO - Creating ORM DAG for latest_only_with_trigger
[2023-02-11 23:08:11,642] {logging_mixin.py:104} INFO - [2023-02-11 23:08:11,642] {dag.py:2273} INFO - Setting next_dagrun for latest_only_with_trigger to 2023-02-09 00:00:00+00:00
[2023-02-11 23:08:11,703] {scheduler_job.py:190} INFO - Processing /home/airflow/.local/lib/python3.6/site-packages/airflow/example_dags/example_latest_only_with_trigger.py took 0.110 seconds
[2023-02-11 23:08:42,896] {scheduler_job.py:182} INFO - Started process (PID=94) to work on /home/airflow/.local/lib/python3.6/site-packages/airflow/example_dags/example_latest_only_with_trigger.py
[2023-02-11 23:08:42,897] {scheduler_job.py:629} INFO - Processing file /home/airflow/.local/lib/python3.6/site-packages/airflow/example_dags/example_latest_only_with_trigger.py for tasks to queue
[2023-02-11 23:08:42,897] {logging_mixin.py:104} INFO - [2023-02-11 23:08:42,897] {dagbag.py:448} INFO - Filling up the DagBag from /home/airflow/.local/lib/python3.6/site-packages/airflow/example_dags/example_latest_only_with_trigger.py
[2023-02-11 23:08:42,905] {scheduler_job.py:639} INFO - DAG(s) dict_keys(['latest_only_with_trigger']) retrieved from /home/airflow/.local/lib/python3.6/site-packages/airflow/example_dags/example_latest_only_with_trigger.py
[2023-02-11 23:08:42,925] {logging_mixin.py:104} INFO - [2023-02-11 23:08:42,925] {dag.py:1818} INFO - Sync 1 DAGs
[2023-02-11 23:08:42,938] {logging_mixin.py:104} INFO - [2023-02-11 23:08:42,938] {dag.py:2273} INFO - Setting next_dagrun for latest_only_with_trigger to 2023-02-09 00:00:00+00:00
[2023-02-11 23:08:42,958] {scheduler_job.py:190} INFO - Processing /home/airflow/.local/lib/python3.6/site-packages/airflow/example_dags/example_latest_only_with_trigger.py took 0.064 seconds
[2023-02-11 23:09:14,163] {scheduler_job.py:182} INFO - Started process (PID=113) to work on /home/airflow/.local/lib/python3.6/site-packages/airflow/example_dags/example_latest_only_with_trigger.py
[2023-02-11 23:09:14,164] {scheduler_job.py:629} INFO - Processing file /home/airflow/.local/lib/python3.6/site-packages/airflow/example_dags/example_latest_only_with_trigger.py for tasks to queue
[2023-02-11 23:09:14,164] {logging_mixin.py:104} INFO - [2023-02-11 23:09:14,164] {dagbag.py:448} INFO - Filling up the DagBag from /home/airflow/.local/lib/python3.6/site-packages/airflow/example_dags/example_latest_only_with_trigger.py
[2023-02-11 23:09:14,173] {scheduler_job.py:639} INFO - DAG(s) dict_keys(['latest_only_with_trigger']) retrieved from /home/airflow/.local/lib/python3.6/site-packages/airflow/example_dags/example_latest_only_with_trigger.py
[2023-02-11 23:09:14,194] {logging_mixin.py:104} INFO - [2023-02-11 23:09:14,194] {dag.py:1818} INFO - Sync 1 DAGs
[2023-02-11 23:09:14,210] {logging_mixin.py:104} INFO - [2023-02-11 23:09:14,210] {dag.py:2273} INFO - Setting next_dagrun for latest_only_with_trigger to 2023-02-09 00:00:00+00:00
[2023-02-11 23:09:14,234] {scheduler_job.py:190} INFO - Processing /home/airflow/.local/lib/python3.6/site-packages/airflow/example_dags/example_latest_only_with_trigger.py took 0.073 seconds
[2023-02-11 23:52:04,975] {scheduler_job.py:182} INFO - Started process (PID=2247) to work on /home/airflow/.local/lib/python3.6/site-packages/airflow/example_dags/example_latest_only_with_trigger.py
[2023-02-11 23:52:04,976] {scheduler_job.py:629} INFO - Processing file /home/airflow/.local/lib/python3.6/site-packages/airflow/example_dags/example_latest_only_with_trigger.py for tasks to queue
[2023-02-11 23:52:04,976] {logging_mixin.py:104} INFO - [2023-02-11 23:52:04,976] {dagbag.py:448} INFO - Filling up the DagBag from /home/airflow/.local/lib/python3.6/site-packages/airflow/example_dags/example_latest_only_with_trigger.py
[2023-02-11 23:52:04,985] {scheduler_job.py:639} INFO - DAG(s) dict_keys(['latest_only_with_trigger']) retrieved from /home/airflow/.local/lib/python3.6/site-packages/airflow/example_dags/example_latest_only_with_trigger.py
[2023-02-11 23:52:05,005] {logging_mixin.py:104} INFO - [2023-02-11 23:52:05,005] {dag.py:1818} INFO - Sync 1 DAGs
[2023-02-11 23:52:05,018] {logging_mixin.py:104} INFO - [2023-02-11 23:52:05,018] {dag.py:2273} INFO - Setting next_dagrun for latest_only_with_trigger to 2023-02-09 00:00:00+00:00
[2023-02-11 23:52:05,036] {scheduler_job.py:190} INFO - Processing /home/airflow/.local/lib/python3.6/site-packages/airflow/example_dags/example_latest_only_with_trigger.py took 0.063 seconds
[2023-02-11 23:52:35,125] {scheduler_job.py:182} INFO - Started process (PID=2273) to work on /home/airflow/.local/lib/python3.6/site-packages/airflow/example_dags/example_latest_only_with_trigger.py
[2023-02-11 23:52:35,126] {scheduler_job.py:629} INFO - Processing file /home/airflow/.local/lib/python3.6/site-packages/airflow/example_dags/example_latest_only_with_trigger.py for tasks to queue
[2023-02-11 23:52:35,127] {logging_mixin.py:104} INFO - [2023-02-11 23:52:35,127] {dagbag.py:448} INFO - Filling up the DagBag from /home/airflow/.local/lib/python3.6/site-packages/airflow/example_dags/example_latest_only_with_trigger.py
[2023-02-11 23:52:35,136] {scheduler_job.py:639} INFO - DAG(s) dict_keys(['latest_only_with_trigger']) retrieved from /home/airflow/.local/lib/python3.6/site-packages/airflow/example_dags/example_latest_only_with_trigger.py
[2023-02-11 23:52:35,153] {logging_mixin.py:104} INFO - [2023-02-11 23:52:35,153] {dag.py:1818} INFO - Sync 1 DAGs
[2023-02-11 23:52:35,166] {logging_mixin.py:104} INFO - [2023-02-11 23:52:35,166] {dag.py:2273} INFO - Setting next_dagrun for latest_only_with_trigger to 2023-02-09 00:00:00+00:00
[2023-02-11 23:52:35,187] {scheduler_job.py:190} INFO - Processing /home/airflow/.local/lib/python3.6/site-packages/airflow/example_dags/example_latest_only_with_trigger.py took 0.064 seconds
[2023-02-11 23:53:05,224] {scheduler_job.py:182} INFO - Started process (PID=2298) to work on /home/airflow/.local/lib/python3.6/site-packages/airflow/example_dags/example_latest_only_with_trigger.py
[2023-02-11 23:53:05,225] {scheduler_job.py:629} INFO - Processing file /home/airflow/.local/lib/python3.6/site-packages/airflow/example_dags/example_latest_only_with_trigger.py for tasks to queue
[2023-02-11 23:53:05,226] {logging_mixin.py:104} INFO - [2023-02-11 23:53:05,226] {dagbag.py:448} INFO - Filling up the DagBag from /home/airflow/.local/lib/python3.6/site-packages/airflow/example_dags/example_latest_only_with_trigger.py
[2023-02-11 23:53:05,235] {scheduler_job.py:639} INFO - DAG(s) dict_keys(['latest_only_with_trigger']) retrieved from /home/airflow/.local/lib/python3.6/site-packages/airflow/example_dags/example_latest_only_with_trigger.py
[2023-02-11 23:53:05,254] {logging_mixin.py:104} INFO - [2023-02-11 23:53:05,254] {dag.py:1818} INFO - Sync 1 DAGs
[2023-02-11 23:53:05,269] {logging_mixin.py:104} INFO - [2023-02-11 23:53:05,268] {dag.py:2273} INFO - Setting next_dagrun for latest_only_with_trigger to 2023-02-09 00:00:00+00:00
[2023-02-11 23:53:05,293] {scheduler_job.py:190} INFO - Processing /home/airflow/.local/lib/python3.6/site-packages/airflow/example_dags/example_latest_only_with_trigger.py took 0.070 seconds
