[2023-02-11 23:08:11,719] {scheduler_job.py:182} INFO - Started process (PID=62) to work on /home/airflow/.local/lib/python3.6/site-packages/airflow/example_dags/example_skip_dag.py
[2023-02-11 23:08:11,720] {scheduler_job.py:629} INFO - Processing file /home/airflow/.local/lib/python3.6/site-packages/airflow/example_dags/example_skip_dag.py for tasks to queue
[2023-02-11 23:08:11,721] {logging_mixin.py:104} INFO - [2023-02-11 23:08:11,720] {dagbag.py:448} INFO - Filling up the DagBag from /home/airflow/.local/lib/python3.6/site-packages/airflow/example_dags/example_skip_dag.py
[2023-02-11 23:08:11,729] {scheduler_job.py:639} INFO - DAG(s) dict_keys(['example_skip_dag']) retrieved from /home/airflow/.local/lib/python3.6/site-packages/airflow/example_dags/example_skip_dag.py
[2023-02-11 23:08:11,749] {logging_mixin.py:104} INFO - [2023-02-11 23:08:11,749] {dag.py:1818} INFO - Sync 1 DAGs
[2023-02-11 23:08:11,757] {logging_mixin.py:104} INFO - [2023-02-11 23:08:11,757] {dag.py:1837} INFO - Creating ORM DAG for example_skip_dag
[2023-02-11 23:08:11,785] {logging_mixin.py:104} INFO - [2023-02-11 23:08:11,785] {dag.py:2273} INFO - Setting next_dagrun for example_skip_dag to 2023-02-09 00:00:00+00:00
[2023-02-11 23:08:11,820] {scheduler_job.py:190} INFO - Processing /home/airflow/.local/lib/python3.6/site-packages/airflow/example_dags/example_skip_dag.py took 0.103 seconds
[2023-02-11 23:08:42,913] {scheduler_job.py:182} INFO - Started process (PID=95) to work on /home/airflow/.local/lib/python3.6/site-packages/airflow/example_dags/example_skip_dag.py
[2023-02-11 23:08:42,914] {scheduler_job.py:629} INFO - Processing file /home/airflow/.local/lib/python3.6/site-packages/airflow/example_dags/example_skip_dag.py for tasks to queue
[2023-02-11 23:08:42,914] {logging_mixin.py:104} INFO - [2023-02-11 23:08:42,914] {dagbag.py:448} INFO - Filling up the DagBag from /home/airflow/.local/lib/python3.6/site-packages/airflow/example_dags/example_skip_dag.py
[2023-02-11 23:08:42,923] {scheduler_job.py:639} INFO - DAG(s) dict_keys(['example_skip_dag']) retrieved from /home/airflow/.local/lib/python3.6/site-packages/airflow/example_dags/example_skip_dag.py
[2023-02-11 23:08:42,943] {logging_mixin.py:104} INFO - [2023-02-11 23:08:42,943] {dag.py:1818} INFO - Sync 1 DAGs
[2023-02-11 23:08:42,954] {logging_mixin.py:104} INFO - [2023-02-11 23:08:42,954] {dag.py:2273} INFO - Setting next_dagrun for example_skip_dag to 2023-02-09 00:00:00+00:00
[2023-02-11 23:08:42,971] {scheduler_job.py:190} INFO - Processing /home/airflow/.local/lib/python3.6/site-packages/airflow/example_dags/example_skip_dag.py took 0.060 seconds
[2023-02-11 23:09:14,192] {scheduler_job.py:182} INFO - Started process (PID=114) to work on /home/airflow/.local/lib/python3.6/site-packages/airflow/example_dags/example_skip_dag.py
[2023-02-11 23:09:14,193] {scheduler_job.py:629} INFO - Processing file /home/airflow/.local/lib/python3.6/site-packages/airflow/example_dags/example_skip_dag.py for tasks to queue
[2023-02-11 23:09:14,193] {logging_mixin.py:104} INFO - [2023-02-11 23:09:14,193] {dagbag.py:448} INFO - Filling up the DagBag from /home/airflow/.local/lib/python3.6/site-packages/airflow/example_dags/example_skip_dag.py
[2023-02-11 23:09:14,204] {scheduler_job.py:639} INFO - DAG(s) dict_keys(['example_skip_dag']) retrieved from /home/airflow/.local/lib/python3.6/site-packages/airflow/example_dags/example_skip_dag.py
[2023-02-11 23:09:14,229] {logging_mixin.py:104} INFO - [2023-02-11 23:09:14,229] {dag.py:1818} INFO - Sync 1 DAGs
[2023-02-11 23:09:14,248] {logging_mixin.py:104} INFO - [2023-02-11 23:09:14,247] {dag.py:2273} INFO - Setting next_dagrun for example_skip_dag to 2023-02-09 00:00:00+00:00
[2023-02-11 23:09:14,282] {scheduler_job.py:190} INFO - Processing /home/airflow/.local/lib/python3.6/site-packages/airflow/example_dags/example_skip_dag.py took 0.093 seconds
[2023-02-11 23:52:04,904] {scheduler_job.py:182} INFO - Started process (PID=2246) to work on /home/airflow/.local/lib/python3.6/site-packages/airflow/example_dags/example_skip_dag.py
[2023-02-11 23:52:04,905] {scheduler_job.py:629} INFO - Processing file /home/airflow/.local/lib/python3.6/site-packages/airflow/example_dags/example_skip_dag.py for tasks to queue
[2023-02-11 23:52:04,905] {logging_mixin.py:104} INFO - [2023-02-11 23:52:04,905] {dagbag.py:448} INFO - Filling up the DagBag from /home/airflow/.local/lib/python3.6/site-packages/airflow/example_dags/example_skip_dag.py
[2023-02-11 23:52:04,915] {scheduler_job.py:639} INFO - DAG(s) dict_keys(['example_skip_dag']) retrieved from /home/airflow/.local/lib/python3.6/site-packages/airflow/example_dags/example_skip_dag.py
[2023-02-11 23:52:04,933] {logging_mixin.py:104} INFO - [2023-02-11 23:52:04,933] {dag.py:1818} INFO - Sync 1 DAGs
[2023-02-11 23:52:04,946] {logging_mixin.py:104} INFO - [2023-02-11 23:52:04,946] {dag.py:2273} INFO - Setting next_dagrun for example_skip_dag to 2023-02-09 00:00:00+00:00
[2023-02-11 23:52:04,976] {scheduler_job.py:190} INFO - Processing /home/airflow/.local/lib/python3.6/site-packages/airflow/example_dags/example_skip_dag.py took 0.074 seconds
[2023-02-11 23:52:35,050] {scheduler_job.py:182} INFO - Started process (PID=2271) to work on /home/airflow/.local/lib/python3.6/site-packages/airflow/example_dags/example_skip_dag.py
[2023-02-11 23:52:35,051] {scheduler_job.py:629} INFO - Processing file /home/airflow/.local/lib/python3.6/site-packages/airflow/example_dags/example_skip_dag.py for tasks to queue
[2023-02-11 23:52:35,051] {logging_mixin.py:104} INFO - [2023-02-11 23:52:35,051] {dagbag.py:448} INFO - Filling up the DagBag from /home/airflow/.local/lib/python3.6/site-packages/airflow/example_dags/example_skip_dag.py
[2023-02-11 23:52:35,060] {scheduler_job.py:639} INFO - DAG(s) dict_keys(['example_skip_dag']) retrieved from /home/airflow/.local/lib/python3.6/site-packages/airflow/example_dags/example_skip_dag.py
[2023-02-11 23:52:35,077] {logging_mixin.py:104} INFO - [2023-02-11 23:52:35,077] {dag.py:1818} INFO - Sync 1 DAGs
[2023-02-11 23:52:35,091] {logging_mixin.py:104} INFO - [2023-02-11 23:52:35,091] {dag.py:2273} INFO - Setting next_dagrun for example_skip_dag to 2023-02-09 00:00:00+00:00
[2023-02-11 23:52:35,112] {scheduler_job.py:190} INFO - Processing /home/airflow/.local/lib/python3.6/site-packages/airflow/example_dags/example_skip_dag.py took 0.064 seconds
[2023-02-11 23:53:05,129] {scheduler_job.py:182} INFO - Started process (PID=2295) to work on /home/airflow/.local/lib/python3.6/site-packages/airflow/example_dags/example_skip_dag.py
[2023-02-11 23:53:05,130] {scheduler_job.py:629} INFO - Processing file /home/airflow/.local/lib/python3.6/site-packages/airflow/example_dags/example_skip_dag.py for tasks to queue
[2023-02-11 23:53:05,130] {logging_mixin.py:104} INFO - [2023-02-11 23:53:05,130] {dagbag.py:448} INFO - Filling up the DagBag from /home/airflow/.local/lib/python3.6/site-packages/airflow/example_dags/example_skip_dag.py
[2023-02-11 23:53:05,139] {scheduler_job.py:639} INFO - DAG(s) dict_keys(['example_skip_dag']) retrieved from /home/airflow/.local/lib/python3.6/site-packages/airflow/example_dags/example_skip_dag.py
[2023-02-11 23:53:05,158] {logging_mixin.py:104} INFO - [2023-02-11 23:53:05,158] {dag.py:1818} INFO - Sync 1 DAGs
[2023-02-11 23:53:05,174] {logging_mixin.py:104} INFO - [2023-02-11 23:53:05,174] {dag.py:2273} INFO - Setting next_dagrun for example_skip_dag to 2023-02-09 00:00:00+00:00
[2023-02-11 23:53:05,197] {scheduler_job.py:190} INFO - Processing /home/airflow/.local/lib/python3.6/site-packages/airflow/example_dags/example_skip_dag.py took 0.071 seconds
