[2023-02-11 23:08:11,092] {scheduler_job.py:182} INFO - Started process (PID=56) to work on /home/airflow/.local/lib/python3.6/site-packages/airflow/example_dags/example_xcomargs.py
[2023-02-11 23:08:11,093] {scheduler_job.py:629} INFO - Processing file /home/airflow/.local/lib/python3.6/site-packages/airflow/example_dags/example_xcomargs.py for tasks to queue
[2023-02-11 23:08:11,093] {logging_mixin.py:104} INFO - [2023-02-11 23:08:11,093] {dagbag.py:448} INFO - Filling up the DagBag from /home/airflow/.local/lib/python3.6/site-packages/airflow/example_dags/example_xcomargs.py
[2023-02-11 23:08:11,105] {scheduler_job.py:639} INFO - DAG(s) dict_keys(['example_xcom_args', 'example_xcom_args_with_operators']) retrieved from /home/airflow/.local/lib/python3.6/site-packages/airflow/example_dags/example_xcomargs.py
[2023-02-11 23:08:11,134] {logging_mixin.py:104} INFO - [2023-02-11 23:08:11,134] {dag.py:1818} INFO - Sync 2 DAGs
[2023-02-11 23:08:11,182] {logging_mixin.py:104} INFO - [2023-02-11 23:08:11,182] {dag.py:1837} INFO - Creating ORM DAG for example_xcom_args
[2023-02-11 23:08:11,183] {logging_mixin.py:104} INFO - [2023-02-11 23:08:11,183] {dag.py:1837} INFO - Creating ORM DAG for example_xcom_args_with_operators
[2023-02-11 23:08:11,188] {logging_mixin.py:104} INFO - [2023-02-11 23:08:11,188] {dag.py:2273} INFO - Setting next_dagrun for example_xcom_args to None
[2023-02-11 23:08:11,189] {logging_mixin.py:104} INFO - [2023-02-11 23:08:11,189] {dag.py:2273} INFO - Setting next_dagrun for example_xcom_args_with_operators to None
[2023-02-11 23:08:11,215] {scheduler_job.py:190} INFO - Processing /home/airflow/.local/lib/python3.6/site-packages/airflow/example_dags/example_xcomargs.py took 0.126 seconds
[2023-02-11 23:08:41,321] {scheduler_job.py:182} INFO - Started process (PID=82) to work on /home/airflow/.local/lib/python3.6/site-packages/airflow/example_dags/example_xcomargs.py
[2023-02-11 23:08:41,322] {scheduler_job.py:629} INFO - Processing file /home/airflow/.local/lib/python3.6/site-packages/airflow/example_dags/example_xcomargs.py for tasks to queue
[2023-02-11 23:08:41,322] {logging_mixin.py:104} INFO - [2023-02-11 23:08:41,322] {dagbag.py:448} INFO - Filling up the DagBag from /home/airflow/.local/lib/python3.6/site-packages/airflow/example_dags/example_xcomargs.py
[2023-02-11 23:08:41,334] {scheduler_job.py:639} INFO - DAG(s) dict_keys(['example_xcom_args', 'example_xcom_args_with_operators']) retrieved from /home/airflow/.local/lib/python3.6/site-packages/airflow/example_dags/example_xcomargs.py
[2023-02-11 23:08:41,356] {logging_mixin.py:104} INFO - [2023-02-11 23:08:41,356] {dag.py:1818} INFO - Sync 2 DAGs
[2023-02-11 23:08:41,368] {logging_mixin.py:104} INFO - [2023-02-11 23:08:41,368] {dag.py:2273} INFO - Setting next_dagrun for example_xcom_args to None
[2023-02-11 23:08:41,369] {logging_mixin.py:104} INFO - [2023-02-11 23:08:41,369] {dag.py:2273} INFO - Setting next_dagrun for example_xcom_args_with_operators to None
[2023-02-11 23:08:41,390] {scheduler_job.py:190} INFO - Processing /home/airflow/.local/lib/python3.6/site-packages/airflow/example_dags/example_xcomargs.py took 0.071 seconds
[2023-02-11 23:09:13,730] {scheduler_job.py:182} INFO - Started process (PID=110) to work on /home/airflow/.local/lib/python3.6/site-packages/airflow/example_dags/example_xcomargs.py
[2023-02-11 23:09:13,730] {scheduler_job.py:629} INFO - Processing file /home/airflow/.local/lib/python3.6/site-packages/airflow/example_dags/example_xcomargs.py for tasks to queue
[2023-02-11 23:09:13,731] {logging_mixin.py:104} INFO - [2023-02-11 23:09:13,731] {dagbag.py:448} INFO - Filling up the DagBag from /home/airflow/.local/lib/python3.6/site-packages/airflow/example_dags/example_xcomargs.py
[2023-02-11 23:09:13,745] {scheduler_job.py:639} INFO - DAG(s) dict_keys(['example_xcom_args', 'example_xcom_args_with_operators']) retrieved from /home/airflow/.local/lib/python3.6/site-packages/airflow/example_dags/example_xcomargs.py
[2023-02-11 23:09:13,768] {logging_mixin.py:104} INFO - [2023-02-11 23:09:13,768] {dag.py:1818} INFO - Sync 2 DAGs
[2023-02-11 23:09:13,781] {logging_mixin.py:104} INFO - [2023-02-11 23:09:13,780] {dag.py:2273} INFO - Setting next_dagrun for example_xcom_args to None
[2023-02-11 23:09:13,781] {logging_mixin.py:104} INFO - [2023-02-11 23:09:13,781] {dag.py:2273} INFO - Setting next_dagrun for example_xcom_args_with_operators to None
[2023-02-11 23:09:14,015] {scheduler_job.py:190} INFO - Processing /home/airflow/.local/lib/python3.6/site-packages/airflow/example_dags/example_xcomargs.py took 0.288 seconds
[2023-02-11 23:09:44,482] {scheduler_job.py:182} INFO - Started process (PID=135) to work on /home/airflow/.local/lib/python3.6/site-packages/airflow/example_dags/example_xcomargs.py
[2023-02-11 23:09:44,482] {scheduler_job.py:629} INFO - Processing file /home/airflow/.local/lib/python3.6/site-packages/airflow/example_dags/example_xcomargs.py for tasks to queue
[2023-02-11 23:09:44,483] {logging_mixin.py:104} INFO - [2023-02-11 23:09:44,483] {dagbag.py:448} INFO - Filling up the DagBag from /home/airflow/.local/lib/python3.6/site-packages/airflow/example_dags/example_xcomargs.py
[2023-02-11 23:09:44,496] {scheduler_job.py:639} INFO - DAG(s) dict_keys(['example_xcom_args', 'example_xcom_args_with_operators']) retrieved from /home/airflow/.local/lib/python3.6/site-packages/airflow/example_dags/example_xcomargs.py
[2023-02-11 23:09:44,521] {logging_mixin.py:104} INFO - [2023-02-11 23:09:44,520] {dag.py:1818} INFO - Sync 2 DAGs
[2023-02-11 23:09:44,534] {logging_mixin.py:104} INFO - [2023-02-11 23:09:44,534] {dag.py:2273} INFO - Setting next_dagrun for example_xcom_args to None
[2023-02-11 23:09:44,535] {logging_mixin.py:104} INFO - [2023-02-11 23:09:44,535] {dag.py:2273} INFO - Setting next_dagrun for example_xcom_args_with_operators to None
[2023-02-11 23:09:44,572] {scheduler_job.py:190} INFO - Processing /home/airflow/.local/lib/python3.6/site-packages/airflow/example_dags/example_xcomargs.py took 0.093 seconds
[2023-02-11 23:52:04,992] {scheduler_job.py:182} INFO - Started process (PID=2248) to work on /home/airflow/.local/lib/python3.6/site-packages/airflow/example_dags/example_xcomargs.py
[2023-02-11 23:52:04,993] {scheduler_job.py:629} INFO - Processing file /home/airflow/.local/lib/python3.6/site-packages/airflow/example_dags/example_xcomargs.py for tasks to queue
[2023-02-11 23:52:04,994] {logging_mixin.py:104} INFO - [2023-02-11 23:52:04,993] {dagbag.py:448} INFO - Filling up the DagBag from /home/airflow/.local/lib/python3.6/site-packages/airflow/example_dags/example_xcomargs.py
[2023-02-11 23:52:05,007] {scheduler_job.py:639} INFO - DAG(s) dict_keys(['example_xcom_args', 'example_xcom_args_with_operators']) retrieved from /home/airflow/.local/lib/python3.6/site-packages/airflow/example_dags/example_xcomargs.py
[2023-02-11 23:52:05,029] {logging_mixin.py:104} INFO - [2023-02-11 23:52:05,029] {dag.py:1818} INFO - Sync 2 DAGs
[2023-02-11 23:52:05,041] {logging_mixin.py:104} INFO - [2023-02-11 23:52:05,041] {dag.py:2273} INFO - Setting next_dagrun for example_xcom_args to None
[2023-02-11 23:52:05,042] {logging_mixin.py:104} INFO - [2023-02-11 23:52:05,042] {dag.py:2273} INFO - Setting next_dagrun for example_xcom_args_with_operators to None
[2023-02-11 23:52:05,081] {scheduler_job.py:190} INFO - Processing /home/airflow/.local/lib/python3.6/site-packages/airflow/example_dags/example_xcomargs.py took 0.092 seconds
[2023-02-11 23:52:35,141] {scheduler_job.py:182} INFO - Started process (PID=2274) to work on /home/airflow/.local/lib/python3.6/site-packages/airflow/example_dags/example_xcomargs.py
[2023-02-11 23:52:35,141] {scheduler_job.py:629} INFO - Processing file /home/airflow/.local/lib/python3.6/site-packages/airflow/example_dags/example_xcomargs.py for tasks to queue
[2023-02-11 23:52:35,142] {logging_mixin.py:104} INFO - [2023-02-11 23:52:35,142] {dagbag.py:448} INFO - Filling up the DagBag from /home/airflow/.local/lib/python3.6/site-packages/airflow/example_dags/example_xcomargs.py
[2023-02-11 23:52:35,154] {scheduler_job.py:639} INFO - DAG(s) dict_keys(['example_xcom_args', 'example_xcom_args_with_operators']) retrieved from /home/airflow/.local/lib/python3.6/site-packages/airflow/example_dags/example_xcomargs.py
[2023-02-11 23:52:35,180] {logging_mixin.py:104} INFO - [2023-02-11 23:52:35,179] {dag.py:1818} INFO - Sync 2 DAGs
[2023-02-11 23:52:35,192] {logging_mixin.py:104} INFO - [2023-02-11 23:52:35,192] {dag.py:2273} INFO - Setting next_dagrun for example_xcom_args to None
[2023-02-11 23:52:35,193] {logging_mixin.py:104} INFO - [2023-02-11 23:52:35,193] {dag.py:2273} INFO - Setting next_dagrun for example_xcom_args_with_operators to None
[2023-02-11 23:52:35,223] {scheduler_job.py:190} INFO - Processing /home/airflow/.local/lib/python3.6/site-packages/airflow/example_dags/example_xcomargs.py took 0.084 seconds
[2023-02-11 23:53:05,380] {scheduler_job.py:182} INFO - Started process (PID=2301) to work on /home/airflow/.local/lib/python3.6/site-packages/airflow/example_dags/example_xcomargs.py
[2023-02-11 23:53:05,380] {scheduler_job.py:629} INFO - Processing file /home/airflow/.local/lib/python3.6/site-packages/airflow/example_dags/example_xcomargs.py for tasks to queue
[2023-02-11 23:53:05,381] {logging_mixin.py:104} INFO - [2023-02-11 23:53:05,381] {dagbag.py:448} INFO - Filling up the DagBag from /home/airflow/.local/lib/python3.6/site-packages/airflow/example_dags/example_xcomargs.py
[2023-02-11 23:53:05,395] {scheduler_job.py:639} INFO - DAG(s) dict_keys(['example_xcom_args', 'example_xcom_args_with_operators']) retrieved from /home/airflow/.local/lib/python3.6/site-packages/airflow/example_dags/example_xcomargs.py
[2023-02-11 23:53:05,420] {logging_mixin.py:104} INFO - [2023-02-11 23:53:05,420] {dag.py:1818} INFO - Sync 2 DAGs
[2023-02-11 23:53:05,432] {logging_mixin.py:104} INFO - [2023-02-11 23:53:05,432] {dag.py:2273} INFO - Setting next_dagrun for example_xcom_args to None
[2023-02-11 23:53:05,433] {logging_mixin.py:104} INFO - [2023-02-11 23:53:05,433] {dag.py:2273} INFO - Setting next_dagrun for example_xcom_args_with_operators to None
[2023-02-11 23:53:05,485] {scheduler_job.py:190} INFO - Processing /home/airflow/.local/lib/python3.6/site-packages/airflow/example_dags/example_xcomargs.py took 0.108 seconds
