[2023-02-11 23:08:12,303] {scheduler_job.py:182} INFO - Started process (PID=71) to work on /home/airflow/.local/lib/python3.6/site-packages/airflow/example_dags/example_trigger_controller_dag.py
[2023-02-11 23:08:12,304] {scheduler_job.py:629} INFO - Processing file /home/airflow/.local/lib/python3.6/site-packages/airflow/example_dags/example_trigger_controller_dag.py for tasks to queue
[2023-02-11 23:08:12,304] {logging_mixin.py:104} INFO - [2023-02-11 23:08:12,304] {dagbag.py:448} INFO - Filling up the DagBag from /home/airflow/.local/lib/python3.6/site-packages/airflow/example_dags/example_trigger_controller_dag.py
[2023-02-11 23:08:12,314] {scheduler_job.py:639} INFO - DAG(s) dict_keys(['example_trigger_controller_dag']) retrieved from /home/airflow/.local/lib/python3.6/site-packages/airflow/example_dags/example_trigger_controller_dag.py
[2023-02-11 23:08:12,336] {logging_mixin.py:104} INFO - [2023-02-11 23:08:12,336] {dag.py:1818} INFO - Sync 1 DAGs
[2023-02-11 23:08:12,348] {logging_mixin.py:104} INFO - [2023-02-11 23:08:12,348] {dag.py:1837} INFO - Creating ORM DAG for example_trigger_controller_dag
[2023-02-11 23:08:12,355] {logging_mixin.py:104} INFO - [2023-02-11 23:08:12,355] {dag.py:2273} INFO - Setting next_dagrun for example_trigger_controller_dag to 2023-02-09 00:00:00+00:00
[2023-02-11 23:08:12,409] {scheduler_job.py:190} INFO - Processing /home/airflow/.local/lib/python3.6/site-packages/airflow/example_dags/example_trigger_controller_dag.py took 0.108 seconds
[2023-02-11 23:08:42,826] {scheduler_job.py:182} INFO - Started process (PID=93) to work on /home/airflow/.local/lib/python3.6/site-packages/airflow/example_dags/example_trigger_controller_dag.py
[2023-02-11 23:08:42,827] {scheduler_job.py:629} INFO - Processing file /home/airflow/.local/lib/python3.6/site-packages/airflow/example_dags/example_trigger_controller_dag.py for tasks to queue
[2023-02-11 23:08:42,828] {logging_mixin.py:104} INFO - [2023-02-11 23:08:42,828] {dagbag.py:448} INFO - Filling up the DagBag from /home/airflow/.local/lib/python3.6/site-packages/airflow/example_dags/example_trigger_controller_dag.py
[2023-02-11 23:08:42,836] {scheduler_job.py:639} INFO - DAG(s) dict_keys(['example_trigger_controller_dag']) retrieved from /home/airflow/.local/lib/python3.6/site-packages/airflow/example_dags/example_trigger_controller_dag.py
[2023-02-11 23:08:42,855] {logging_mixin.py:104} INFO - [2023-02-11 23:08:42,855] {dag.py:1818} INFO - Sync 1 DAGs
[2023-02-11 23:08:42,869] {logging_mixin.py:104} INFO - [2023-02-11 23:08:42,869] {dag.py:2273} INFO - Setting next_dagrun for example_trigger_controller_dag to 2023-02-09 00:00:00+00:00
[2023-02-11 23:08:42,894] {scheduler_job.py:190} INFO - Processing /home/airflow/.local/lib/python3.6/site-packages/airflow/example_dags/example_trigger_controller_dag.py took 0.070 seconds
[2023-02-11 23:09:14,732] {scheduler_job.py:182} INFO - Started process (PID=123) to work on /home/airflow/.local/lib/python3.6/site-packages/airflow/example_dags/example_trigger_controller_dag.py
[2023-02-11 23:09:14,733] {scheduler_job.py:629} INFO - Processing file /home/airflow/.local/lib/python3.6/site-packages/airflow/example_dags/example_trigger_controller_dag.py for tasks to queue
[2023-02-11 23:09:14,734] {logging_mixin.py:104} INFO - [2023-02-11 23:09:14,733] {dagbag.py:448} INFO - Filling up the DagBag from /home/airflow/.local/lib/python3.6/site-packages/airflow/example_dags/example_trigger_controller_dag.py
[2023-02-11 23:09:14,743] {scheduler_job.py:639} INFO - DAG(s) dict_keys(['example_trigger_controller_dag']) retrieved from /home/airflow/.local/lib/python3.6/site-packages/airflow/example_dags/example_trigger_controller_dag.py
[2023-02-11 23:09:14,760] {logging_mixin.py:104} INFO - [2023-02-11 23:09:14,760] {dag.py:1818} INFO - Sync 1 DAGs
[2023-02-11 23:09:14,772] {logging_mixin.py:104} INFO - [2023-02-11 23:09:14,772] {dag.py:2273} INFO - Setting next_dagrun for example_trigger_controller_dag to 2023-02-09 00:00:00+00:00
[2023-02-11 23:09:14,802] {scheduler_job.py:190} INFO - Processing /home/airflow/.local/lib/python3.6/site-packages/airflow/example_dags/example_trigger_controller_dag.py took 0.073 seconds
[2023-02-11 23:52:06,196] {scheduler_job.py:182} INFO - Started process (PID=2252) to work on /home/airflow/.local/lib/python3.6/site-packages/airflow/example_dags/example_trigger_controller_dag.py
[2023-02-11 23:52:06,197] {scheduler_job.py:629} INFO - Processing file /home/airflow/.local/lib/python3.6/site-packages/airflow/example_dags/example_trigger_controller_dag.py for tasks to queue
[2023-02-11 23:52:06,197] {logging_mixin.py:104} INFO - [2023-02-11 23:52:06,197] {dagbag.py:448} INFO - Filling up the DagBag from /home/airflow/.local/lib/python3.6/site-packages/airflow/example_dags/example_trigger_controller_dag.py
[2023-02-11 23:52:06,206] {scheduler_job.py:639} INFO - DAG(s) dict_keys(['example_trigger_controller_dag']) retrieved from /home/airflow/.local/lib/python3.6/site-packages/airflow/example_dags/example_trigger_controller_dag.py
[2023-02-11 23:52:06,225] {logging_mixin.py:104} INFO - [2023-02-11 23:52:06,224] {dag.py:1818} INFO - Sync 1 DAGs
[2023-02-11 23:52:06,236] {logging_mixin.py:104} INFO - [2023-02-11 23:52:06,236] {dag.py:2273} INFO - Setting next_dagrun for example_trigger_controller_dag to 2023-02-09 00:00:00+00:00
[2023-02-11 23:52:06,256] {scheduler_job.py:190} INFO - Processing /home/airflow/.local/lib/python3.6/site-packages/airflow/example_dags/example_trigger_controller_dag.py took 0.063 seconds
[2023-02-11 23:52:36,352] {scheduler_job.py:182} INFO - Started process (PID=2280) to work on /home/airflow/.local/lib/python3.6/site-packages/airflow/example_dags/example_trigger_controller_dag.py
[2023-02-11 23:52:36,353] {scheduler_job.py:629} INFO - Processing file /home/airflow/.local/lib/python3.6/site-packages/airflow/example_dags/example_trigger_controller_dag.py for tasks to queue
[2023-02-11 23:52:36,354] {logging_mixin.py:104} INFO - [2023-02-11 23:52:36,353] {dagbag.py:448} INFO - Filling up the DagBag from /home/airflow/.local/lib/python3.6/site-packages/airflow/example_dags/example_trigger_controller_dag.py
[2023-02-11 23:52:36,361] {scheduler_job.py:639} INFO - DAG(s) dict_keys(['example_trigger_controller_dag']) retrieved from /home/airflow/.local/lib/python3.6/site-packages/airflow/example_dags/example_trigger_controller_dag.py
[2023-02-11 23:52:36,378] {logging_mixin.py:104} INFO - [2023-02-11 23:52:36,378] {dag.py:1818} INFO - Sync 1 DAGs
[2023-02-11 23:52:36,390] {logging_mixin.py:104} INFO - [2023-02-11 23:52:36,390] {dag.py:2273} INFO - Setting next_dagrun for example_trigger_controller_dag to 2023-02-09 00:00:00+00:00
[2023-02-11 23:52:36,410] {scheduler_job.py:190} INFO - Processing /home/airflow/.local/lib/python3.6/site-packages/airflow/example_dags/example_trigger_controller_dag.py took 0.060 seconds
[2023-02-11 23:53:06,531] {scheduler_job.py:182} INFO - Started process (PID=2304) to work on /home/airflow/.local/lib/python3.6/site-packages/airflow/example_dags/example_trigger_controller_dag.py
[2023-02-11 23:53:06,532] {scheduler_job.py:629} INFO - Processing file /home/airflow/.local/lib/python3.6/site-packages/airflow/example_dags/example_trigger_controller_dag.py for tasks to queue
[2023-02-11 23:53:06,533] {logging_mixin.py:104} INFO - [2023-02-11 23:53:06,533] {dagbag.py:448} INFO - Filling up the DagBag from /home/airflow/.local/lib/python3.6/site-packages/airflow/example_dags/example_trigger_controller_dag.py
[2023-02-11 23:53:06,544] {scheduler_job.py:639} INFO - DAG(s) dict_keys(['example_trigger_controller_dag']) retrieved from /home/airflow/.local/lib/python3.6/site-packages/airflow/example_dags/example_trigger_controller_dag.py
[2023-02-11 23:53:06,567] {logging_mixin.py:104} INFO - [2023-02-11 23:53:06,567] {dag.py:1818} INFO - Sync 1 DAGs
[2023-02-11 23:53:06,581] {logging_mixin.py:104} INFO - [2023-02-11 23:53:06,580] {dag.py:2273} INFO - Setting next_dagrun for example_trigger_controller_dag to 2023-02-09 00:00:00+00:00
[2023-02-11 23:53:06,604] {scheduler_job.py:190} INFO - Processing /home/airflow/.local/lib/python3.6/site-packages/airflow/example_dags/example_trigger_controller_dag.py took 0.076 seconds
