[2023-02-11 23:08:12,201] {scheduler_job.py:182} INFO - Started process (PID=69) to work on /home/airflow/.local/lib/python3.6/site-packages/airflow/example_dags/example_xcom.py
[2023-02-11 23:08:12,202] {scheduler_job.py:629} INFO - Processing file /home/airflow/.local/lib/python3.6/site-packages/airflow/example_dags/example_xcom.py for tasks to queue
[2023-02-11 23:08:12,203] {logging_mixin.py:104} INFO - [2023-02-11 23:08:12,202] {dagbag.py:448} INFO - Filling up the DagBag from /home/airflow/.local/lib/python3.6/site-packages/airflow/example_dags/example_xcom.py
[2023-02-11 23:08:12,213] {scheduler_job.py:639} INFO - DAG(s) dict_keys(['example_xcom']) retrieved from /home/airflow/.local/lib/python3.6/site-packages/airflow/example_dags/example_xcom.py
[2023-02-11 23:08:12,235] {logging_mixin.py:104} INFO - [2023-02-11 23:08:12,235] {dag.py:1818} INFO - Sync 1 DAGs
[2023-02-11 23:08:12,243] {logging_mixin.py:104} INFO - [2023-02-11 23:08:12,243] {dag.py:1837} INFO - Creating ORM DAG for example_xcom
[2023-02-11 23:08:12,248] {logging_mixin.py:104} INFO - [2023-02-11 23:08:12,248] {dag.py:2273} INFO - Setting next_dagrun for example_xcom to 2023-02-09 00:00:00+00:00
[2023-02-11 23:08:12,307] {scheduler_job.py:190} INFO - Processing /home/airflow/.local/lib/python3.6/site-packages/airflow/example_dags/example_xcom.py took 0.110 seconds
[2023-02-11 23:08:42,613] {scheduler_job.py:182} INFO - Started process (PID=87) to work on /home/airflow/.local/lib/python3.6/site-packages/airflow/example_dags/example_xcom.py
[2023-02-11 23:08:42,614] {scheduler_job.py:629} INFO - Processing file /home/airflow/.local/lib/python3.6/site-packages/airflow/example_dags/example_xcom.py for tasks to queue
[2023-02-11 23:08:42,614] {logging_mixin.py:104} INFO - [2023-02-11 23:08:42,614] {dagbag.py:448} INFO - Filling up the DagBag from /home/airflow/.local/lib/python3.6/site-packages/airflow/example_dags/example_xcom.py
[2023-02-11 23:08:42,625] {scheduler_job.py:639} INFO - DAG(s) dict_keys(['example_xcom']) retrieved from /home/airflow/.local/lib/python3.6/site-packages/airflow/example_dags/example_xcom.py
[2023-02-11 23:08:42,644] {logging_mixin.py:104} INFO - [2023-02-11 23:08:42,644] {dag.py:1818} INFO - Sync 1 DAGs
[2023-02-11 23:08:42,657] {logging_mixin.py:104} INFO - [2023-02-11 23:08:42,657] {dag.py:2273} INFO - Setting next_dagrun for example_xcom to 2023-02-09 00:00:00+00:00
[2023-02-11 23:08:42,676] {scheduler_job.py:190} INFO - Processing /home/airflow/.local/lib/python3.6/site-packages/airflow/example_dags/example_xcom.py took 0.065 seconds
[2023-02-11 23:09:14,485] {scheduler_job.py:182} INFO - Started process (PID=118) to work on /home/airflow/.local/lib/python3.6/site-packages/airflow/example_dags/example_xcom.py
[2023-02-11 23:09:14,486] {scheduler_job.py:629} INFO - Processing file /home/airflow/.local/lib/python3.6/site-packages/airflow/example_dags/example_xcom.py for tasks to queue
[2023-02-11 23:09:14,486] {logging_mixin.py:104} INFO - [2023-02-11 23:09:14,486] {dagbag.py:448} INFO - Filling up the DagBag from /home/airflow/.local/lib/python3.6/site-packages/airflow/example_dags/example_xcom.py
[2023-02-11 23:09:14,497] {scheduler_job.py:639} INFO - DAG(s) dict_keys(['example_xcom']) retrieved from /home/airflow/.local/lib/python3.6/site-packages/airflow/example_dags/example_xcom.py
[2023-02-11 23:09:14,519] {logging_mixin.py:104} INFO - [2023-02-11 23:09:14,519] {dag.py:1818} INFO - Sync 1 DAGs
[2023-02-11 23:09:14,534] {logging_mixin.py:104} INFO - [2023-02-11 23:09:14,534] {dag.py:2273} INFO - Setting next_dagrun for example_xcom to 2023-02-09 00:00:00+00:00
[2023-02-11 23:09:14,580] {scheduler_job.py:190} INFO - Processing /home/airflow/.local/lib/python3.6/site-packages/airflow/example_dags/example_xcom.py took 0.097 seconds
[2023-02-11 23:52:06,199] {scheduler_job.py:182} INFO - Started process (PID=2253) to work on /home/airflow/.local/lib/python3.6/site-packages/airflow/example_dags/example_xcom.py
[2023-02-11 23:52:06,200] {scheduler_job.py:629} INFO - Processing file /home/airflow/.local/lib/python3.6/site-packages/airflow/example_dags/example_xcom.py for tasks to queue
[2023-02-11 23:52:06,200] {logging_mixin.py:104} INFO - [2023-02-11 23:52:06,200] {dagbag.py:448} INFO - Filling up the DagBag from /home/airflow/.local/lib/python3.6/site-packages/airflow/example_dags/example_xcom.py
[2023-02-11 23:52:06,208] {scheduler_job.py:639} INFO - DAG(s) dict_keys(['example_xcom']) retrieved from /home/airflow/.local/lib/python3.6/site-packages/airflow/example_dags/example_xcom.py
[2023-02-11 23:52:06,225] {logging_mixin.py:104} INFO - [2023-02-11 23:52:06,224] {dag.py:1818} INFO - Sync 1 DAGs
[2023-02-11 23:52:06,236] {logging_mixin.py:104} INFO - [2023-02-11 23:52:06,236] {dag.py:2273} INFO - Setting next_dagrun for example_xcom to 2023-02-09 00:00:00+00:00
[2023-02-11 23:52:06,268] {scheduler_job.py:190} INFO - Processing /home/airflow/.local/lib/python3.6/site-packages/airflow/example_dags/example_xcom.py took 0.071 seconds
[2023-02-11 23:52:36,324] {scheduler_job.py:182} INFO - Started process (PID=2279) to work on /home/airflow/.local/lib/python3.6/site-packages/airflow/example_dags/example_xcom.py
[2023-02-11 23:52:36,325] {scheduler_job.py:629} INFO - Processing file /home/airflow/.local/lib/python3.6/site-packages/airflow/example_dags/example_xcom.py for tasks to queue
[2023-02-11 23:52:36,326] {logging_mixin.py:104} INFO - [2023-02-11 23:52:36,326] {dagbag.py:448} INFO - Filling up the DagBag from /home/airflow/.local/lib/python3.6/site-packages/airflow/example_dags/example_xcom.py
[2023-02-11 23:52:36,335] {scheduler_job.py:639} INFO - DAG(s) dict_keys(['example_xcom']) retrieved from /home/airflow/.local/lib/python3.6/site-packages/airflow/example_dags/example_xcom.py
[2023-02-11 23:52:36,354] {logging_mixin.py:104} INFO - [2023-02-11 23:52:36,353] {dag.py:1818} INFO - Sync 1 DAGs
[2023-02-11 23:52:36,367] {logging_mixin.py:104} INFO - [2023-02-11 23:52:36,367] {dag.py:2273} INFO - Setting next_dagrun for example_xcom to 2023-02-09 00:00:00+00:00
[2023-02-11 23:52:36,388] {scheduler_job.py:190} INFO - Processing /home/airflow/.local/lib/python3.6/site-packages/airflow/example_dags/example_xcom.py took 0.066 seconds
[2023-02-11 23:53:06,534] {scheduler_job.py:182} INFO - Started process (PID=2305) to work on /home/airflow/.local/lib/python3.6/site-packages/airflow/example_dags/example_xcom.py
[2023-02-11 23:53:06,535] {scheduler_job.py:629} INFO - Processing file /home/airflow/.local/lib/python3.6/site-packages/airflow/example_dags/example_xcom.py for tasks to queue
[2023-02-11 23:53:06,536] {logging_mixin.py:104} INFO - [2023-02-11 23:53:06,536] {dagbag.py:448} INFO - Filling up the DagBag from /home/airflow/.local/lib/python3.6/site-packages/airflow/example_dags/example_xcom.py
[2023-02-11 23:53:06,546] {scheduler_job.py:639} INFO - DAG(s) dict_keys(['example_xcom']) retrieved from /home/airflow/.local/lib/python3.6/site-packages/airflow/example_dags/example_xcom.py
[2023-02-11 23:53:06,568] {logging_mixin.py:104} INFO - [2023-02-11 23:53:06,568] {dag.py:1818} INFO - Sync 1 DAGs
[2023-02-11 23:53:06,581] {logging_mixin.py:104} INFO - [2023-02-11 23:53:06,581] {dag.py:2273} INFO - Setting next_dagrun for example_xcom to 2023-02-09 00:00:00+00:00
[2023-02-11 23:53:06,618] {scheduler_job.py:190} INFO - Processing /home/airflow/.local/lib/python3.6/site-packages/airflow/example_dags/example_xcom.py took 0.087 seconds
