[2023-02-11 23:08:12,582] {scheduler_job.py:182} INFO - Started process (PID=75) to work on /home/airflow/.local/lib/python3.6/site-packages/airflow/example_dags/example_latest_only.py
[2023-02-11 23:08:12,583] {scheduler_job.py:629} INFO - Processing file /home/airflow/.local/lib/python3.6/site-packages/airflow/example_dags/example_latest_only.py for tasks to queue
[2023-02-11 23:08:12,583] {logging_mixin.py:104} INFO - [2023-02-11 23:08:12,583] {dagbag.py:448} INFO - Filling up the DagBag from /home/airflow/.local/lib/python3.6/site-packages/airflow/example_dags/example_latest_only.py
[2023-02-11 23:08:12,592] {scheduler_job.py:639} INFO - DAG(s) dict_keys(['latest_only']) retrieved from /home/airflow/.local/lib/python3.6/site-packages/airflow/example_dags/example_latest_only.py
[2023-02-11 23:08:12,630] {logging_mixin.py:104} INFO - [2023-02-11 23:08:12,630] {dag.py:1818} INFO - Sync 1 DAGs
[2023-02-11 23:08:12,639] {logging_mixin.py:104} INFO - [2023-02-11 23:08:12,639] {dag.py:1837} INFO - Creating ORM DAG for latest_only
[2023-02-11 23:08:12,644] {logging_mixin.py:104} INFO - [2023-02-11 23:08:12,643] {dag.py:2273} INFO - Setting next_dagrun for latest_only to 2023-02-09 00:00:00+00:00
[2023-02-11 23:08:12,702] {scheduler_job.py:190} INFO - Processing /home/airflow/.local/lib/python3.6/site-packages/airflow/example_dags/example_latest_only.py took 0.151 seconds
[2023-02-11 23:08:43,156] {scheduler_job.py:182} INFO - Started process (PID=101) to work on /home/airflow/.local/lib/python3.6/site-packages/airflow/example_dags/example_latest_only.py
[2023-02-11 23:08:43,157] {scheduler_job.py:629} INFO - Processing file /home/airflow/.local/lib/python3.6/site-packages/airflow/example_dags/example_latest_only.py for tasks to queue
[2023-02-11 23:08:43,157] {logging_mixin.py:104} INFO - [2023-02-11 23:08:43,157] {dagbag.py:448} INFO - Filling up the DagBag from /home/airflow/.local/lib/python3.6/site-packages/airflow/example_dags/example_latest_only.py
[2023-02-11 23:08:43,165] {scheduler_job.py:639} INFO - DAG(s) dict_keys(['latest_only']) retrieved from /home/airflow/.local/lib/python3.6/site-packages/airflow/example_dags/example_latest_only.py
[2023-02-11 23:08:43,182] {logging_mixin.py:104} INFO - [2023-02-11 23:08:43,182] {dag.py:1818} INFO - Sync 1 DAGs
[2023-02-11 23:08:43,194] {logging_mixin.py:104} INFO - [2023-02-11 23:08:43,194] {dag.py:2273} INFO - Setting next_dagrun for latest_only to 2023-02-09 00:00:00+00:00
[2023-02-11 23:08:43,212] {scheduler_job.py:190} INFO - Processing /home/airflow/.local/lib/python3.6/site-packages/airflow/example_dags/example_latest_only.py took 0.058 seconds
[2023-02-11 23:09:14,920] {scheduler_job.py:182} INFO - Started process (PID=127) to work on /home/airflow/.local/lib/python3.6/site-packages/airflow/example_dags/example_latest_only.py
[2023-02-11 23:09:14,921] {scheduler_job.py:629} INFO - Processing file /home/airflow/.local/lib/python3.6/site-packages/airflow/example_dags/example_latest_only.py for tasks to queue
[2023-02-11 23:09:14,921] {logging_mixin.py:104} INFO - [2023-02-11 23:09:14,921] {dagbag.py:448} INFO - Filling up the DagBag from /home/airflow/.local/lib/python3.6/site-packages/airflow/example_dags/example_latest_only.py
[2023-02-11 23:09:14,931] {scheduler_job.py:639} INFO - DAG(s) dict_keys(['latest_only']) retrieved from /home/airflow/.local/lib/python3.6/site-packages/airflow/example_dags/example_latest_only.py
[2023-02-11 23:09:14,950] {logging_mixin.py:104} INFO - [2023-02-11 23:09:14,950] {dag.py:1818} INFO - Sync 1 DAGs
[2023-02-11 23:09:14,963] {logging_mixin.py:104} INFO - [2023-02-11 23:09:14,963] {dag.py:2273} INFO - Setting next_dagrun for latest_only to 2023-02-09 00:00:00+00:00
[2023-02-11 23:09:14,985] {scheduler_job.py:190} INFO - Processing /home/airflow/.local/lib/python3.6/site-packages/airflow/example_dags/example_latest_only.py took 0.068 seconds
[2023-02-11 23:52:12,602] {scheduler_job.py:182} INFO - Started process (PID=2262) to work on /home/airflow/.local/lib/python3.6/site-packages/airflow/example_dags/example_latest_only.py
[2023-02-11 23:52:12,603] {scheduler_job.py:629} INFO - Processing file /home/airflow/.local/lib/python3.6/site-packages/airflow/example_dags/example_latest_only.py for tasks to queue
[2023-02-11 23:52:12,603] {logging_mixin.py:104} INFO - [2023-02-11 23:52:12,603] {dagbag.py:448} INFO - Filling up the DagBag from /home/airflow/.local/lib/python3.6/site-packages/airflow/example_dags/example_latest_only.py
[2023-02-11 23:52:12,611] {scheduler_job.py:639} INFO - DAG(s) dict_keys(['latest_only']) retrieved from /home/airflow/.local/lib/python3.6/site-packages/airflow/example_dags/example_latest_only.py
[2023-02-11 23:52:12,628] {logging_mixin.py:104} INFO - [2023-02-11 23:52:12,627] {dag.py:1818} INFO - Sync 1 DAGs
[2023-02-11 23:52:12,639] {logging_mixin.py:104} INFO - [2023-02-11 23:52:12,639] {dag.py:2273} INFO - Setting next_dagrun for latest_only to 2023-02-09 00:00:00+00:00
[2023-02-11 23:52:12,658] {scheduler_job.py:190} INFO - Processing /home/airflow/.local/lib/python3.6/site-packages/airflow/example_dags/example_latest_only.py took 0.058 seconds
[2023-02-11 23:52:42,728] {scheduler_job.py:182} INFO - Started process (PID=2288) to work on /home/airflow/.local/lib/python3.6/site-packages/airflow/example_dags/example_latest_only.py
[2023-02-11 23:52:42,729] {scheduler_job.py:629} INFO - Processing file /home/airflow/.local/lib/python3.6/site-packages/airflow/example_dags/example_latest_only.py for tasks to queue
[2023-02-11 23:52:42,729] {logging_mixin.py:104} INFO - [2023-02-11 23:52:42,729] {dagbag.py:448} INFO - Filling up the DagBag from /home/airflow/.local/lib/python3.6/site-packages/airflow/example_dags/example_latest_only.py
[2023-02-11 23:52:42,737] {scheduler_job.py:639} INFO - DAG(s) dict_keys(['latest_only']) retrieved from /home/airflow/.local/lib/python3.6/site-packages/airflow/example_dags/example_latest_only.py
[2023-02-11 23:52:42,756] {logging_mixin.py:104} INFO - [2023-02-11 23:52:42,755] {dag.py:1818} INFO - Sync 1 DAGs
[2023-02-11 23:52:42,769] {logging_mixin.py:104} INFO - [2023-02-11 23:52:42,769] {dag.py:2273} INFO - Setting next_dagrun for latest_only to 2023-02-09 00:00:00+00:00
[2023-02-11 23:52:42,792] {scheduler_job.py:190} INFO - Processing /home/airflow/.local/lib/python3.6/site-packages/airflow/example_dags/example_latest_only.py took 0.066 seconds
[2023-02-11 23:53:12,963] {scheduler_job.py:182} INFO - Started process (PID=2314) to work on /home/airflow/.local/lib/python3.6/site-packages/airflow/example_dags/example_latest_only.py
[2023-02-11 23:53:12,965] {scheduler_job.py:629} INFO - Processing file /home/airflow/.local/lib/python3.6/site-packages/airflow/example_dags/example_latest_only.py for tasks to queue
[2023-02-11 23:53:12,965] {logging_mixin.py:104} INFO - [2023-02-11 23:53:12,965] {dagbag.py:448} INFO - Filling up the DagBag from /home/airflow/.local/lib/python3.6/site-packages/airflow/example_dags/example_latest_only.py
[2023-02-11 23:53:12,973] {scheduler_job.py:639} INFO - DAG(s) dict_keys(['latest_only']) retrieved from /home/airflow/.local/lib/python3.6/site-packages/airflow/example_dags/example_latest_only.py
[2023-02-11 23:53:12,993] {logging_mixin.py:104} INFO - [2023-02-11 23:53:12,992] {dag.py:1818} INFO - Sync 1 DAGs
[2023-02-11 23:53:13,006] {logging_mixin.py:104} INFO - [2023-02-11 23:53:13,006] {dag.py:2273} INFO - Setting next_dagrun for latest_only to 2023-02-09 00:00:00+00:00
[2023-02-11 23:53:13,028] {scheduler_job.py:190} INFO - Processing /home/airflow/.local/lib/python3.6/site-packages/airflow/example_dags/example_latest_only.py took 0.068 seconds
