[2023-02-11 23:08:11,842] {scheduler_job.py:182} INFO - Started process (PID=64) to work on /home/airflow/.local/lib/python3.6/site-packages/airflow/example_dags/example_branch_operator.py
[2023-02-11 23:08:11,843] {scheduler_job.py:629} INFO - Processing file /home/airflow/.local/lib/python3.6/site-packages/airflow/example_dags/example_branch_operator.py for tasks to queue
[2023-02-11 23:08:11,844] {logging_mixin.py:104} INFO - [2023-02-11 23:08:11,844] {dagbag.py:448} INFO - Filling up the DagBag from /home/airflow/.local/lib/python3.6/site-packages/airflow/example_dags/example_branch_operator.py
[2023-02-11 23:08:11,885] {scheduler_job.py:639} INFO - DAG(s) dict_keys(['example_branch_operator']) retrieved from /home/airflow/.local/lib/python3.6/site-packages/airflow/example_dags/example_branch_operator.py
[2023-02-11 23:08:11,907] {logging_mixin.py:104} INFO - [2023-02-11 23:08:11,907] {dag.py:1818} INFO - Sync 1 DAGs
[2023-02-11 23:08:11,915] {logging_mixin.py:104} INFO - [2023-02-11 23:08:11,915] {dag.py:1837} INFO - Creating ORM DAG for example_branch_operator
[2023-02-11 23:08:11,927] {logging_mixin.py:104} INFO - [2023-02-11 23:08:11,926] {dag.py:2273} INFO - Setting next_dagrun for example_branch_operator to 2023-02-09 00:00:00+00:00
[2023-02-11 23:08:11,982] {scheduler_job.py:190} INFO - Processing /home/airflow/.local/lib/python3.6/site-packages/airflow/example_dags/example_branch_operator.py took 0.143 seconds
[2023-02-11 23:08:42,517] {scheduler_job.py:182} INFO - Started process (PID=85) to work on /home/airflow/.local/lib/python3.6/site-packages/airflow/example_dags/example_branch_operator.py
[2023-02-11 23:08:42,518] {scheduler_job.py:629} INFO - Processing file /home/airflow/.local/lib/python3.6/site-packages/airflow/example_dags/example_branch_operator.py for tasks to queue
[2023-02-11 23:08:42,519] {logging_mixin.py:104} INFO - [2023-02-11 23:08:42,519] {dagbag.py:448} INFO - Filling up the DagBag from /home/airflow/.local/lib/python3.6/site-packages/airflow/example_dags/example_branch_operator.py
[2023-02-11 23:08:42,531] {scheduler_job.py:639} INFO - DAG(s) dict_keys(['example_branch_operator']) retrieved from /home/airflow/.local/lib/python3.6/site-packages/airflow/example_dags/example_branch_operator.py
[2023-02-11 23:08:42,552] {logging_mixin.py:104} INFO - [2023-02-11 23:08:42,552] {dag.py:1818} INFO - Sync 1 DAGs
[2023-02-11 23:08:42,569] {logging_mixin.py:104} INFO - [2023-02-11 23:08:42,569] {dag.py:2273} INFO - Setting next_dagrun for example_branch_operator to 2023-02-09 00:00:00+00:00
[2023-02-11 23:08:42,621] {scheduler_job.py:190} INFO - Processing /home/airflow/.local/lib/python3.6/site-packages/airflow/example_dags/example_branch_operator.py took 0.106 seconds
[2023-02-11 23:09:14,301] {scheduler_job.py:182} INFO - Started process (PID=116) to work on /home/airflow/.local/lib/python3.6/site-packages/airflow/example_dags/example_branch_operator.py
[2023-02-11 23:09:14,302] {scheduler_job.py:629} INFO - Processing file /home/airflow/.local/lib/python3.6/site-packages/airflow/example_dags/example_branch_operator.py for tasks to queue
[2023-02-11 23:09:14,303] {logging_mixin.py:104} INFO - [2023-02-11 23:09:14,303] {dagbag.py:448} INFO - Filling up the DagBag from /home/airflow/.local/lib/python3.6/site-packages/airflow/example_dags/example_branch_operator.py
[2023-02-11 23:09:14,319] {scheduler_job.py:639} INFO - DAG(s) dict_keys(['example_branch_operator']) retrieved from /home/airflow/.local/lib/python3.6/site-packages/airflow/example_dags/example_branch_operator.py
[2023-02-11 23:09:14,392] {logging_mixin.py:104} INFO - [2023-02-11 23:09:14,392] {dag.py:1818} INFO - Sync 1 DAGs
[2023-02-11 23:09:14,415] {logging_mixin.py:104} INFO - [2023-02-11 23:09:14,414] {dag.py:2273} INFO - Setting next_dagrun for example_branch_operator to 2023-02-09 00:00:00+00:00
[2023-02-11 23:09:14,443] {scheduler_job.py:190} INFO - Processing /home/airflow/.local/lib/python3.6/site-packages/airflow/example_dags/example_branch_operator.py took 0.144 seconds
[2023-02-11 23:09:44,477] {scheduler_job.py:182} INFO - Started process (PID=134) to work on /home/airflow/.local/lib/python3.6/site-packages/airflow/example_dags/example_branch_operator.py
[2023-02-11 23:09:44,478] {scheduler_job.py:629} INFO - Processing file /home/airflow/.local/lib/python3.6/site-packages/airflow/example_dags/example_branch_operator.py for tasks to queue
[2023-02-11 23:09:44,478] {logging_mixin.py:104} INFO - [2023-02-11 23:09:44,478] {dagbag.py:448} INFO - Filling up the DagBag from /home/airflow/.local/lib/python3.6/site-packages/airflow/example_dags/example_branch_operator.py
[2023-02-11 23:09:44,490] {scheduler_job.py:639} INFO - DAG(s) dict_keys(['example_branch_operator']) retrieved from /home/airflow/.local/lib/python3.6/site-packages/airflow/example_dags/example_branch_operator.py
[2023-02-11 23:09:44,510] {logging_mixin.py:104} INFO - [2023-02-11 23:09:44,510] {dag.py:1818} INFO - Sync 1 DAGs
[2023-02-11 23:09:44,530] {logging_mixin.py:104} INFO - [2023-02-11 23:09:44,530] {dag.py:2273} INFO - Setting next_dagrun for example_branch_operator to 2023-02-09 00:00:00+00:00
[2023-02-11 23:09:44,561] {scheduler_job.py:190} INFO - Processing /home/airflow/.local/lib/python3.6/site-packages/airflow/example_dags/example_branch_operator.py took 0.087 seconds
[2023-02-11 23:52:03,790] {scheduler_job.py:182} INFO - Started process (PID=2242) to work on /home/airflow/.local/lib/python3.6/site-packages/airflow/example_dags/example_branch_operator.py
[2023-02-11 23:52:03,791] {scheduler_job.py:629} INFO - Processing file /home/airflow/.local/lib/python3.6/site-packages/airflow/example_dags/example_branch_operator.py for tasks to queue
[2023-02-11 23:52:03,791] {logging_mixin.py:104} INFO - [2023-02-11 23:52:03,791] {dagbag.py:448} INFO - Filling up the DagBag from /home/airflow/.local/lib/python3.6/site-packages/airflow/example_dags/example_branch_operator.py
[2023-02-11 23:52:03,806] {scheduler_job.py:639} INFO - DAG(s) dict_keys(['example_branch_operator']) retrieved from /home/airflow/.local/lib/python3.6/site-packages/airflow/example_dags/example_branch_operator.py
[2023-02-11 23:52:03,826] {logging_mixin.py:104} INFO - [2023-02-11 23:52:03,826] {dag.py:1818} INFO - Sync 1 DAGs
[2023-02-11 23:52:03,844] {logging_mixin.py:104} INFO - [2023-02-11 23:52:03,844] {dag.py:2273} INFO - Setting next_dagrun for example_branch_operator to 2023-02-09 00:00:00+00:00
[2023-02-11 23:52:03,866] {scheduler_job.py:190} INFO - Processing /home/airflow/.local/lib/python3.6/site-packages/airflow/example_dags/example_branch_operator.py took 0.078 seconds
[2023-02-11 23:52:33,914] {scheduler_job.py:182} INFO - Started process (PID=2268) to work on /home/airflow/.local/lib/python3.6/site-packages/airflow/example_dags/example_branch_operator.py
[2023-02-11 23:52:33,915] {scheduler_job.py:629} INFO - Processing file /home/airflow/.local/lib/python3.6/site-packages/airflow/example_dags/example_branch_operator.py for tasks to queue
[2023-02-11 23:52:33,916] {logging_mixin.py:104} INFO - [2023-02-11 23:52:33,916] {dagbag.py:448} INFO - Filling up the DagBag from /home/airflow/.local/lib/python3.6/site-packages/airflow/example_dags/example_branch_operator.py
[2023-02-11 23:52:33,929] {scheduler_job.py:639} INFO - DAG(s) dict_keys(['example_branch_operator']) retrieved from /home/airflow/.local/lib/python3.6/site-packages/airflow/example_dags/example_branch_operator.py
[2023-02-11 23:52:33,947] {logging_mixin.py:104} INFO - [2023-02-11 23:52:33,947] {dag.py:1818} INFO - Sync 1 DAGs
[2023-02-11 23:52:33,966] {logging_mixin.py:104} INFO - [2023-02-11 23:52:33,966] {dag.py:2273} INFO - Setting next_dagrun for example_branch_operator to 2023-02-09 00:00:00+00:00
[2023-02-11 23:52:33,996] {scheduler_job.py:190} INFO - Processing /home/airflow/.local/lib/python3.6/site-packages/airflow/example_dags/example_branch_operator.py took 0.084 seconds
[2023-02-11 23:53:04,021] {scheduler_job.py:182} INFO - Started process (PID=2294) to work on /home/airflow/.local/lib/python3.6/site-packages/airflow/example_dags/example_branch_operator.py
[2023-02-11 23:53:04,021] {scheduler_job.py:629} INFO - Processing file /home/airflow/.local/lib/python3.6/site-packages/airflow/example_dags/example_branch_operator.py for tasks to queue
[2023-02-11 23:53:04,022] {logging_mixin.py:104} INFO - [2023-02-11 23:53:04,022] {dagbag.py:448} INFO - Filling up the DagBag from /home/airflow/.local/lib/python3.6/site-packages/airflow/example_dags/example_branch_operator.py
[2023-02-11 23:53:04,035] {scheduler_job.py:639} INFO - DAG(s) dict_keys(['example_branch_operator']) retrieved from /home/airflow/.local/lib/python3.6/site-packages/airflow/example_dags/example_branch_operator.py
[2023-02-11 23:53:04,053] {logging_mixin.py:104} INFO - [2023-02-11 23:53:04,053] {dag.py:1818} INFO - Sync 1 DAGs
[2023-02-11 23:53:04,073] {logging_mixin.py:104} INFO - [2023-02-11 23:53:04,073] {dag.py:2273} INFO - Setting next_dagrun for example_branch_operator to 2023-02-09 00:00:00+00:00
[2023-02-11 23:53:04,112] {scheduler_job.py:190} INFO - Processing /home/airflow/.local/lib/python3.6/site-packages/airflow/example_dags/example_branch_operator.py took 0.094 seconds
