[2023-02-11 23:08:12,652] {scheduler_job.py:182} INFO - Started process (PID=76) to work on /home/airflow/.local/lib/python3.6/site-packages/airflow/example_dags/example_bash_operator.py
[2023-02-11 23:08:12,653] {scheduler_job.py:629} INFO - Processing file /home/airflow/.local/lib/python3.6/site-packages/airflow/example_dags/example_bash_operator.py for tasks to queue
[2023-02-11 23:08:12,654] {logging_mixin.py:104} INFO - [2023-02-11 23:08:12,653] {dagbag.py:448} INFO - Filling up the DagBag from /home/airflow/.local/lib/python3.6/site-packages/airflow/example_dags/example_bash_operator.py
[2023-02-11 23:08:12,692] {scheduler_job.py:639} INFO - DAG(s) dict_keys(['example_bash_operator']) retrieved from /home/airflow/.local/lib/python3.6/site-packages/airflow/example_dags/example_bash_operator.py
[2023-02-11 23:08:12,715] {logging_mixin.py:104} INFO - [2023-02-11 23:08:12,714] {dag.py:1818} INFO - Sync 1 DAGs
[2023-02-11 23:08:12,723] {logging_mixin.py:104} INFO - [2023-02-11 23:08:12,723] {dag.py:1837} INFO - Creating ORM DAG for example_bash_operator
[2023-02-11 23:08:12,734] {logging_mixin.py:104} INFO - [2023-02-11 23:08:12,734] {dag.py:2273} INFO - Setting next_dagrun for example_bash_operator to 2023-02-09 00:00:00+00:00
[2023-02-11 23:08:12,885] {scheduler_job.py:190} INFO - Processing /home/airflow/.local/lib/python3.6/site-packages/airflow/example_dags/example_bash_operator.py took 0.236 seconds
[2023-02-11 23:08:43,227] {scheduler_job.py:182} INFO - Started process (PID=102) to work on /home/airflow/.local/lib/python3.6/site-packages/airflow/example_dags/example_bash_operator.py
[2023-02-11 23:08:43,228] {scheduler_job.py:629} INFO - Processing file /home/airflow/.local/lib/python3.6/site-packages/airflow/example_dags/example_bash_operator.py for tasks to queue
[2023-02-11 23:08:43,229] {logging_mixin.py:104} INFO - [2023-02-11 23:08:43,228] {dagbag.py:448} INFO - Filling up the DagBag from /home/airflow/.local/lib/python3.6/site-packages/airflow/example_dags/example_bash_operator.py
[2023-02-11 23:08:43,239] {scheduler_job.py:639} INFO - DAG(s) dict_keys(['example_bash_operator']) retrieved from /home/airflow/.local/lib/python3.6/site-packages/airflow/example_dags/example_bash_operator.py
[2023-02-11 23:08:43,257] {logging_mixin.py:104} INFO - [2023-02-11 23:08:43,257] {dag.py:1818} INFO - Sync 1 DAGs
[2023-02-11 23:08:43,275] {logging_mixin.py:104} INFO - [2023-02-11 23:08:43,275] {dag.py:2273} INFO - Setting next_dagrun for example_bash_operator to 2023-02-09 00:00:00+00:00
[2023-02-11 23:08:43,294] {scheduler_job.py:190} INFO - Processing /home/airflow/.local/lib/python3.6/site-packages/airflow/example_dags/example_bash_operator.py took 0.069 seconds
[2023-02-11 23:09:15,003] {scheduler_job.py:182} INFO - Started process (PID=128) to work on /home/airflow/.local/lib/python3.6/site-packages/airflow/example_dags/example_bash_operator.py
[2023-02-11 23:09:15,004] {scheduler_job.py:629} INFO - Processing file /home/airflow/.local/lib/python3.6/site-packages/airflow/example_dags/example_bash_operator.py for tasks to queue
[2023-02-11 23:09:15,005] {logging_mixin.py:104} INFO - [2023-02-11 23:09:15,005] {dagbag.py:448} INFO - Filling up the DagBag from /home/airflow/.local/lib/python3.6/site-packages/airflow/example_dags/example_bash_operator.py
[2023-02-11 23:09:15,021] {scheduler_job.py:639} INFO - DAG(s) dict_keys(['example_bash_operator']) retrieved from /home/airflow/.local/lib/python3.6/site-packages/airflow/example_dags/example_bash_operator.py
[2023-02-11 23:09:15,044] {logging_mixin.py:104} INFO - [2023-02-11 23:09:15,043] {dag.py:1818} INFO - Sync 1 DAGs
[2023-02-11 23:09:15,088] {logging_mixin.py:104} INFO - [2023-02-11 23:09:15,088] {dag.py:2273} INFO - Setting next_dagrun for example_bash_operator to 2023-02-09 00:00:00+00:00
[2023-02-11 23:09:15,115] {scheduler_job.py:190} INFO - Processing /home/airflow/.local/lib/python3.6/site-packages/airflow/example_dags/example_bash_operator.py took 0.114 seconds
[2023-02-11 23:52:07,487] {scheduler_job.py:182} INFO - Started process (PID=2260) to work on /home/airflow/.local/lib/python3.6/site-packages/airflow/example_dags/example_bash_operator.py
[2023-02-11 23:52:07,488] {scheduler_job.py:629} INFO - Processing file /home/airflow/.local/lib/python3.6/site-packages/airflow/example_dags/example_bash_operator.py for tasks to queue
[2023-02-11 23:52:07,488] {logging_mixin.py:104} INFO - [2023-02-11 23:52:07,488] {dagbag.py:448} INFO - Filling up the DagBag from /home/airflow/.local/lib/python3.6/site-packages/airflow/example_dags/example_bash_operator.py
[2023-02-11 23:52:07,499] {scheduler_job.py:639} INFO - DAG(s) dict_keys(['example_bash_operator']) retrieved from /home/airflow/.local/lib/python3.6/site-packages/airflow/example_dags/example_bash_operator.py
[2023-02-11 23:52:07,517] {logging_mixin.py:104} INFO - [2023-02-11 23:52:07,517] {dag.py:1818} INFO - Sync 1 DAGs
[2023-02-11 23:52:07,535] {logging_mixin.py:104} INFO - [2023-02-11 23:52:07,535] {dag.py:2273} INFO - Setting next_dagrun for example_bash_operator to 2023-02-09 00:00:00+00:00
[2023-02-11 23:52:07,558] {scheduler_job.py:190} INFO - Processing /home/airflow/.local/lib/python3.6/site-packages/airflow/example_dags/example_bash_operator.py took 0.074 seconds
[2023-02-11 23:52:37,613] {scheduler_job.py:182} INFO - Started process (PID=2286) to work on /home/airflow/.local/lib/python3.6/site-packages/airflow/example_dags/example_bash_operator.py
[2023-02-11 23:52:37,614] {scheduler_job.py:629} INFO - Processing file /home/airflow/.local/lib/python3.6/site-packages/airflow/example_dags/example_bash_operator.py for tasks to queue
[2023-02-11 23:52:37,615] {logging_mixin.py:104} INFO - [2023-02-11 23:52:37,614] {dagbag.py:448} INFO - Filling up the DagBag from /home/airflow/.local/lib/python3.6/site-packages/airflow/example_dags/example_bash_operator.py
[2023-02-11 23:52:37,626] {scheduler_job.py:639} INFO - DAG(s) dict_keys(['example_bash_operator']) retrieved from /home/airflow/.local/lib/python3.6/site-packages/airflow/example_dags/example_bash_operator.py
[2023-02-11 23:52:37,646] {logging_mixin.py:104} INFO - [2023-02-11 23:52:37,646] {dag.py:1818} INFO - Sync 1 DAGs
[2023-02-11 23:52:37,667] {logging_mixin.py:104} INFO - [2023-02-11 23:52:37,667] {dag.py:2273} INFO - Setting next_dagrun for example_bash_operator to 2023-02-09 00:00:00+00:00
[2023-02-11 23:52:37,686] {scheduler_job.py:190} INFO - Processing /home/airflow/.local/lib/python3.6/site-packages/airflow/example_dags/example_bash_operator.py took 0.075 seconds
[2023-02-11 23:53:07,860] {scheduler_job.py:182} INFO - Started process (PID=2312) to work on /home/airflow/.local/lib/python3.6/site-packages/airflow/example_dags/example_bash_operator.py
[2023-02-11 23:53:07,860] {scheduler_job.py:629} INFO - Processing file /home/airflow/.local/lib/python3.6/site-packages/airflow/example_dags/example_bash_operator.py for tasks to queue
[2023-02-11 23:53:07,861] {logging_mixin.py:104} INFO - [2023-02-11 23:53:07,861] {dagbag.py:448} INFO - Filling up the DagBag from /home/airflow/.local/lib/python3.6/site-packages/airflow/example_dags/example_bash_operator.py
[2023-02-11 23:53:07,871] {scheduler_job.py:639} INFO - DAG(s) dict_keys(['example_bash_operator']) retrieved from /home/airflow/.local/lib/python3.6/site-packages/airflow/example_dags/example_bash_operator.py
[2023-02-11 23:53:07,890] {logging_mixin.py:104} INFO - [2023-02-11 23:53:07,890] {dag.py:1818} INFO - Sync 1 DAGs
[2023-02-11 23:53:07,908] {logging_mixin.py:104} INFO - [2023-02-11 23:53:07,908] {dag.py:2273} INFO - Setting next_dagrun for example_bash_operator to 2023-02-09 00:00:00+00:00
[2023-02-11 23:53:07,930] {scheduler_job.py:190} INFO - Processing /home/airflow/.local/lib/python3.6/site-packages/airflow/example_dags/example_bash_operator.py took 0.073 seconds
