[2023-02-11 23:08:11,038] {scheduler_job.py:182} INFO - Started process (PID=55) to work on /home/airflow/.local/lib/python3.6/site-packages/airflow/example_dags/example_external_task_marker_dag.py
[2023-02-11 23:08:11,039] {scheduler_job.py:629} INFO - Processing file /home/airflow/.local/lib/python3.6/site-packages/airflow/example_dags/example_external_task_marker_dag.py for tasks to queue
[2023-02-11 23:08:11,039] {logging_mixin.py:104} INFO - [2023-02-11 23:08:11,039] {dagbag.py:448} INFO - Filling up the DagBag from /home/airflow/.local/lib/python3.6/site-packages/airflow/example_dags/example_external_task_marker_dag.py
[2023-02-11 23:08:11,087] {scheduler_job.py:639} INFO - DAG(s) dict_keys(['example_external_task_marker_parent', 'example_external_task_marker_child']) retrieved from /home/airflow/.local/lib/python3.6/site-packages/airflow/example_dags/example_external_task_marker_dag.py
[2023-02-11 23:08:11,114] {logging_mixin.py:104} INFO - [2023-02-11 23:08:11,114] {dag.py:1818} INFO - Sync 2 DAGs
[2023-02-11 23:08:11,124] {logging_mixin.py:104} INFO - [2023-02-11 23:08:11,124] {dag.py:1837} INFO - Creating ORM DAG for example_external_task_marker_parent
[2023-02-11 23:08:11,125] {logging_mixin.py:104} INFO - [2023-02-11 23:08:11,124] {dag.py:1837} INFO - Creating ORM DAG for example_external_task_marker_child
[2023-02-11 23:08:11,130] {logging_mixin.py:104} INFO - [2023-02-11 23:08:11,130] {dag.py:2273} INFO - Setting next_dagrun for example_external_task_marker_child to None
[2023-02-11 23:08:11,130] {logging_mixin.py:104} INFO - [2023-02-11 23:08:11,130] {dag.py:2273} INFO - Setting next_dagrun for example_external_task_marker_parent to None
[2023-02-11 23:08:11,201] {scheduler_job.py:190} INFO - Processing /home/airflow/.local/lib/python3.6/site-packages/airflow/example_dags/example_external_task_marker_dag.py took 0.166 seconds
[2023-02-11 23:08:41,224] {scheduler_job.py:182} INFO - Started process (PID=81) to work on /home/airflow/.local/lib/python3.6/site-packages/airflow/example_dags/example_external_task_marker_dag.py
[2023-02-11 23:08:41,225] {scheduler_job.py:629} INFO - Processing file /home/airflow/.local/lib/python3.6/site-packages/airflow/example_dags/example_external_task_marker_dag.py for tasks to queue
[2023-02-11 23:08:41,225] {logging_mixin.py:104} INFO - [2023-02-11 23:08:41,225] {dagbag.py:448} INFO - Filling up the DagBag from /home/airflow/.local/lib/python3.6/site-packages/airflow/example_dags/example_external_task_marker_dag.py
[2023-02-11 23:08:41,234] {scheduler_job.py:639} INFO - DAG(s) dict_keys(['example_external_task_marker_parent', 'example_external_task_marker_child']) retrieved from /home/airflow/.local/lib/python3.6/site-packages/airflow/example_dags/example_external_task_marker_dag.py
[2023-02-11 23:08:41,271] {logging_mixin.py:104} INFO - [2023-02-11 23:08:41,271] {dag.py:1818} INFO - Sync 2 DAGs
[2023-02-11 23:08:41,283] {logging_mixin.py:104} INFO - [2023-02-11 23:08:41,283] {dag.py:2273} INFO - Setting next_dagrun for example_external_task_marker_child to None
[2023-02-11 23:08:41,284] {logging_mixin.py:104} INFO - [2023-02-11 23:08:41,284] {dag.py:2273} INFO - Setting next_dagrun for example_external_task_marker_parent to None
[2023-02-11 23:08:41,307] {scheduler_job.py:190} INFO - Processing /home/airflow/.local/lib/python3.6/site-packages/airflow/example_dags/example_external_task_marker_dag.py took 0.086 seconds
[2023-02-11 23:09:11,491] {scheduler_job.py:182} INFO - Started process (PID=107) to work on /home/airflow/.local/lib/python3.6/site-packages/airflow/example_dags/example_external_task_marker_dag.py
[2023-02-11 23:09:11,492] {scheduler_job.py:629} INFO - Processing file /home/airflow/.local/lib/python3.6/site-packages/airflow/example_dags/example_external_task_marker_dag.py for tasks to queue
[2023-02-11 23:09:11,493] {logging_mixin.py:104} INFO - [2023-02-11 23:09:11,493] {dagbag.py:448} INFO - Filling up the DagBag from /home/airflow/.local/lib/python3.6/site-packages/airflow/example_dags/example_external_task_marker_dag.py
[2023-02-11 23:09:11,505] {scheduler_job.py:639} INFO - DAG(s) dict_keys(['example_external_task_marker_parent', 'example_external_task_marker_child']) retrieved from /home/airflow/.local/lib/python3.6/site-packages/airflow/example_dags/example_external_task_marker_dag.py
[2023-02-11 23:09:11,536] {logging_mixin.py:104} INFO - [2023-02-11 23:09:11,536] {dag.py:1818} INFO - Sync 2 DAGs
[2023-02-11 23:09:11,555] {logging_mixin.py:104} INFO - [2023-02-11 23:09:11,555] {dag.py:2273} INFO - Setting next_dagrun for example_external_task_marker_child to None
[2023-02-11 23:09:11,556] {logging_mixin.py:104} INFO - [2023-02-11 23:09:11,556] {dag.py:2273} INFO - Setting next_dagrun for example_external_task_marker_parent to None
[2023-02-11 23:09:12,066] {scheduler_job.py:190} INFO - Processing /home/airflow/.local/lib/python3.6/site-packages/airflow/example_dags/example_external_task_marker_dag.py took 0.577 seconds
[2023-02-11 23:09:42,334] {scheduler_job.py:182} INFO - Started process (PID=133) to work on /home/airflow/.local/lib/python3.6/site-packages/airflow/example_dags/example_external_task_marker_dag.py
[2023-02-11 23:09:42,335] {scheduler_job.py:629} INFO - Processing file /home/airflow/.local/lib/python3.6/site-packages/airflow/example_dags/example_external_task_marker_dag.py for tasks to queue
[2023-02-11 23:09:42,336] {logging_mixin.py:104} INFO - [2023-02-11 23:09:42,335] {dagbag.py:448} INFO - Filling up the DagBag from /home/airflow/.local/lib/python3.6/site-packages/airflow/example_dags/example_external_task_marker_dag.py
[2023-02-11 23:09:42,345] {scheduler_job.py:639} INFO - DAG(s) dict_keys(['example_external_task_marker_parent', 'example_external_task_marker_child']) retrieved from /home/airflow/.local/lib/python3.6/site-packages/airflow/example_dags/example_external_task_marker_dag.py
[2023-02-11 23:09:42,366] {logging_mixin.py:104} INFO - [2023-02-11 23:09:42,366] {dag.py:1818} INFO - Sync 2 DAGs
[2023-02-11 23:09:42,379] {logging_mixin.py:104} INFO - [2023-02-11 23:09:42,379] {dag.py:2273} INFO - Setting next_dagrun for example_external_task_marker_child to None
[2023-02-11 23:09:42,379] {logging_mixin.py:104} INFO - [2023-02-11 23:09:42,379] {dag.py:2273} INFO - Setting next_dagrun for example_external_task_marker_parent to None
[2023-02-11 23:09:42,507] {scheduler_job.py:190} INFO - Processing /home/airflow/.local/lib/python3.6/site-packages/airflow/example_dags/example_external_task_marker_dag.py took 0.175 seconds
[2023-02-11 23:52:04,807] {scheduler_job.py:182} INFO - Started process (PID=2244) to work on /home/airflow/.local/lib/python3.6/site-packages/airflow/example_dags/example_external_task_marker_dag.py
[2023-02-11 23:52:04,807] {scheduler_job.py:629} INFO - Processing file /home/airflow/.local/lib/python3.6/site-packages/airflow/example_dags/example_external_task_marker_dag.py for tasks to queue
[2023-02-11 23:52:04,808] {logging_mixin.py:104} INFO - [2023-02-11 23:52:04,808] {dagbag.py:448} INFO - Filling up the DagBag from /home/airflow/.local/lib/python3.6/site-packages/airflow/example_dags/example_external_task_marker_dag.py
[2023-02-11 23:52:04,818] {scheduler_job.py:639} INFO - DAG(s) dict_keys(['example_external_task_marker_parent', 'example_external_task_marker_child']) retrieved from /home/airflow/.local/lib/python3.6/site-packages/airflow/example_dags/example_external_task_marker_dag.py
[2023-02-11 23:52:04,843] {logging_mixin.py:104} INFO - [2023-02-11 23:52:04,843] {dag.py:1818} INFO - Sync 2 DAGs
[2023-02-11 23:52:04,858] {logging_mixin.py:104} INFO - [2023-02-11 23:52:04,858] {dag.py:2273} INFO - Setting next_dagrun for example_external_task_marker_child to None
[2023-02-11 23:52:04,859] {logging_mixin.py:104} INFO - [2023-02-11 23:52:04,859] {dag.py:2273} INFO - Setting next_dagrun for example_external_task_marker_parent to None
[2023-02-11 23:52:04,891] {scheduler_job.py:190} INFO - Processing /home/airflow/.local/lib/python3.6/site-packages/airflow/example_dags/example_external_task_marker_dag.py took 0.087 seconds
[2023-02-11 23:52:34,941] {scheduler_job.py:182} INFO - Started process (PID=2270) to work on /home/airflow/.local/lib/python3.6/site-packages/airflow/example_dags/example_external_task_marker_dag.py
[2023-02-11 23:52:34,942] {scheduler_job.py:629} INFO - Processing file /home/airflow/.local/lib/python3.6/site-packages/airflow/example_dags/example_external_task_marker_dag.py for tasks to queue
[2023-02-11 23:52:34,942] {logging_mixin.py:104} INFO - [2023-02-11 23:52:34,942] {dagbag.py:448} INFO - Filling up the DagBag from /home/airflow/.local/lib/python3.6/site-packages/airflow/example_dags/example_external_task_marker_dag.py
[2023-02-11 23:52:34,951] {scheduler_job.py:639} INFO - DAG(s) dict_keys(['example_external_task_marker_parent', 'example_external_task_marker_child']) retrieved from /home/airflow/.local/lib/python3.6/site-packages/airflow/example_dags/example_external_task_marker_dag.py
[2023-02-11 23:52:34,972] {logging_mixin.py:104} INFO - [2023-02-11 23:52:34,972] {dag.py:1818} INFO - Sync 2 DAGs
[2023-02-11 23:52:34,985] {logging_mixin.py:104} INFO - [2023-02-11 23:52:34,985] {dag.py:2273} INFO - Setting next_dagrun for example_external_task_marker_child to None
[2023-02-11 23:52:34,985] {logging_mixin.py:104} INFO - [2023-02-11 23:52:34,985] {dag.py:2273} INFO - Setting next_dagrun for example_external_task_marker_parent to None
[2023-02-11 23:52:35,048] {scheduler_job.py:190} INFO - Processing /home/airflow/.local/lib/python3.6/site-packages/airflow/example_dags/example_external_task_marker_dag.py took 0.110 seconds
[2023-02-11 23:53:05,211] {scheduler_job.py:182} INFO - Started process (PID=2297) to work on /home/airflow/.local/lib/python3.6/site-packages/airflow/example_dags/example_external_task_marker_dag.py
[2023-02-11 23:53:05,212] {scheduler_job.py:629} INFO - Processing file /home/airflow/.local/lib/python3.6/site-packages/airflow/example_dags/example_external_task_marker_dag.py for tasks to queue
[2023-02-11 23:53:05,213] {logging_mixin.py:104} INFO - [2023-02-11 23:53:05,213] {dagbag.py:448} INFO - Filling up the DagBag from /home/airflow/.local/lib/python3.6/site-packages/airflow/example_dags/example_external_task_marker_dag.py
[2023-02-11 23:53:05,222] {scheduler_job.py:639} INFO - DAG(s) dict_keys(['example_external_task_marker_parent', 'example_external_task_marker_child']) retrieved from /home/airflow/.local/lib/python3.6/site-packages/airflow/example_dags/example_external_task_marker_dag.py
[2023-02-11 23:53:05,246] {logging_mixin.py:104} INFO - [2023-02-11 23:53:05,246] {dag.py:1818} INFO - Sync 2 DAGs
[2023-02-11 23:53:05,259] {logging_mixin.py:104} INFO - [2023-02-11 23:53:05,259] {dag.py:2273} INFO - Setting next_dagrun for example_external_task_marker_child to None
[2023-02-11 23:53:05,260] {logging_mixin.py:104} INFO - [2023-02-11 23:53:05,260] {dag.py:2273} INFO - Setting next_dagrun for example_external_task_marker_parent to None
[2023-02-11 23:53:05,279] {scheduler_job.py:190} INFO - Processing /home/airflow/.local/lib/python3.6/site-packages/airflow/example_dags/example_external_task_marker_dag.py took 0.070 seconds
