[2023-02-11 23:08:12,326] {scheduler_job.py:182} INFO - Started process (PID=72) to work on /home/airflow/.local/lib/python3.6/site-packages/airflow/example_dags/example_dag_decorator.py
[2023-02-11 23:08:12,327] {scheduler_job.py:629} INFO - Processing file /home/airflow/.local/lib/python3.6/site-packages/airflow/example_dags/example_dag_decorator.py for tasks to queue
[2023-02-11 23:08:12,327] {logging_mixin.py:104} INFO - [2023-02-11 23:08:12,327] {dagbag.py:448} INFO - Filling up the DagBag from /home/airflow/.local/lib/python3.6/site-packages/airflow/example_dags/example_dag_decorator.py
[2023-02-11 23:08:12,347] {scheduler_job.py:639} INFO - DAG(s) dict_keys(['example_dag_decorator']) retrieved from /home/airflow/.local/lib/python3.6/site-packages/airflow/example_dags/example_dag_decorator.py
[2023-02-11 23:08:12,407] {logging_mixin.py:104} INFO - [2023-02-11 23:08:12,407] {dag.py:1818} INFO - Sync 1 DAGs
[2023-02-11 23:08:12,418] {logging_mixin.py:104} INFO - [2023-02-11 23:08:12,418] {dag.py:1837} INFO - Creating ORM DAG for example_dag_decorator
[2023-02-11 23:08:12,422] {logging_mixin.py:104} INFO - [2023-02-11 23:08:12,422] {dag.py:2273} INFO - Setting next_dagrun for example_dag_decorator to None
[2023-02-11 23:08:12,451] {scheduler_job.py:190} INFO - Processing /home/airflow/.local/lib/python3.6/site-packages/airflow/example_dags/example_dag_decorator.py took 0.128 seconds
[2023-02-11 23:08:43,069] {scheduler_job.py:182} INFO - Started process (PID=99) to work on /home/airflow/.local/lib/python3.6/site-packages/airflow/example_dags/example_dag_decorator.py
[2023-02-11 23:08:43,070] {scheduler_job.py:629} INFO - Processing file /home/airflow/.local/lib/python3.6/site-packages/airflow/example_dags/example_dag_decorator.py for tasks to queue
[2023-02-11 23:08:43,070] {logging_mixin.py:104} INFO - [2023-02-11 23:08:43,070] {dagbag.py:448} INFO - Filling up the DagBag from /home/airflow/.local/lib/python3.6/site-packages/airflow/example_dags/example_dag_decorator.py
[2023-02-11 23:08:43,084] {scheduler_job.py:639} INFO - DAG(s) dict_keys(['example_dag_decorator']) retrieved from /home/airflow/.local/lib/python3.6/site-packages/airflow/example_dags/example_dag_decorator.py
[2023-02-11 23:08:43,104] {logging_mixin.py:104} INFO - [2023-02-11 23:08:43,104] {dag.py:1818} INFO - Sync 1 DAGs
[2023-02-11 23:08:43,117] {logging_mixin.py:104} INFO - [2023-02-11 23:08:43,117] {dag.py:2273} INFO - Setting next_dagrun for example_dag_decorator to None
[2023-02-11 23:08:43,142] {scheduler_job.py:190} INFO - Processing /home/airflow/.local/lib/python3.6/site-packages/airflow/example_dags/example_dag_decorator.py took 0.076 seconds
[2023-02-11 23:09:14,805] {scheduler_job.py:182} INFO - Started process (PID=124) to work on /home/airflow/.local/lib/python3.6/site-packages/airflow/example_dags/example_dag_decorator.py
[2023-02-11 23:09:14,806] {scheduler_job.py:629} INFO - Processing file /home/airflow/.local/lib/python3.6/site-packages/airflow/example_dags/example_dag_decorator.py for tasks to queue
[2023-02-11 23:09:14,807] {logging_mixin.py:104} INFO - [2023-02-11 23:09:14,807] {dagbag.py:448} INFO - Filling up the DagBag from /home/airflow/.local/lib/python3.6/site-packages/airflow/example_dags/example_dag_decorator.py
[2023-02-11 23:09:14,823] {scheduler_job.py:639} INFO - DAG(s) dict_keys(['example_dag_decorator']) retrieved from /home/airflow/.local/lib/python3.6/site-packages/airflow/example_dags/example_dag_decorator.py
[2023-02-11 23:09:14,846] {logging_mixin.py:104} INFO - [2023-02-11 23:09:14,846] {dag.py:1818} INFO - Sync 1 DAGs
[2023-02-11 23:09:14,862] {logging_mixin.py:104} INFO - [2023-02-11 23:09:14,861] {dag.py:2273} INFO - Setting next_dagrun for example_dag_decorator to None
[2023-02-11 23:09:14,885] {scheduler_job.py:190} INFO - Processing /home/airflow/.local/lib/python3.6/site-packages/airflow/example_dags/example_dag_decorator.py took 0.082 seconds
[2023-02-11 23:52:06,272] {scheduler_job.py:182} INFO - Started process (PID=2254) to work on /home/airflow/.local/lib/python3.6/site-packages/airflow/example_dags/example_dag_decorator.py
[2023-02-11 23:52:06,273] {scheduler_job.py:629} INFO - Processing file /home/airflow/.local/lib/python3.6/site-packages/airflow/example_dags/example_dag_decorator.py for tasks to queue
[2023-02-11 23:52:06,274] {logging_mixin.py:104} INFO - [2023-02-11 23:52:06,273] {dagbag.py:448} INFO - Filling up the DagBag from /home/airflow/.local/lib/python3.6/site-packages/airflow/example_dags/example_dag_decorator.py
[2023-02-11 23:52:06,287] {scheduler_job.py:639} INFO - DAG(s) dict_keys(['example_dag_decorator']) retrieved from /home/airflow/.local/lib/python3.6/site-packages/airflow/example_dags/example_dag_decorator.py
[2023-02-11 23:52:06,306] {logging_mixin.py:104} INFO - [2023-02-11 23:52:06,306] {dag.py:1818} INFO - Sync 1 DAGs
[2023-02-11 23:52:06,320] {logging_mixin.py:104} INFO - [2023-02-11 23:52:06,320] {dag.py:2273} INFO - Setting next_dagrun for example_dag_decorator to None
[2023-02-11 23:52:06,350] {scheduler_job.py:190} INFO - Processing /home/airflow/.local/lib/python3.6/site-packages/airflow/example_dags/example_dag_decorator.py took 0.081 seconds
[2023-02-11 23:52:36,404] {scheduler_job.py:182} INFO - Started process (PID=2281) to work on /home/airflow/.local/lib/python3.6/site-packages/airflow/example_dags/example_dag_decorator.py
[2023-02-11 23:52:36,405] {scheduler_job.py:629} INFO - Processing file /home/airflow/.local/lib/python3.6/site-packages/airflow/example_dags/example_dag_decorator.py for tasks to queue
[2023-02-11 23:52:36,406] {logging_mixin.py:104} INFO - [2023-02-11 23:52:36,406] {dagbag.py:448} INFO - Filling up the DagBag from /home/airflow/.local/lib/python3.6/site-packages/airflow/example_dags/example_dag_decorator.py
[2023-02-11 23:52:36,419] {scheduler_job.py:639} INFO - DAG(s) dict_keys(['example_dag_decorator']) retrieved from /home/airflow/.local/lib/python3.6/site-packages/airflow/example_dags/example_dag_decorator.py
[2023-02-11 23:52:36,439] {logging_mixin.py:104} INFO - [2023-02-11 23:52:36,439] {dag.py:1818} INFO - Sync 1 DAGs
[2023-02-11 23:52:36,453] {logging_mixin.py:104} INFO - [2023-02-11 23:52:36,453] {dag.py:2273} INFO - Setting next_dagrun for example_dag_decorator to None
[2023-02-11 23:52:36,473] {scheduler_job.py:190} INFO - Processing /home/airflow/.local/lib/python3.6/site-packages/airflow/example_dags/example_dag_decorator.py took 0.071 seconds
[2023-02-11 23:53:06,622] {scheduler_job.py:182} INFO - Started process (PID=2306) to work on /home/airflow/.local/lib/python3.6/site-packages/airflow/example_dags/example_dag_decorator.py
[2023-02-11 23:53:06,623] {scheduler_job.py:629} INFO - Processing file /home/airflow/.local/lib/python3.6/site-packages/airflow/example_dags/example_dag_decorator.py for tasks to queue
[2023-02-11 23:53:06,623] {logging_mixin.py:104} INFO - [2023-02-11 23:53:06,623] {dagbag.py:448} INFO - Filling up the DagBag from /home/airflow/.local/lib/python3.6/site-packages/airflow/example_dags/example_dag_decorator.py
[2023-02-11 23:53:06,635] {scheduler_job.py:639} INFO - DAG(s) dict_keys(['example_dag_decorator']) retrieved from /home/airflow/.local/lib/python3.6/site-packages/airflow/example_dags/example_dag_decorator.py
[2023-02-11 23:53:06,656] {logging_mixin.py:104} INFO - [2023-02-11 23:53:06,656] {dag.py:1818} INFO - Sync 1 DAGs
[2023-02-11 23:53:06,670] {logging_mixin.py:104} INFO - [2023-02-11 23:53:06,669] {dag.py:2273} INFO - Setting next_dagrun for example_dag_decorator to None
[2023-02-11 23:53:06,693] {scheduler_job.py:190} INFO - Processing /home/airflow/.local/lib/python3.6/site-packages/airflow/example_dags/example_dag_decorator.py took 0.074 seconds
