[2023-02-11 23:08:12,904] {scheduler_job.py:182} INFO - Started process (PID=78) to work on /home/airflow/.local/lib/python3.6/site-packages/airflow/example_dags/example_branch_python_dop_operator_3.py
[2023-02-11 23:08:12,905] {scheduler_job.py:629} INFO - Processing file /home/airflow/.local/lib/python3.6/site-packages/airflow/example_dags/example_branch_python_dop_operator_3.py for tasks to queue
[2023-02-11 23:08:12,906] {logging_mixin.py:104} INFO - [2023-02-11 23:08:12,906] {dagbag.py:448} INFO - Filling up the DagBag from /home/airflow/.local/lib/python3.6/site-packages/airflow/example_dags/example_branch_python_dop_operator_3.py
[2023-02-11 23:08:12,919] {scheduler_job.py:639} INFO - DAG(s) dict_keys(['example_branch_dop_operator_v3']) retrieved from /home/airflow/.local/lib/python3.6/site-packages/airflow/example_dags/example_branch_python_dop_operator_3.py
[2023-02-11 23:08:12,984] {logging_mixin.py:104} INFO - [2023-02-11 23:08:12,983] {dag.py:1818} INFO - Sync 1 DAGs
[2023-02-11 23:08:12,993] {logging_mixin.py:104} INFO - [2023-02-11 23:08:12,992] {dag.py:1837} INFO - Creating ORM DAG for example_branch_dop_operator_v3
[2023-02-11 23:08:13,009] {logging_mixin.py:104} INFO - [2023-02-11 23:08:13,009] {dag.py:2273} INFO - Setting next_dagrun for example_branch_dop_operator_v3 to 2023-02-09 00:00:00+00:00
[2023-02-11 23:08:13,040] {scheduler_job.py:190} INFO - Processing /home/airflow/.local/lib/python3.6/site-packages/airflow/example_dags/example_branch_python_dop_operator_3.py took 0.138 seconds
[2023-02-11 23:08:43,310] {scheduler_job.py:182} INFO - Started process (PID=104) to work on /home/airflow/.local/lib/python3.6/site-packages/airflow/example_dags/example_branch_python_dop_operator_3.py
[2023-02-11 23:08:43,311] {scheduler_job.py:629} INFO - Processing file /home/airflow/.local/lib/python3.6/site-packages/airflow/example_dags/example_branch_python_dop_operator_3.py for tasks to queue
[2023-02-11 23:08:43,311] {logging_mixin.py:104} INFO - [2023-02-11 23:08:43,311] {dagbag.py:448} INFO - Filling up the DagBag from /home/airflow/.local/lib/python3.6/site-packages/airflow/example_dags/example_branch_python_dop_operator_3.py
[2023-02-11 23:08:43,322] {scheduler_job.py:639} INFO - DAG(s) dict_keys(['example_branch_dop_operator_v3']) retrieved from /home/airflow/.local/lib/python3.6/site-packages/airflow/example_dags/example_branch_python_dop_operator_3.py
[2023-02-11 23:08:43,339] {logging_mixin.py:104} INFO - [2023-02-11 23:08:43,339] {dag.py:1818} INFO - Sync 1 DAGs
[2023-02-11 23:08:43,363] {logging_mixin.py:104} INFO - [2023-02-11 23:08:43,363] {dag.py:2273} INFO - Setting next_dagrun for example_branch_dop_operator_v3 to 2023-02-09 00:00:00+00:00
[2023-02-11 23:08:43,381] {scheduler_job.py:190} INFO - Processing /home/airflow/.local/lib/python3.6/site-packages/airflow/example_dags/example_branch_python_dop_operator_3.py took 0.073 seconds
[2023-02-11 23:09:15,134] {scheduler_job.py:182} INFO - Started process (PID=130) to work on /home/airflow/.local/lib/python3.6/site-packages/airflow/example_dags/example_branch_python_dop_operator_3.py
[2023-02-11 23:09:15,135] {scheduler_job.py:629} INFO - Processing file /home/airflow/.local/lib/python3.6/site-packages/airflow/example_dags/example_branch_python_dop_operator_3.py for tasks to queue
[2023-02-11 23:09:15,136] {logging_mixin.py:104} INFO - [2023-02-11 23:09:15,136] {dagbag.py:448} INFO - Filling up the DagBag from /home/airflow/.local/lib/python3.6/site-packages/airflow/example_dags/example_branch_python_dop_operator_3.py
[2023-02-11 23:09:15,196] {scheduler_job.py:639} INFO - DAG(s) dict_keys(['example_branch_dop_operator_v3']) retrieved from /home/airflow/.local/lib/python3.6/site-packages/airflow/example_dags/example_branch_python_dop_operator_3.py
[2023-02-11 23:09:15,223] {logging_mixin.py:104} INFO - [2023-02-11 23:09:15,223] {dag.py:1818} INFO - Sync 1 DAGs
[2023-02-11 23:09:15,255] {logging_mixin.py:104} INFO - [2023-02-11 23:09:15,254] {dag.py:2273} INFO - Setting next_dagrun for example_branch_dop_operator_v3 to 2023-02-09 00:00:00+00:00
[2023-02-11 23:09:15,305] {scheduler_job.py:190} INFO - Processing /home/airflow/.local/lib/python3.6/site-packages/airflow/example_dags/example_branch_python_dop_operator_3.py took 0.174 seconds
[2023-02-11 23:52:07,561] {scheduler_job.py:182} INFO - Started process (PID=2261) to work on /home/airflow/.local/lib/python3.6/site-packages/airflow/example_dags/example_branch_python_dop_operator_3.py
[2023-02-11 23:52:07,561] {scheduler_job.py:629} INFO - Processing file /home/airflow/.local/lib/python3.6/site-packages/airflow/example_dags/example_branch_python_dop_operator_3.py for tasks to queue
[2023-02-11 23:52:07,562] {logging_mixin.py:104} INFO - [2023-02-11 23:52:07,562] {dagbag.py:448} INFO - Filling up the DagBag from /home/airflow/.local/lib/python3.6/site-packages/airflow/example_dags/example_branch_python_dop_operator_3.py
[2023-02-11 23:52:07,573] {scheduler_job.py:639} INFO - DAG(s) dict_keys(['example_branch_dop_operator_v3']) retrieved from /home/airflow/.local/lib/python3.6/site-packages/airflow/example_dags/example_branch_python_dop_operator_3.py
[2023-02-11 23:52:07,591] {logging_mixin.py:104} INFO - [2023-02-11 23:52:07,591] {dag.py:1818} INFO - Sync 1 DAGs
[2023-02-11 23:52:07,617] {logging_mixin.py:104} INFO - [2023-02-11 23:52:07,616] {dag.py:2273} INFO - Setting next_dagrun for example_branch_dop_operator_v3 to 2023-02-09 00:00:00+00:00
[2023-02-11 23:52:07,637] {scheduler_job.py:190} INFO - Processing /home/airflow/.local/lib/python3.6/site-packages/airflow/example_dags/example_branch_python_dop_operator_3.py took 0.078 seconds
[2023-02-11 23:52:37,703] {scheduler_job.py:182} INFO - Started process (PID=2287) to work on /home/airflow/.local/lib/python3.6/site-packages/airflow/example_dags/example_branch_python_dop_operator_3.py
[2023-02-11 23:52:37,704] {scheduler_job.py:629} INFO - Processing file /home/airflow/.local/lib/python3.6/site-packages/airflow/example_dags/example_branch_python_dop_operator_3.py for tasks to queue
[2023-02-11 23:52:37,704] {logging_mixin.py:104} INFO - [2023-02-11 23:52:37,704] {dagbag.py:448} INFO - Filling up the DagBag from /home/airflow/.local/lib/python3.6/site-packages/airflow/example_dags/example_branch_python_dop_operator_3.py
[2023-02-11 23:52:37,716] {scheduler_job.py:639} INFO - DAG(s) dict_keys(['example_branch_dop_operator_v3']) retrieved from /home/airflow/.local/lib/python3.6/site-packages/airflow/example_dags/example_branch_python_dop_operator_3.py
[2023-02-11 23:52:37,732] {logging_mixin.py:104} INFO - [2023-02-11 23:52:37,732] {dag.py:1818} INFO - Sync 1 DAGs
[2023-02-11 23:52:37,757] {logging_mixin.py:104} INFO - [2023-02-11 23:52:37,757] {dag.py:2273} INFO - Setting next_dagrun for example_branch_dop_operator_v3 to 2023-02-09 00:00:00+00:00
[2023-02-11 23:52:37,799] {scheduler_job.py:190} INFO - Processing /home/airflow/.local/lib/python3.6/site-packages/airflow/example_dags/example_branch_python_dop_operator_3.py took 0.098 seconds
[2023-02-11 23:53:07,884] {scheduler_job.py:182} INFO - Started process (PID=2313) to work on /home/airflow/.local/lib/python3.6/site-packages/airflow/example_dags/example_branch_python_dop_operator_3.py
[2023-02-11 23:53:07,885] {scheduler_job.py:629} INFO - Processing file /home/airflow/.local/lib/python3.6/site-packages/airflow/example_dags/example_branch_python_dop_operator_3.py for tasks to queue
[2023-02-11 23:53:07,886] {logging_mixin.py:104} INFO - [2023-02-11 23:53:07,885] {dagbag.py:448} INFO - Filling up the DagBag from /home/airflow/.local/lib/python3.6/site-packages/airflow/example_dags/example_branch_python_dop_operator_3.py
[2023-02-11 23:53:07,897] {scheduler_job.py:639} INFO - DAG(s) dict_keys(['example_branch_dop_operator_v3']) retrieved from /home/airflow/.local/lib/python3.6/site-packages/airflow/example_dags/example_branch_python_dop_operator_3.py
[2023-02-11 23:53:07,915] {logging_mixin.py:104} INFO - [2023-02-11 23:53:07,915] {dag.py:1818} INFO - Sync 1 DAGs
[2023-02-11 23:53:07,942] {logging_mixin.py:104} INFO - [2023-02-11 23:53:07,941] {dag.py:2273} INFO - Setting next_dagrun for example_branch_dop_operator_v3 to 2023-02-09 00:00:00+00:00
[2023-02-11 23:53:07,961] {scheduler_job.py:190} INFO - Processing /home/airflow/.local/lib/python3.6/site-packages/airflow/example_dags/example_branch_python_dop_operator_3.py took 0.080 seconds
