[2023-02-11 23:08:11,397] {scheduler_job.py:182} INFO - Started process (PID=60) to work on /home/airflow/.local/lib/python3.6/site-packages/airflow/example_dags/example_kubernetes_executor.py
[2023-02-11 23:08:11,398] {scheduler_job.py:629} INFO - Processing file /home/airflow/.local/lib/python3.6/site-packages/airflow/example_dags/example_kubernetes_executor.py for tasks to queue
[2023-02-11 23:08:11,398] {logging_mixin.py:104} INFO - [2023-02-11 23:08:11,398] {dagbag.py:448} INFO - Filling up the DagBag from /home/airflow/.local/lib/python3.6/site-packages/airflow/example_dags/example_kubernetes_executor.py
[2023-02-11 23:08:11,412] {scheduler_job.py:639} INFO - DAG(s) dict_keys(['example_kubernetes_executor']) retrieved from /home/airflow/.local/lib/python3.6/site-packages/airflow/example_dags/example_kubernetes_executor.py
[2023-02-11 23:08:11,435] {logging_mixin.py:104} INFO - [2023-02-11 23:08:11,435] {dag.py:1818} INFO - Sync 1 DAGs
[2023-02-11 23:08:11,482] {logging_mixin.py:104} INFO - [2023-02-11 23:08:11,481] {dag.py:1837} INFO - Creating ORM DAG for example_kubernetes_executor
[2023-02-11 23:08:11,489] {logging_mixin.py:104} INFO - [2023-02-11 23:08:11,489] {dag.py:2273} INFO - Setting next_dagrun for example_kubernetes_executor to None
[2023-02-11 23:08:11,537] {scheduler_job.py:190} INFO - Processing /home/airflow/.local/lib/python3.6/site-packages/airflow/example_dags/example_kubernetes_executor.py took 0.142 seconds
[2023-02-11 23:08:42,814] {scheduler_job.py:182} INFO - Started process (PID=92) to work on /home/airflow/.local/lib/python3.6/site-packages/airflow/example_dags/example_kubernetes_executor.py
[2023-02-11 23:08:42,815] {scheduler_job.py:629} INFO - Processing file /home/airflow/.local/lib/python3.6/site-packages/airflow/example_dags/example_kubernetes_executor.py for tasks to queue
[2023-02-11 23:08:42,815] {logging_mixin.py:104} INFO - [2023-02-11 23:08:42,815] {dagbag.py:448} INFO - Filling up the DagBag from /home/airflow/.local/lib/python3.6/site-packages/airflow/example_dags/example_kubernetes_executor.py
[2023-02-11 23:08:42,825] {scheduler_job.py:639} INFO - DAG(s) dict_keys(['example_kubernetes_executor']) retrieved from /home/airflow/.local/lib/python3.6/site-packages/airflow/example_dags/example_kubernetes_executor.py
[2023-02-11 23:08:42,843] {logging_mixin.py:104} INFO - [2023-02-11 23:08:42,843] {dag.py:1818} INFO - Sync 1 DAGs
[2023-02-11 23:08:42,856] {logging_mixin.py:104} INFO - [2023-02-11 23:08:42,856] {dag.py:2273} INFO - Setting next_dagrun for example_kubernetes_executor to None
[2023-02-11 23:08:42,878] {scheduler_job.py:190} INFO - Processing /home/airflow/.local/lib/python3.6/site-packages/airflow/example_dags/example_kubernetes_executor.py took 0.067 seconds
[2023-02-11 23:09:14,032] {scheduler_job.py:182} INFO - Started process (PID=112) to work on /home/airflow/.local/lib/python3.6/site-packages/airflow/example_dags/example_kubernetes_executor.py
[2023-02-11 23:09:14,033] {scheduler_job.py:629} INFO - Processing file /home/airflow/.local/lib/python3.6/site-packages/airflow/example_dags/example_kubernetes_executor.py for tasks to queue
[2023-02-11 23:09:14,033] {logging_mixin.py:104} INFO - [2023-02-11 23:09:14,033] {dagbag.py:448} INFO - Filling up the DagBag from /home/airflow/.local/lib/python3.6/site-packages/airflow/example_dags/example_kubernetes_executor.py
[2023-02-11 23:09:14,045] {scheduler_job.py:639} INFO - DAG(s) dict_keys(['example_kubernetes_executor']) retrieved from /home/airflow/.local/lib/python3.6/site-packages/airflow/example_dags/example_kubernetes_executor.py
[2023-02-11 23:09:14,064] {logging_mixin.py:104} INFO - [2023-02-11 23:09:14,064] {dag.py:1818} INFO - Sync 1 DAGs
[2023-02-11 23:09:14,077] {logging_mixin.py:104} INFO - [2023-02-11 23:09:14,077] {dag.py:2273} INFO - Setting next_dagrun for example_kubernetes_executor to None
[2023-02-11 23:09:14,171] {scheduler_job.py:190} INFO - Processing /home/airflow/.local/lib/python3.6/site-packages/airflow/example_dags/example_kubernetes_executor.py took 0.142 seconds
[2023-02-11 23:09:44,798] {scheduler_job.py:182} INFO - Started process (PID=139) to work on /home/airflow/.local/lib/python3.6/site-packages/airflow/example_dags/example_kubernetes_executor.py
[2023-02-11 23:09:44,925] {scheduler_job.py:629} INFO - Processing file /home/airflow/.local/lib/python3.6/site-packages/airflow/example_dags/example_kubernetes_executor.py for tasks to queue
[2023-02-11 23:09:44,929] {logging_mixin.py:104} INFO - [2023-02-11 23:09:44,928] {dagbag.py:448} INFO - Filling up the DagBag from /home/airflow/.local/lib/python3.6/site-packages/airflow/example_dags/example_kubernetes_executor.py
[2023-02-11 23:09:44,941] {scheduler_job.py:639} INFO - DAG(s) dict_keys(['example_kubernetes_executor']) retrieved from /home/airflow/.local/lib/python3.6/site-packages/airflow/example_dags/example_kubernetes_executor.py
[2023-02-11 23:09:44,986] {logging_mixin.py:104} INFO - [2023-02-11 23:09:44,986] {dag.py:1818} INFO - Sync 1 DAGs
[2023-02-11 23:52:01,573] {scheduler_job.py:182} INFO - Started process (PID=2238) to work on /home/airflow/.local/lib/python3.6/site-packages/airflow/example_dags/example_kubernetes_executor.py
[2023-02-11 23:52:01,574] {scheduler_job.py:629} INFO - Processing file /home/airflow/.local/lib/python3.6/site-packages/airflow/example_dags/example_kubernetes_executor.py for tasks to queue
[2023-02-11 23:52:01,574] {logging_mixin.py:104} INFO - [2023-02-11 23:52:01,574] {dagbag.py:448} INFO - Filling up the DagBag from /home/airflow/.local/lib/python3.6/site-packages/airflow/example_dags/example_kubernetes_executor.py
[2023-02-11 23:52:01,584] {scheduler_job.py:639} INFO - DAG(s) dict_keys(['example_kubernetes_executor']) retrieved from /home/airflow/.local/lib/python3.6/site-packages/airflow/example_dags/example_kubernetes_executor.py
[2023-02-11 23:52:01,603] {logging_mixin.py:104} INFO - [2023-02-11 23:52:01,603] {dag.py:1818} INFO - Sync 1 DAGs
[2023-02-11 23:52:01,619] {logging_mixin.py:104} INFO - [2023-02-11 23:52:01,619] {dag.py:2273} INFO - Setting next_dagrun for example_kubernetes_executor to None
[2023-02-11 23:52:01,670] {scheduler_job.py:190} INFO - Processing /home/airflow/.local/lib/python3.6/site-packages/airflow/example_dags/example_kubernetes_executor.py took 0.099 seconds
[2023-02-11 23:52:31,716] {scheduler_job.py:182} INFO - Started process (PID=2264) to work on /home/airflow/.local/lib/python3.6/site-packages/airflow/example_dags/example_kubernetes_executor.py
[2023-02-11 23:52:31,717] {scheduler_job.py:629} INFO - Processing file /home/airflow/.local/lib/python3.6/site-packages/airflow/example_dags/example_kubernetes_executor.py for tasks to queue
[2023-02-11 23:52:31,718] {logging_mixin.py:104} INFO - [2023-02-11 23:52:31,718] {dagbag.py:448} INFO - Filling up the DagBag from /home/airflow/.local/lib/python3.6/site-packages/airflow/example_dags/example_kubernetes_executor.py
[2023-02-11 23:52:31,730] {scheduler_job.py:639} INFO - DAG(s) dict_keys(['example_kubernetes_executor']) retrieved from /home/airflow/.local/lib/python3.6/site-packages/airflow/example_dags/example_kubernetes_executor.py
[2023-02-11 23:52:31,749] {logging_mixin.py:104} INFO - [2023-02-11 23:52:31,749] {dag.py:1818} INFO - Sync 1 DAGs
[2023-02-11 23:52:31,762] {logging_mixin.py:104} INFO - [2023-02-11 23:52:31,762] {dag.py:2273} INFO - Setting next_dagrun for example_kubernetes_executor to None
[2023-02-11 23:52:31,785] {scheduler_job.py:190} INFO - Processing /home/airflow/.local/lib/python3.6/site-packages/airflow/example_dags/example_kubernetes_executor.py took 0.071 seconds
[2023-02-11 23:53:01,837] {scheduler_job.py:182} INFO - Started process (PID=2290) to work on /home/airflow/.local/lib/python3.6/site-packages/airflow/example_dags/example_kubernetes_executor.py
[2023-02-11 23:53:01,838] {scheduler_job.py:629} INFO - Processing file /home/airflow/.local/lib/python3.6/site-packages/airflow/example_dags/example_kubernetes_executor.py for tasks to queue
[2023-02-11 23:53:01,839] {logging_mixin.py:104} INFO - [2023-02-11 23:53:01,838] {dagbag.py:448} INFO - Filling up the DagBag from /home/airflow/.local/lib/python3.6/site-packages/airflow/example_dags/example_kubernetes_executor.py
[2023-02-11 23:53:01,850] {scheduler_job.py:639} INFO - DAG(s) dict_keys(['example_kubernetes_executor']) retrieved from /home/airflow/.local/lib/python3.6/site-packages/airflow/example_dags/example_kubernetes_executor.py
[2023-02-11 23:53:01,870] {logging_mixin.py:104} INFO - [2023-02-11 23:53:01,870] {dag.py:1818} INFO - Sync 1 DAGs
[2023-02-11 23:53:01,882] {logging_mixin.py:104} INFO - [2023-02-11 23:53:01,882] {dag.py:2273} INFO - Setting next_dagrun for example_kubernetes_executor to None
[2023-02-11 23:53:01,904] {scheduler_job.py:190} INFO - Processing /home/airflow/.local/lib/python3.6/site-packages/airflow/example_dags/example_kubernetes_executor.py took 0.069 seconds
