[2023-02-11 23:08:11,881] {scheduler_job.py:182} INFO - Started process (PID=65) to work on /home/airflow/.local/lib/python3.6/site-packages/airflow/example_dags/example_short_circuit_operator.py
[2023-02-11 23:08:11,881] {scheduler_job.py:629} INFO - Processing file /home/airflow/.local/lib/python3.6/site-packages/airflow/example_dags/example_short_circuit_operator.py for tasks to queue
[2023-02-11 23:08:11,882] {logging_mixin.py:104} INFO - [2023-02-11 23:08:11,882] {dagbag.py:448} INFO - Filling up the DagBag from /home/airflow/.local/lib/python3.6/site-packages/airflow/example_dags/example_short_circuit_operator.py
[2023-02-11 23:08:11,893] {scheduler_job.py:639} INFO - DAG(s) dict_keys(['example_short_circuit_operator']) retrieved from /home/airflow/.local/lib/python3.6/site-packages/airflow/example_dags/example_short_circuit_operator.py
[2023-02-11 23:08:11,912] {logging_mixin.py:104} INFO - [2023-02-11 23:08:11,912] {dag.py:1818} INFO - Sync 1 DAGs
[2023-02-11 23:08:11,922] {logging_mixin.py:104} INFO - [2023-02-11 23:08:11,922] {dag.py:1837} INFO - Creating ORM DAG for example_short_circuit_operator
[2023-02-11 23:08:11,928] {logging_mixin.py:104} INFO - [2023-02-11 23:08:11,928] {dag.py:2273} INFO - Setting next_dagrun for example_short_circuit_operator to 2023-02-09 00:00:00+00:00
[2023-02-11 23:08:11,982] {scheduler_job.py:190} INFO - Processing /home/airflow/.local/lib/python3.6/site-packages/airflow/example_dags/example_short_circuit_operator.py took 0.127 seconds
[2023-02-11 23:08:42,523] {scheduler_job.py:182} INFO - Started process (PID=86) to work on /home/airflow/.local/lib/python3.6/site-packages/airflow/example_dags/example_short_circuit_operator.py
[2023-02-11 23:08:42,524] {scheduler_job.py:629} INFO - Processing file /home/airflow/.local/lib/python3.6/site-packages/airflow/example_dags/example_short_circuit_operator.py for tasks to queue
[2023-02-11 23:08:42,525] {logging_mixin.py:104} INFO - [2023-02-11 23:08:42,525] {dagbag.py:448} INFO - Filling up the DagBag from /home/airflow/.local/lib/python3.6/site-packages/airflow/example_dags/example_short_circuit_operator.py
[2023-02-11 23:08:42,536] {scheduler_job.py:639} INFO - DAG(s) dict_keys(['example_short_circuit_operator']) retrieved from /home/airflow/.local/lib/python3.6/site-packages/airflow/example_dags/example_short_circuit_operator.py
[2023-02-11 23:08:42,554] {logging_mixin.py:104} INFO - [2023-02-11 23:08:42,554] {dag.py:1818} INFO - Sync 1 DAGs
[2023-02-11 23:08:42,568] {logging_mixin.py:104} INFO - [2023-02-11 23:08:42,568] {dag.py:2273} INFO - Setting next_dagrun for example_short_circuit_operator to 2023-02-09 00:00:00+00:00
[2023-02-11 23:08:42,597] {scheduler_job.py:190} INFO - Processing /home/airflow/.local/lib/python3.6/site-packages/airflow/example_dags/example_short_circuit_operator.py took 0.077 seconds
[2023-02-11 23:09:14,447] {scheduler_job.py:182} INFO - Started process (PID=117) to work on /home/airflow/.local/lib/python3.6/site-packages/airflow/example_dags/example_short_circuit_operator.py
[2023-02-11 23:09:14,448] {scheduler_job.py:629} INFO - Processing file /home/airflow/.local/lib/python3.6/site-packages/airflow/example_dags/example_short_circuit_operator.py for tasks to queue
[2023-02-11 23:09:14,449] {logging_mixin.py:104} INFO - [2023-02-11 23:09:14,449] {dagbag.py:448} INFO - Filling up the DagBag from /home/airflow/.local/lib/python3.6/site-packages/airflow/example_dags/example_short_circuit_operator.py
[2023-02-11 23:09:14,488] {scheduler_job.py:639} INFO - DAG(s) dict_keys(['example_short_circuit_operator']) retrieved from /home/airflow/.local/lib/python3.6/site-packages/airflow/example_dags/example_short_circuit_operator.py
[2023-02-11 23:09:14,515] {logging_mixin.py:104} INFO - [2023-02-11 23:09:14,515] {dag.py:1818} INFO - Sync 1 DAGs
[2023-02-11 23:09:14,532] {logging_mixin.py:104} INFO - [2023-02-11 23:09:14,532] {dag.py:2273} INFO - Setting next_dagrun for example_short_circuit_operator to 2023-02-09 00:00:00+00:00
[2023-02-11 23:09:14,563] {scheduler_job.py:190} INFO - Processing /home/airflow/.local/lib/python3.6/site-packages/airflow/example_dags/example_short_circuit_operator.py took 0.118 seconds
[2023-02-11 23:52:02,691] {scheduler_job.py:182} INFO - Started process (PID=2241) to work on /home/airflow/.local/lib/python3.6/site-packages/airflow/example_dags/example_short_circuit_operator.py
[2023-02-11 23:52:02,691] {scheduler_job.py:629} INFO - Processing file /home/airflow/.local/lib/python3.6/site-packages/airflow/example_dags/example_short_circuit_operator.py for tasks to queue
[2023-02-11 23:52:02,692] {logging_mixin.py:104} INFO - [2023-02-11 23:52:02,692] {dagbag.py:448} INFO - Filling up the DagBag from /home/airflow/.local/lib/python3.6/site-packages/airflow/example_dags/example_short_circuit_operator.py
[2023-02-11 23:52:02,702] {scheduler_job.py:639} INFO - DAG(s) dict_keys(['example_short_circuit_operator']) retrieved from /home/airflow/.local/lib/python3.6/site-packages/airflow/example_dags/example_short_circuit_operator.py
[2023-02-11 23:52:02,721] {logging_mixin.py:104} INFO - [2023-02-11 23:52:02,721] {dag.py:1818} INFO - Sync 1 DAGs
[2023-02-11 23:52:02,734] {logging_mixin.py:104} INFO - [2023-02-11 23:52:02,734] {dag.py:2273} INFO - Setting next_dagrun for example_short_circuit_operator to 2023-02-09 00:00:00+00:00
[2023-02-11 23:52:02,784] {scheduler_job.py:190} INFO - Processing /home/airflow/.local/lib/python3.6/site-packages/airflow/example_dags/example_short_circuit_operator.py took 0.096 seconds
[2023-02-11 23:52:32,808] {scheduler_job.py:182} INFO - Started process (PID=2267) to work on /home/airflow/.local/lib/python3.6/site-packages/airflow/example_dags/example_short_circuit_operator.py
[2023-02-11 23:52:32,809] {scheduler_job.py:629} INFO - Processing file /home/airflow/.local/lib/python3.6/site-packages/airflow/example_dags/example_short_circuit_operator.py for tasks to queue
[2023-02-11 23:52:32,810] {logging_mixin.py:104} INFO - [2023-02-11 23:52:32,809] {dagbag.py:448} INFO - Filling up the DagBag from /home/airflow/.local/lib/python3.6/site-packages/airflow/example_dags/example_short_circuit_operator.py
[2023-02-11 23:52:32,821] {scheduler_job.py:639} INFO - DAG(s) dict_keys(['example_short_circuit_operator']) retrieved from /home/airflow/.local/lib/python3.6/site-packages/airflow/example_dags/example_short_circuit_operator.py
[2023-02-11 23:52:32,849] {logging_mixin.py:104} INFO - [2023-02-11 23:52:32,849] {dag.py:1818} INFO - Sync 1 DAGs
[2023-02-11 23:52:32,862] {logging_mixin.py:104} INFO - [2023-02-11 23:52:32,862] {dag.py:2273} INFO - Setting next_dagrun for example_short_circuit_operator to 2023-02-09 00:00:00+00:00
[2023-02-11 23:52:32,898] {scheduler_job.py:190} INFO - Processing /home/airflow/.local/lib/python3.6/site-packages/airflow/example_dags/example_short_circuit_operator.py took 0.092 seconds
[2023-02-11 23:53:02,922] {scheduler_job.py:182} INFO - Started process (PID=2292) to work on /home/airflow/.local/lib/python3.6/site-packages/airflow/example_dags/example_short_circuit_operator.py
[2023-02-11 23:53:02,923] {scheduler_job.py:629} INFO - Processing file /home/airflow/.local/lib/python3.6/site-packages/airflow/example_dags/example_short_circuit_operator.py for tasks to queue
[2023-02-11 23:53:02,924] {logging_mixin.py:104} INFO - [2023-02-11 23:53:02,923] {dagbag.py:448} INFO - Filling up the DagBag from /home/airflow/.local/lib/python3.6/site-packages/airflow/example_dags/example_short_circuit_operator.py
[2023-02-11 23:53:02,934] {scheduler_job.py:639} INFO - DAG(s) dict_keys(['example_short_circuit_operator']) retrieved from /home/airflow/.local/lib/python3.6/site-packages/airflow/example_dags/example_short_circuit_operator.py
[2023-02-11 23:53:02,952] {logging_mixin.py:104} INFO - [2023-02-11 23:53:02,951] {dag.py:1818} INFO - Sync 1 DAGs
[2023-02-11 23:53:02,964] {logging_mixin.py:104} INFO - [2023-02-11 23:53:02,964] {dag.py:2273} INFO - Setting next_dagrun for example_short_circuit_operator to 2023-02-09 00:00:00+00:00
[2023-02-11 23:53:02,985] {scheduler_job.py:190} INFO - Processing /home/airflow/.local/lib/python3.6/site-packages/airflow/example_dags/example_short_circuit_operator.py took 0.065 seconds
