[2023-02-11 23:08:12,427] {scheduler_job.py:182} INFO - Started process (PID=73) to work on /home/airflow/.local/lib/python3.6/site-packages/airflow/example_dags/tutorial_taskflow_api_etl.py
[2023-02-11 23:08:12,428] {scheduler_job.py:629} INFO - Processing file /home/airflow/.local/lib/python3.6/site-packages/airflow/example_dags/tutorial_taskflow_api_etl.py for tasks to queue
[2023-02-11 23:08:12,428] {logging_mixin.py:104} INFO - [2023-02-11 23:08:12,428] {dagbag.py:448} INFO - Filling up the DagBag from /home/airflow/.local/lib/python3.6/site-packages/airflow/example_dags/tutorial_taskflow_api_etl.py
[2023-02-11 23:08:12,440] {scheduler_job.py:639} INFO - DAG(s) dict_keys(['tutorial_taskflow_api_etl']) retrieved from /home/airflow/.local/lib/python3.6/site-packages/airflow/example_dags/tutorial_taskflow_api_etl.py
[2023-02-11 23:08:12,492] {logging_mixin.py:104} INFO - [2023-02-11 23:08:12,492] {dag.py:1818} INFO - Sync 1 DAGs
[2023-02-11 23:08:12,503] {logging_mixin.py:104} INFO - [2023-02-11 23:08:12,503] {dag.py:1837} INFO - Creating ORM DAG for tutorial_taskflow_api_etl
[2023-02-11 23:08:12,508] {logging_mixin.py:104} INFO - [2023-02-11 23:08:12,507] {dag.py:2273} INFO - Setting next_dagrun for tutorial_taskflow_api_etl to None
[2023-02-11 23:08:12,534] {scheduler_job.py:190} INFO - Processing /home/airflow/.local/lib/python3.6/site-packages/airflow/example_dags/tutorial_taskflow_api_etl.py took 0.110 seconds
[2023-02-11 23:08:43,149] {scheduler_job.py:182} INFO - Started process (PID=100) to work on /home/airflow/.local/lib/python3.6/site-packages/airflow/example_dags/tutorial_taskflow_api_etl.py
[2023-02-11 23:08:43,149] {scheduler_job.py:629} INFO - Processing file /home/airflow/.local/lib/python3.6/site-packages/airflow/example_dags/tutorial_taskflow_api_etl.py for tasks to queue
[2023-02-11 23:08:43,150] {logging_mixin.py:104} INFO - [2023-02-11 23:08:43,150] {dagbag.py:448} INFO - Filling up the DagBag from /home/airflow/.local/lib/python3.6/site-packages/airflow/example_dags/tutorial_taskflow_api_etl.py
[2023-02-11 23:08:43,161] {scheduler_job.py:639} INFO - DAG(s) dict_keys(['tutorial_taskflow_api_etl']) retrieved from /home/airflow/.local/lib/python3.6/site-packages/airflow/example_dags/tutorial_taskflow_api_etl.py
[2023-02-11 23:08:43,181] {logging_mixin.py:104} INFO - [2023-02-11 23:08:43,181] {dag.py:1818} INFO - Sync 1 DAGs
[2023-02-11 23:08:43,195] {logging_mixin.py:104} INFO - [2023-02-11 23:08:43,195] {dag.py:2273} INFO - Setting next_dagrun for tutorial_taskflow_api_etl to None
[2023-02-11 23:08:43,223] {scheduler_job.py:190} INFO - Processing /home/airflow/.local/lib/python3.6/site-packages/airflow/example_dags/tutorial_taskflow_api_etl.py took 0.077 seconds
[2023-02-11 23:09:14,823] {scheduler_job.py:182} INFO - Started process (PID=125) to work on /home/airflow/.local/lib/python3.6/site-packages/airflow/example_dags/tutorial_taskflow_api_etl.py
[2023-02-11 23:09:14,824] {scheduler_job.py:629} INFO - Processing file /home/airflow/.local/lib/python3.6/site-packages/airflow/example_dags/tutorial_taskflow_api_etl.py for tasks to queue
[2023-02-11 23:09:14,825] {logging_mixin.py:104} INFO - [2023-02-11 23:09:14,824] {dagbag.py:448} INFO - Filling up the DagBag from /home/airflow/.local/lib/python3.6/site-packages/airflow/example_dags/tutorial_taskflow_api_etl.py
[2023-02-11 23:09:14,836] {scheduler_job.py:639} INFO - DAG(s) dict_keys(['tutorial_taskflow_api_etl']) retrieved from /home/airflow/.local/lib/python3.6/site-packages/airflow/example_dags/tutorial_taskflow_api_etl.py
[2023-02-11 23:09:14,862] {logging_mixin.py:104} INFO - [2023-02-11 23:09:14,861] {dag.py:1818} INFO - Sync 1 DAGs
[2023-02-11 23:09:14,875] {logging_mixin.py:104} INFO - [2023-02-11 23:09:14,875] {dag.py:2273} INFO - Setting next_dagrun for tutorial_taskflow_api_etl to None
[2023-02-11 23:09:14,899] {scheduler_job.py:190} INFO - Processing /home/airflow/.local/lib/python3.6/site-packages/airflow/example_dags/tutorial_taskflow_api_etl.py took 0.078 seconds
[2023-02-11 23:52:06,312] {scheduler_job.py:182} INFO - Started process (PID=2256) to work on /home/airflow/.local/lib/python3.6/site-packages/airflow/example_dags/tutorial_taskflow_api_etl.py
[2023-02-11 23:52:06,313] {scheduler_job.py:629} INFO - Processing file /home/airflow/.local/lib/python3.6/site-packages/airflow/example_dags/tutorial_taskflow_api_etl.py for tasks to queue
[2023-02-11 23:52:06,313] {logging_mixin.py:104} INFO - [2023-02-11 23:52:06,313] {dagbag.py:448} INFO - Filling up the DagBag from /home/airflow/.local/lib/python3.6/site-packages/airflow/example_dags/tutorial_taskflow_api_etl.py
[2023-02-11 23:52:06,325] {scheduler_job.py:639} INFO - DAG(s) dict_keys(['tutorial_taskflow_api_etl']) retrieved from /home/airflow/.local/lib/python3.6/site-packages/airflow/example_dags/tutorial_taskflow_api_etl.py
[2023-02-11 23:52:06,346] {logging_mixin.py:104} INFO - [2023-02-11 23:52:06,345] {dag.py:1818} INFO - Sync 1 DAGs
[2023-02-11 23:52:06,357] {logging_mixin.py:104} INFO - [2023-02-11 23:52:06,357] {dag.py:2273} INFO - Setting next_dagrun for tutorial_taskflow_api_etl to None
[2023-02-11 23:52:06,378] {scheduler_job.py:190} INFO - Processing /home/airflow/.local/lib/python3.6/site-packages/airflow/example_dags/tutorial_taskflow_api_etl.py took 0.068 seconds
[2023-02-11 23:52:36,422] {scheduler_job.py:182} INFO - Started process (PID=2282) to work on /home/airflow/.local/lib/python3.6/site-packages/airflow/example_dags/tutorial_taskflow_api_etl.py
[2023-02-11 23:52:36,423] {scheduler_job.py:629} INFO - Processing file /home/airflow/.local/lib/python3.6/site-packages/airflow/example_dags/tutorial_taskflow_api_etl.py for tasks to queue
[2023-02-11 23:52:36,424] {logging_mixin.py:104} INFO - [2023-02-11 23:52:36,424] {dagbag.py:448} INFO - Filling up the DagBag from /home/airflow/.local/lib/python3.6/site-packages/airflow/example_dags/tutorial_taskflow_api_etl.py
[2023-02-11 23:52:36,434] {scheduler_job.py:639} INFO - DAG(s) dict_keys(['tutorial_taskflow_api_etl']) retrieved from /home/airflow/.local/lib/python3.6/site-packages/airflow/example_dags/tutorial_taskflow_api_etl.py
[2023-02-11 23:52:36,454] {logging_mixin.py:104} INFO - [2023-02-11 23:52:36,454] {dag.py:1818} INFO - Sync 1 DAGs
[2023-02-11 23:52:36,467] {logging_mixin.py:104} INFO - [2023-02-11 23:52:36,466] {dag.py:2273} INFO - Setting next_dagrun for tutorial_taskflow_api_etl to None
[2023-02-11 23:52:36,489] {scheduler_job.py:190} INFO - Processing /home/airflow/.local/lib/python3.6/site-packages/airflow/example_dags/tutorial_taskflow_api_etl.py took 0.069 seconds
[2023-02-11 23:53:06,636] {scheduler_job.py:182} INFO - Started process (PID=2307) to work on /home/airflow/.local/lib/python3.6/site-packages/airflow/example_dags/tutorial_taskflow_api_etl.py
[2023-02-11 23:53:06,637] {scheduler_job.py:629} INFO - Processing file /home/airflow/.local/lib/python3.6/site-packages/airflow/example_dags/tutorial_taskflow_api_etl.py for tasks to queue
[2023-02-11 23:53:06,638] {logging_mixin.py:104} INFO - [2023-02-11 23:53:06,638] {dagbag.py:448} INFO - Filling up the DagBag from /home/airflow/.local/lib/python3.6/site-packages/airflow/example_dags/tutorial_taskflow_api_etl.py
[2023-02-11 23:53:06,650] {scheduler_job.py:639} INFO - DAG(s) dict_keys(['tutorial_taskflow_api_etl']) retrieved from /home/airflow/.local/lib/python3.6/site-packages/airflow/example_dags/tutorial_taskflow_api_etl.py
[2023-02-11 23:53:06,669] {logging_mixin.py:104} INFO - [2023-02-11 23:53:06,669] {dag.py:1818} INFO - Sync 1 DAGs
[2023-02-11 23:53:06,682] {logging_mixin.py:104} INFO - [2023-02-11 23:53:06,682] {dag.py:2273} INFO - Setting next_dagrun for tutorial_taskflow_api_etl to None
[2023-02-11 23:53:06,706] {scheduler_job.py:190} INFO - Processing /home/airflow/.local/lib/python3.6/site-packages/airflow/example_dags/tutorial_taskflow_api_etl.py took 0.073 seconds
