[2023-02-11 23:08:11,235] {scheduler_job.py:182} INFO - Started process (PID=58) to work on /home/airflow/.local/lib/python3.6/site-packages/airflow/example_dags/tutorial_etl_dag.py
[2023-02-11 23:08:11,236] {scheduler_job.py:629} INFO - Processing file /home/airflow/.local/lib/python3.6/site-packages/airflow/example_dags/tutorial_etl_dag.py for tasks to queue
[2023-02-11 23:08:11,236] {logging_mixin.py:104} INFO - [2023-02-11 23:08:11,236] {dagbag.py:448} INFO - Filling up the DagBag from /home/airflow/.local/lib/python3.6/site-packages/airflow/example_dags/tutorial_etl_dag.py
[2023-02-11 23:08:11,247] {scheduler_job.py:639} INFO - DAG(s) dict_keys(['tutorial_etl_dag']) retrieved from /home/airflow/.local/lib/python3.6/site-packages/airflow/example_dags/tutorial_etl_dag.py
[2023-02-11 23:08:11,300] {logging_mixin.py:104} INFO - [2023-02-11 23:08:11,300] {dag.py:1818} INFO - Sync 1 DAGs
[2023-02-11 23:08:11,308] {logging_mixin.py:104} INFO - [2023-02-11 23:08:11,308] {dag.py:1837} INFO - Creating ORM DAG for tutorial_etl_dag
[2023-02-11 23:08:11,313] {logging_mixin.py:104} INFO - [2023-02-11 23:08:11,313] {dag.py:2273} INFO - Setting next_dagrun for tutorial_etl_dag to None
[2023-02-11 23:08:11,346] {scheduler_job.py:190} INFO - Processing /home/airflow/.local/lib/python3.6/site-packages/airflow/example_dags/tutorial_etl_dag.py took 0.114 seconds
[2023-02-11 23:08:41,408] {scheduler_job.py:182} INFO - Started process (PID=84) to work on /home/airflow/.local/lib/python3.6/site-packages/airflow/example_dags/tutorial_etl_dag.py
[2023-02-11 23:08:41,409] {scheduler_job.py:629} INFO - Processing file /home/airflow/.local/lib/python3.6/site-packages/airflow/example_dags/tutorial_etl_dag.py for tasks to queue
[2023-02-11 23:08:41,409] {logging_mixin.py:104} INFO - [2023-02-11 23:08:41,409] {dagbag.py:448} INFO - Filling up the DagBag from /home/airflow/.local/lib/python3.6/site-packages/airflow/example_dags/tutorial_etl_dag.py
[2023-02-11 23:08:41,418] {scheduler_job.py:639} INFO - DAG(s) dict_keys(['tutorial_etl_dag']) retrieved from /home/airflow/.local/lib/python3.6/site-packages/airflow/example_dags/tutorial_etl_dag.py
[2023-02-11 23:08:41,437] {logging_mixin.py:104} INFO - [2023-02-11 23:08:41,436] {dag.py:1818} INFO - Sync 1 DAGs
[2023-02-11 23:08:41,448] {logging_mixin.py:104} INFO - [2023-02-11 23:08:41,448] {dag.py:2273} INFO - Setting next_dagrun for tutorial_etl_dag to None
[2023-02-11 23:08:41,481] {scheduler_job.py:190} INFO - Processing /home/airflow/.local/lib/python3.6/site-packages/airflow/example_dags/tutorial_etl_dag.py took 0.075 seconds
[2023-02-11 23:09:12,100] {scheduler_job.py:182} INFO - Started process (PID=109) to work on /home/airflow/.local/lib/python3.6/site-packages/airflow/example_dags/tutorial_etl_dag.py
[2023-02-11 23:09:12,101] {scheduler_job.py:629} INFO - Processing file /home/airflow/.local/lib/python3.6/site-packages/airflow/example_dags/tutorial_etl_dag.py for tasks to queue
[2023-02-11 23:09:12,102] {logging_mixin.py:104} INFO - [2023-02-11 23:09:12,102] {dagbag.py:448} INFO - Filling up the DagBag from /home/airflow/.local/lib/python3.6/site-packages/airflow/example_dags/tutorial_etl_dag.py
[2023-02-11 23:09:12,121] {scheduler_job.py:639} INFO - DAG(s) dict_keys(['tutorial_etl_dag']) retrieved from /home/airflow/.local/lib/python3.6/site-packages/airflow/example_dags/tutorial_etl_dag.py
[2023-02-11 23:09:12,149] {logging_mixin.py:104} INFO - [2023-02-11 23:09:12,149] {dag.py:1818} INFO - Sync 1 DAGs
[2023-02-11 23:09:12,164] {logging_mixin.py:104} INFO - [2023-02-11 23:09:12,164] {dag.py:2273} INFO - Setting next_dagrun for tutorial_etl_dag to None
[2023-02-11 23:09:13,941] {scheduler_job.py:190} INFO - Processing /home/airflow/.local/lib/python3.6/site-packages/airflow/example_dags/tutorial_etl_dag.py took 1.846 seconds
[2023-02-11 23:09:44,731] {scheduler_job.py:182} INFO - Started process (PID=138) to work on /home/airflow/.local/lib/python3.6/site-packages/airflow/example_dags/tutorial_etl_dag.py
[2023-02-11 23:09:44,741] {scheduler_job.py:629} INFO - Processing file /home/airflow/.local/lib/python3.6/site-packages/airflow/example_dags/tutorial_etl_dag.py for tasks to queue
[2023-02-11 23:09:44,784] {logging_mixin.py:104} INFO - [2023-02-11 23:09:44,784] {dagbag.py:448} INFO - Filling up the DagBag from /home/airflow/.local/lib/python3.6/site-packages/airflow/example_dags/tutorial_etl_dag.py
[2023-02-11 23:09:44,803] {scheduler_job.py:639} INFO - DAG(s) dict_keys(['tutorial_etl_dag']) retrieved from /home/airflow/.local/lib/python3.6/site-packages/airflow/example_dags/tutorial_etl_dag.py
[2023-02-11 23:09:44,948] {logging_mixin.py:104} INFO - [2023-02-11 23:09:44,948] {dag.py:1818} INFO - Sync 1 DAGs
[2023-02-11 23:09:44,984] {logging_mixin.py:104} INFO - [2023-02-11 23:09:44,984] {dag.py:2273} INFO - Setting next_dagrun for tutorial_etl_dag to None
[2023-02-11 23:52:05,096] {scheduler_job.py:182} INFO - Started process (PID=2250) to work on /home/airflow/.local/lib/python3.6/site-packages/airflow/example_dags/tutorial_etl_dag.py
[2023-02-11 23:52:05,097] {scheduler_job.py:629} INFO - Processing file /home/airflow/.local/lib/python3.6/site-packages/airflow/example_dags/tutorial_etl_dag.py for tasks to queue
[2023-02-11 23:52:05,097] {logging_mixin.py:104} INFO - [2023-02-11 23:52:05,097] {dagbag.py:448} INFO - Filling up the DagBag from /home/airflow/.local/lib/python3.6/site-packages/airflow/example_dags/tutorial_etl_dag.py
[2023-02-11 23:52:05,106] {scheduler_job.py:639} INFO - DAG(s) dict_keys(['tutorial_etl_dag']) retrieved from /home/airflow/.local/lib/python3.6/site-packages/airflow/example_dags/tutorial_etl_dag.py
[2023-02-11 23:52:05,124] {logging_mixin.py:104} INFO - [2023-02-11 23:52:05,124] {dag.py:1818} INFO - Sync 1 DAGs
[2023-02-11 23:52:05,138] {logging_mixin.py:104} INFO - [2023-02-11 23:52:05,138] {dag.py:2273} INFO - Setting next_dagrun for tutorial_etl_dag to None
[2023-02-11 23:52:05,161] {scheduler_job.py:190} INFO - Processing /home/airflow/.local/lib/python3.6/site-packages/airflow/example_dags/tutorial_etl_dag.py took 0.067 seconds
[2023-02-11 23:52:35,239] {scheduler_job.py:182} INFO - Started process (PID=2276) to work on /home/airflow/.local/lib/python3.6/site-packages/airflow/example_dags/tutorial_etl_dag.py
[2023-02-11 23:52:35,240] {scheduler_job.py:629} INFO - Processing file /home/airflow/.local/lib/python3.6/site-packages/airflow/example_dags/tutorial_etl_dag.py for tasks to queue
[2023-02-11 23:52:35,240] {logging_mixin.py:104} INFO - [2023-02-11 23:52:35,240] {dagbag.py:448} INFO - Filling up the DagBag from /home/airflow/.local/lib/python3.6/site-packages/airflow/example_dags/tutorial_etl_dag.py
[2023-02-11 23:52:35,251] {scheduler_job.py:639} INFO - DAG(s) dict_keys(['tutorial_etl_dag']) retrieved from /home/airflow/.local/lib/python3.6/site-packages/airflow/example_dags/tutorial_etl_dag.py
[2023-02-11 23:52:35,269] {logging_mixin.py:104} INFO - [2023-02-11 23:52:35,269] {dag.py:1818} INFO - Sync 1 DAGs
[2023-02-11 23:52:35,283] {logging_mixin.py:104} INFO - [2023-02-11 23:52:35,283] {dag.py:2273} INFO - Setting next_dagrun for tutorial_etl_dag to None
[2023-02-11 23:52:35,303] {scheduler_job.py:190} INFO - Processing /home/airflow/.local/lib/python3.6/site-packages/airflow/example_dags/tutorial_etl_dag.py took 0.066 seconds
[2023-02-11 23:53:05,405] {scheduler_job.py:182} INFO - Started process (PID=2302) to work on /home/airflow/.local/lib/python3.6/site-packages/airflow/example_dags/tutorial_etl_dag.py
[2023-02-11 23:53:05,406] {scheduler_job.py:629} INFO - Processing file /home/airflow/.local/lib/python3.6/site-packages/airflow/example_dags/tutorial_etl_dag.py for tasks to queue
[2023-02-11 23:53:05,407] {logging_mixin.py:104} INFO - [2023-02-11 23:53:05,407] {dagbag.py:448} INFO - Filling up the DagBag from /home/airflow/.local/lib/python3.6/site-packages/airflow/example_dags/tutorial_etl_dag.py
[2023-02-11 23:53:05,418] {scheduler_job.py:639} INFO - DAG(s) dict_keys(['tutorial_etl_dag']) retrieved from /home/airflow/.local/lib/python3.6/site-packages/airflow/example_dags/tutorial_etl_dag.py
[2023-02-11 23:53:05,437] {logging_mixin.py:104} INFO - [2023-02-11 23:53:05,437] {dag.py:1818} INFO - Sync 1 DAGs
[2023-02-11 23:53:05,450] {logging_mixin.py:104} INFO - [2023-02-11 23:53:05,450] {dag.py:2273} INFO - Setting next_dagrun for tutorial_etl_dag to None
[2023-02-11 23:53:05,509] {scheduler_job.py:190} INFO - Processing /home/airflow/.local/lib/python3.6/site-packages/airflow/example_dags/tutorial_etl_dag.py took 0.106 seconds
