[2023-02-11 23:08:10,830] {scheduler_job.py:182} INFO - Started process (PID=53) to work on /home/airflow/.local/lib/python3.6/site-packages/airflow/example_dags/tutorial.py
[2023-02-11 23:08:10,832] {scheduler_job.py:629} INFO - Processing file /home/airflow/.local/lib/python3.6/site-packages/airflow/example_dags/tutorial.py for tasks to queue
[2023-02-11 23:08:10,832] {logging_mixin.py:104} INFO - [2023-02-11 23:08:10,832] {dagbag.py:448} INFO - Filling up the DagBag from /home/airflow/.local/lib/python3.6/site-packages/airflow/example_dags/tutorial.py
[2023-02-11 23:08:10,896] {scheduler_job.py:639} INFO - DAG(s) dict_keys(['tutorial']) retrieved from /home/airflow/.local/lib/python3.6/site-packages/airflow/example_dags/tutorial.py
[2023-02-11 23:08:10,930] {logging_mixin.py:104} INFO - [2023-02-11 23:08:10,930] {dag.py:1818} INFO - Sync 1 DAGs
[2023-02-11 23:08:10,982] {logging_mixin.py:104} INFO - [2023-02-11 23:08:10,982] {dag.py:1837} INFO - Creating ORM DAG for tutorial
[2023-02-11 23:08:10,988] {logging_mixin.py:104} INFO - [2023-02-11 23:08:10,988] {dag.py:2273} INFO - Setting next_dagrun for tutorial to 2023-02-09 00:00:00+00:00
[2023-02-11 23:08:11,023] {scheduler_job.py:190} INFO - Processing /home/airflow/.local/lib/python3.6/site-packages/airflow/example_dags/tutorial.py took 0.197 seconds
[2023-02-11 23:08:41,119] {scheduler_job.py:182} INFO - Started process (PID=79) to work on /home/airflow/.local/lib/python3.6/site-packages/airflow/example_dags/tutorial.py
[2023-02-11 23:08:41,120] {scheduler_job.py:629} INFO - Processing file /home/airflow/.local/lib/python3.6/site-packages/airflow/example_dags/tutorial.py for tasks to queue
[2023-02-11 23:08:41,120] {logging_mixin.py:104} INFO - [2023-02-11 23:08:41,120] {dagbag.py:448} INFO - Filling up the DagBag from /home/airflow/.local/lib/python3.6/site-packages/airflow/example_dags/tutorial.py
[2023-02-11 23:08:41,128] {scheduler_job.py:639} INFO - DAG(s) dict_keys(['tutorial']) retrieved from /home/airflow/.local/lib/python3.6/site-packages/airflow/example_dags/tutorial.py
[2023-02-11 23:08:41,147] {logging_mixin.py:104} INFO - [2023-02-11 23:08:41,147] {dag.py:1818} INFO - Sync 1 DAGs
[2023-02-11 23:08:41,160] {logging_mixin.py:104} INFO - [2023-02-11 23:08:41,160] {dag.py:2273} INFO - Setting next_dagrun for tutorial to 2023-02-09 00:00:00+00:00
[2023-02-11 23:08:41,179] {scheduler_job.py:190} INFO - Processing /home/airflow/.local/lib/python3.6/site-packages/airflow/example_dags/tutorial.py took 0.062 seconds
[2023-02-11 23:09:11,405] {scheduler_job.py:182} INFO - Started process (PID=105) to work on /home/airflow/.local/lib/python3.6/site-packages/airflow/example_dags/tutorial.py
[2023-02-11 23:09:11,405] {scheduler_job.py:629} INFO - Processing file /home/airflow/.local/lib/python3.6/site-packages/airflow/example_dags/tutorial.py for tasks to queue
[2023-02-11 23:09:11,406] {logging_mixin.py:104} INFO - [2023-02-11 23:09:11,406] {dagbag.py:448} INFO - Filling up the DagBag from /home/airflow/.local/lib/python3.6/site-packages/airflow/example_dags/tutorial.py
[2023-02-11 23:09:11,414] {scheduler_job.py:639} INFO - DAG(s) dict_keys(['tutorial']) retrieved from /home/airflow/.local/lib/python3.6/site-packages/airflow/example_dags/tutorial.py
[2023-02-11 23:09:11,435] {logging_mixin.py:104} INFO - [2023-02-11 23:09:11,435] {dag.py:1818} INFO - Sync 1 DAGs
[2023-02-11 23:09:11,452] {logging_mixin.py:104} INFO - [2023-02-11 23:09:11,452] {dag.py:2273} INFO - Setting next_dagrun for tutorial to 2023-02-09 00:00:00+00:00
[2023-02-11 23:09:11,471] {scheduler_job.py:190} INFO - Processing /home/airflow/.local/lib/python3.6/site-packages/airflow/example_dags/tutorial.py took 0.069 seconds
[2023-02-11 23:09:42,231] {scheduler_job.py:182} INFO - Started process (PID=131) to work on /home/airflow/.local/lib/python3.6/site-packages/airflow/example_dags/tutorial.py
[2023-02-11 23:09:42,232] {scheduler_job.py:629} INFO - Processing file /home/airflow/.local/lib/python3.6/site-packages/airflow/example_dags/tutorial.py for tasks to queue
[2023-02-11 23:09:42,233] {logging_mixin.py:104} INFO - [2023-02-11 23:09:42,233] {dagbag.py:448} INFO - Filling up the DagBag from /home/airflow/.local/lib/python3.6/site-packages/airflow/example_dags/tutorial.py
[2023-02-11 23:09:42,241] {scheduler_job.py:639} INFO - DAG(s) dict_keys(['tutorial']) retrieved from /home/airflow/.local/lib/python3.6/site-packages/airflow/example_dags/tutorial.py
[2023-02-11 23:09:42,260] {logging_mixin.py:104} INFO - [2023-02-11 23:09:42,260] {dag.py:1818} INFO - Sync 1 DAGs
[2023-02-11 23:09:42,272] {logging_mixin.py:104} INFO - [2023-02-11 23:09:42,272] {dag.py:2273} INFO - Setting next_dagrun for tutorial to 2023-02-09 00:00:00+00:00
[2023-02-11 23:09:42,318] {scheduler_job.py:190} INFO - Processing /home/airflow/.local/lib/python3.6/site-packages/airflow/example_dags/tutorial.py took 0.089 seconds
[2023-02-11 23:51:59,552] {scheduler_job.py:182} INFO - Started process (PID=2237) to work on /home/airflow/.local/lib/python3.6/site-packages/airflow/example_dags/tutorial.py
[2023-02-11 23:51:59,553] {scheduler_job.py:629} INFO - Processing file /home/airflow/.local/lib/python3.6/site-packages/airflow/example_dags/tutorial.py for tasks to queue
[2023-02-11 23:51:59,554] {logging_mixin.py:104} INFO - [2023-02-11 23:51:59,554] {dagbag.py:448} INFO - Filling up the DagBag from /home/airflow/.local/lib/python3.6/site-packages/airflow/example_dags/tutorial.py
[2023-02-11 23:51:59,562] {scheduler_job.py:639} INFO - DAG(s) dict_keys(['tutorial']) retrieved from /home/airflow/.local/lib/python3.6/site-packages/airflow/example_dags/tutorial.py
[2023-02-11 23:51:59,580] {logging_mixin.py:104} INFO - [2023-02-11 23:51:59,580] {dag.py:1818} INFO - Sync 1 DAGs
[2023-02-11 23:51:59,592] {logging_mixin.py:104} INFO - [2023-02-11 23:51:59,592] {dag.py:2273} INFO - Setting next_dagrun for tutorial to 2023-02-09 00:00:00+00:00
[2023-02-11 23:51:59,616] {scheduler_job.py:190} INFO - Processing /home/airflow/.local/lib/python3.6/site-packages/airflow/example_dags/tutorial.py took 0.066 seconds
[2023-02-11 23:52:29,697] {scheduler_job.py:182} INFO - Started process (PID=2263) to work on /home/airflow/.local/lib/python3.6/site-packages/airflow/example_dags/tutorial.py
[2023-02-11 23:52:29,697] {scheduler_job.py:629} INFO - Processing file /home/airflow/.local/lib/python3.6/site-packages/airflow/example_dags/tutorial.py for tasks to queue
[2023-02-11 23:52:29,698] {logging_mixin.py:104} INFO - [2023-02-11 23:52:29,698] {dagbag.py:448} INFO - Filling up the DagBag from /home/airflow/.local/lib/python3.6/site-packages/airflow/example_dags/tutorial.py
[2023-02-11 23:52:29,705] {scheduler_job.py:639} INFO - DAG(s) dict_keys(['tutorial']) retrieved from /home/airflow/.local/lib/python3.6/site-packages/airflow/example_dags/tutorial.py
[2023-02-11 23:52:29,722] {logging_mixin.py:104} INFO - [2023-02-11 23:52:29,722] {dag.py:1818} INFO - Sync 1 DAGs
[2023-02-11 23:52:29,734] {logging_mixin.py:104} INFO - [2023-02-11 23:52:29,734] {dag.py:2273} INFO - Setting next_dagrun for tutorial to 2023-02-09 00:00:00+00:00
[2023-02-11 23:52:29,753] {scheduler_job.py:190} INFO - Processing /home/airflow/.local/lib/python3.6/site-packages/airflow/example_dags/tutorial.py took 0.059 seconds
[2023-02-11 23:52:59,770] {scheduler_job.py:182} INFO - Started process (PID=2289) to work on /home/airflow/.local/lib/python3.6/site-packages/airflow/example_dags/tutorial.py
[2023-02-11 23:52:59,771] {scheduler_job.py:629} INFO - Processing file /home/airflow/.local/lib/python3.6/site-packages/airflow/example_dags/tutorial.py for tasks to queue
[2023-02-11 23:52:59,771] {logging_mixin.py:104} INFO - [2023-02-11 23:52:59,771] {dagbag.py:448} INFO - Filling up the DagBag from /home/airflow/.local/lib/python3.6/site-packages/airflow/example_dags/tutorial.py
[2023-02-11 23:52:59,779] {scheduler_job.py:639} INFO - DAG(s) dict_keys(['tutorial']) retrieved from /home/airflow/.local/lib/python3.6/site-packages/airflow/example_dags/tutorial.py
[2023-02-11 23:52:59,799] {logging_mixin.py:104} INFO - [2023-02-11 23:52:59,799] {dag.py:1818} INFO - Sync 1 DAGs
[2023-02-11 23:52:59,812] {logging_mixin.py:104} INFO - [2023-02-11 23:52:59,812] {dag.py:2273} INFO - Setting next_dagrun for tutorial to 2023-02-09 00:00:00+00:00
[2023-02-11 23:52:59,832] {scheduler_job.py:190} INFO - Processing /home/airflow/.local/lib/python3.6/site-packages/airflow/example_dags/tutorial.py took 0.064 seconds
